<html>
<head>
<title>TestNG:  Default test</title>
<link href="../testng.css" rel="stylesheet" type="text/css" />
<link href="../my-testng.css" rel="stylesheet" type="text/css" />

<style type="text/css">
.log { display: none;} 
.stack-trace { display: none;} 
</style>
<script type="text/javascript">
<!--
function flip(e) {
  current = e.style.display;
  if (current == 'block') {
    e.style.display = 'none';
    return 0;
  }
  else {
    e.style.display = 'block';
    return 1;
  }
}

function toggleBox(szDivId, elem, msg1, msg2)
{
  var res = -1;  if (document.getElementById) {
    res = flip(document.getElementById(szDivId));
  }
  else if (document.all) {
    // this is the way old msie versions work
    res = flip(document.all[szDivId]);
  }
  if(elem) {
    if(res == 0) elem.innerHTML = msg1; else elem.innerHTML = msg2;
  }

}

function toggleAllBoxes() {
  if (document.getElementsByTagName) {
    d = document.getElementsByTagName('div');
    for (i = 0; i < d.length; i++) {
      if (d[i].className == 'log') {
        flip(d[i]);
      }
    }
  }
}

// -->
</script>

</head>
<body>
<h2 align='center'>Default test</h2><table border='1' align="center">
<tr>
<td>Tests passed/Failed/Skipped:</td><td>0/0/4</td>
</tr><tr>
<td>Started on:</td><td>Fri Mar 12 14:00:54 IST 2021</td>
</tr>
<tr><td>Total time:</td><td>0 seconds (30 ms)</td>
</tr><tr>
<td>Included groups:</td><td></td>
</tr><tr>
<td>Excluded groups:</td><td></td>
</tr>
</table><p/>
<small><i>(Hover the method name to see the test class name)</i></small><p/>
<table width='100%' border='1' class='invocation-failed'>
<tr><td colspan='4' align='center'><b>FAILED CONFIGURATIONS</b></td></tr>
<tr><td><b>Test method</b></td>
<td width="30%"><b>Exception</b></td>
<td width="10%"><b>Time (seconds)</b></td>
<td><b>Instance</b></td>
</tr>
<tr>
<td title='com.focus.testcases.MasterAccountForLedgerValidationTest.openBrowser()'><b>openBrowser</b><br>Test class: com.focus.testcases.MasterAccountForLedgerValidationTest<br>Parameters: chrome</td>
<td><div><pre>org.openqa.selenium.SessionNotCreatedException: session not created: This version of ChromeDriver only supports Chrome version 87
Current browser version is 89.0.4389.82 with binary path C:\Program Files\Google\Chrome\Application\chrome.exe
Build info: version: &apos;3.12.0&apos;, revision: &apos;7c6e0b3&apos;, time: &apos;2018-05-08T14:04:26.12Z&apos;
System info: host: &apos;FOCUS-QA-118&apos;, ip: &apos;192.168.4.201&apos;, os.name: &apos;Windows 10&apos;, os.arch: &apos;amd64&apos;, os.version: &apos;10.0&apos;, java.version: &apos;1.8.0_111&apos;
Driver info: driver.version: ChromeDriver
remote stacktrace: Backtrace:
	Ordinal0 [0x003BECE3+3337443]
	Ordinal0 [0x0029F041+2158657]
	Ordinal0 [0x00126FA8+618408]
	Ordinal0 [0x000A1D52+73042]
	Ordinal0 [0x0009E0D8+57560]
	Ordinal0 [0x0009C38A+50058]
	Ordinal0 [0x000C5E8E+220814]
	Ordinal0 [0x000C5BFC+220156]
	Ordinal0 [0x000C181B+202779]
	Ordinal0 [0x000A3D74+81268]
	Ordinal0 [0x000A4D6E+85358]
	Ordinal0 [0x000A4CF9+85241]
	Ordinal0 [0x002B6F2C+2256684]
	GetHandleVerifier [0x00542FAC+1478332]
	GetHandleVerifier [0x00542AFD+1477133]
	GetHandleVerifier [0x0054AAD8+1509864]
	GetHandleVerifier [0x0054369E+1480110]
	Ordinal0 [0x002AD6BD+2217661]
	Ordinal0 [0x002B89AB+2263467]
	Ordinal0 [0x002B8AEF+2263791]
	Ordinal0 [0x002CD363+2347875]
	BaseThreadInitThunk [0x74FC6359+25]
	RtlGetAppContainerNamedObjectPath [0x76F38944+228]
	RtlGetAppContainerNamedObjectPath [0x76F38914+180]
	(No symbol) [0x00000000]

	at sun.reflect.NativeConstructorAccessorImpl.newInstance0(Native Method)
	at sun.reflect.NativeConstructorAccessorImpl.newInstance(Unknown Source)
	at sun.reflect.DelegatingConstructorAccessorImpl.newInstance(Unknown Source)
	at java.lang.reflect.Constructor.newInstance(Unknown Source)
	at org.openqa.selenium.remote.W3CHandshakeResponse.lambda$new$0(W3CHandshakeResponse.java:57)
	at org.openqa.selenium.remote.W3CHandshakeResponse.lambda$getResponseFunction$2(W3CHandshakeResponse.java:104)
	at org.openqa.selenium.remote.ProtocolHandshake.lambda$createSession$0(ProtocolHandshake.java:123)
	at java.util.stream.ReferencePipeline$3$1.accept(Unknown Source)
	at java.util.Spliterators$ArraySpliterator.tryAdvance(Unknown Source)
	at java.util.stream.ReferencePipeline.forEachWithCancel(Unknown Source)
	at java.util.stream.AbstractPipeline.copyIntoWithCancel(Unknown Source)
	at java.util.stream.AbstractPipeline.copyInto(Unknown Source)
	at java.util.stream.AbstractPipeline.wrapAndCopyInto(Unknown Source)
	at java.util.stream.FindOps$FindOp.evaluateSequential(Unknown Source)
	at java.util.stream.AbstractPipeline.evaluate(Unknown Source)
	at java.util.stream.ReferencePipeline.findFirst(Unknown Source)
	at org.openqa.selenium.remote.ProtocolHandshake.createSession(ProtocolHandshake.java:126)
	at org.openqa.selenium.remote.ProtocolHandshake.createSession(ProtocolHandshake.java:73)
	at org.openqa.selenium.remote.HttpCommandExecutor.execute(HttpCommandExecutor.java:136)
	at org.openqa.selenium.remote.service.DriverCommandExecutor.execute(DriverCommandExecutor.java:83)
	at org.openqa.selenium.remote.RemoteWebDriver.execute(RemoteWebDriver.java:543)
	at org.openqa.selenium.remote.RemoteWebDriver.startSession(RemoteWebDriver.java:207)
	at org.openqa.selenium.remote.RemoteWebDriver.&lt;init&gt;(RemoteWebDriver.java:130)
	at org.openqa.selenium.chrome.ChromeDriver.&lt;init&gt;(ChromeDriver.java:181)
	at org.openqa.selenium.chrome.ChromeDriver.&lt;init&gt;(ChromeDriver.java:147)
	at com.focus.base.BaseEngine.openBrowser(BaseEngine.java:102)
	at sun.reflect.NativeMethodAccessorImpl.invoke0(Native Method)
	at sun.reflect.NativeMethodAccessorImpl.invoke(Unknown Source)
	at sun.reflect.DelegatingMethodAccessorImpl.invoke(Unknown Source)
	at java.lang.reflect.Method.invoke(Unknown Source)
	at org.testng.internal.MethodInvocationHelper.invokeMethod(MethodInvocationHelper.java:86)
	at org.testng.internal.Invoker.invokeConfigurationMethod(Invoker.java:514)
	at org.testng.internal.Invoker.invokeConfigurations(Invoker.java:215)
	at org.testng.internal.Invoker.invokeConfigurations(Invoker.java:142)
	at org.testng.SuiteRunner.privateRun(SuiteRunner.java:305)
	at org.testng.SuiteRunner.run(SuiteRunner.java:268)
	at org.testng.SuiteRunnerWorker.runSuite(SuiteRunnerWorker.java:52)
	at org.testng.SuiteRunnerWorker.run(SuiteRunnerWorker.java:86)
	at org.testng.TestNG.runSuitesSequentially(TestNG.java:1244)
	at org.testng.TestNG.runSuitesLocally(TestNG.java:1169)
	at org.testng.TestNG.run(TestNG.java:1064)
	at org.testng.remote.AbstractRemoteTestNG.run(AbstractRemoteTestNG.java:114)
	at org.testng.remote.RemoteTestNG.initAndRun(RemoteTestNG.java:251)
	at org.testng.remote.RemoteTestNG.main(RemoteTestNG.java:77)
</pre></div><a href='#' onClick='toggleBox("stack-trace1351478315", this, "Click to show all stack frames", "Click to hide stack frames")'>Click to show all stack frames</a>
<div class='stack-trace' id='stack-trace1351478315'><pre>org.openqa.selenium.SessionNotCreatedException: session not created: This version of ChromeDriver only supports Chrome version 87
Current browser version is 89.0.4389.82 with binary path C:\Program Files\Google\Chrome\Application\chrome.exe
Build info: version: &apos;3.12.0&apos;, revision: &apos;7c6e0b3&apos;, time: &apos;2018-05-08T14:04:26.12Z&apos;
System info: host: &apos;FOCUS-QA-118&apos;, ip: &apos;192.168.4.201&apos;, os.name: &apos;Windows 10&apos;, os.arch: &apos;amd64&apos;, os.version: &apos;10.0&apos;, java.version: &apos;1.8.0_111&apos;
Driver info: driver.version: ChromeDriver
remote stacktrace: Backtrace:
	Ordinal0 [0x003BECE3+3337443]
	Ordinal0 [0x0029F041+2158657]
	Ordinal0 [0x00126FA8+618408]
	Ordinal0 [0x000A1D52+73042]
	Ordinal0 [0x0009E0D8+57560]
	Ordinal0 [0x0009C38A+50058]
	Ordinal0 [0x000C5E8E+220814]
	Ordinal0 [0x000C5BFC+220156]
	Ordinal0 [0x000C181B+202779]
	Ordinal0 [0x000A3D74+81268]
	Ordinal0 [0x000A4D6E+85358]
	Ordinal0 [0x000A4CF9+85241]
	Ordinal0 [0x002B6F2C+2256684]
	GetHandleVerifier [0x00542FAC+1478332]
	GetHandleVerifier [0x00542AFD+1477133]
	GetHandleVerifier [0x0054AAD8+1509864]
	GetHandleVerifier [0x0054369E+1480110]
	Ordinal0 [0x002AD6BD+2217661]
	Ordinal0 [0x002B89AB+2263467]
	Ordinal0 [0x002B8AEF+2263791]
	Ordinal0 [0x002CD363+2347875]
	BaseThreadInitThunk [0x74FC6359+25]
	RtlGetAppContainerNamedObjectPath [0x76F38944+228]
	RtlGetAppContainerNamedObjectPath [0x76F38914+180]
	(No symbol) [0x00000000]

	at sun.reflect.NativeConstructorAccessorImpl.newInstance0(Native Method)
	at sun.reflect.NativeConstructorAccessorImpl.newInstance(Unknown Source)
	at sun.reflect.DelegatingConstructorAccessorImpl.newInstance(Unknown Source)
	at java.lang.reflect.Constructor.newInstance(Unknown Source)
	at org.openqa.selenium.remote.W3CHandshakeResponse.lambda$new$0(W3CHandshakeResponse.java:57)
	at org.openqa.selenium.remote.W3CHandshakeResponse.lambda$getResponseFunction$2(W3CHandshakeResponse.java:104)
	at org.openqa.selenium.remote.ProtocolHandshake.lambda$createSession$0(ProtocolHandshake.java:123)
	at java.util.stream.ReferencePipeline$3$1.accept(Unknown Source)
	at java.util.Spliterators$ArraySpliterator.tryAdvance(Unknown Source)
	at java.util.stream.ReferencePipeline.forEachWithCancel(Unknown Source)
	at java.util.stream.AbstractPipeline.copyIntoWithCancel(Unknown Source)
	at java.util.stream.AbstractPipeline.copyInto(Unknown Source)
	at java.util.stream.AbstractPipeline.wrapAndCopyInto(Unknown Source)
	at java.util.stream.FindOps$FindOp.evaluateSequential(Unknown Source)
	at java.util.stream.AbstractPipeline.evaluate(Unknown Source)
	at java.util.stream.ReferencePipeline.findFirst(Unknown Source)
	at org.openqa.selenium.remote.ProtocolHandshake.createSession(ProtocolHandshake.java:126)
	at org.openqa.selenium.remote.ProtocolHandshake.createSession(ProtocolHandshake.java:73)
	at org.openqa.selenium.remote.HttpCommandExecutor.execute(HttpCommandExecutor.java:136)
	at org.openqa.selenium.remote.service.DriverCommandExecutor.execute(DriverCommandExecutor.java:83)
	at org.openqa.selenium.remote.RemoteWebDriver.execute(RemoteWebDriver.java:543)
	at org.openqa.selenium.remote.RemoteWebDriver.startSession(RemoteWebDriver.java:207)
	at org.openqa.selenium.remote.RemoteWebDriver.&lt;init&gt;(RemoteWebDriver.java:130)
	at org.openqa.selenium.chrome.ChromeDriver.&lt;init&gt;(ChromeDriver.java:181)
	at org.openqa.selenium.chrome.ChromeDriver.&lt;init&gt;(ChromeDriver.java:147)
	at com.focus.base.BaseEngine.openBrowser(BaseEngine.java:102)
	at sun.reflect.NativeMethodAccessorImpl.invoke0(Native Method)
	at sun.reflect.NativeMethodAccessorImpl.invoke(Unknown Source)
	at sun.reflect.DelegatingMethodAccessorImpl.invoke(Unknown Source)
	at java.lang.reflect.Method.invoke(Unknown Source)
	at org.testng.internal.MethodInvocationHelper.invokeMethod(MethodInvocationHelper.java:86)
	at org.testng.internal.Invoker.invokeConfigurationMethod(Invoker.java:514)
	at org.testng.internal.Invoker.invokeConfigurations(Invoker.java:215)
	at org.testng.internal.Invoker.invokeConfigurations(Invoker.java:142)
	at org.testng.SuiteRunner.privateRun(SuiteRunner.java:305)
	at org.testng.SuiteRunner.run(SuiteRunner.java:268)
	at org.testng.SuiteRunnerWorker.runSuite(SuiteRunnerWorker.java:52)
	at org.testng.SuiteRunnerWorker.run(SuiteRunnerWorker.java:86)
	at org.testng.TestNG.runSuitesSequentially(TestNG.java:1244)
	at org.testng.TestNG.runSuitesLocally(TestNG.java:1169)
	at org.testng.TestNG.run(TestNG.java:1064)
	at org.testng.remote.AbstractRemoteTestNG.run(AbstractRemoteTestNG.java:114)
	at org.testng.remote.RemoteTestNG.initAndRun(RemoteTestNG.java:251)
	at org.testng.remote.RemoteTestNG.main(RemoteTestNG.java:77)
</pre></div></td>
<td>0</td>
<td>null</td></tr>
</table><p>
<table width='100%' border='1' class='invocation-skipped'>
<tr><td colspan='4' align='center'><b>SKIPPED CONFIGURATIONS</b></td></tr>
<tr><td><b>Test method</b></td>
<td width="30%"><b>Exception</b></td>
<td width="10%"><b>Time (seconds)</b></td>
<td><b>Instance</b></td>
</tr>
<tr>
<td title='com.focus.testcases.MasterAccountForLedgerValidationTest.intialiseReports()'><b>intialiseReports</b><br>Test class: com.focus.testcases.MasterAccountForLedgerValidationTest</td>
<td></td>
<td>0</td>
<td>null</td></tr>
<tr>
<td title='com.focus.testcases.MasterAccountForLedgerValidationTest.beforeMethodExecution()'><b>beforeMethodExecution</b><br>Test class: com.focus.testcases.MasterAccountForLedgerValidationTest</td>
<td></td>
<td>0</td>
<td>com.focus.testcases.MasterAccountForLedgerValidationTest@67784306</td></tr>
<tr>
<td title='com.focus.testcases.MasterAccountForLedgerValidationTest.beforeMethodExecution()'><b>beforeMethodExecution</b><br>Test class: com.focus.testcases.MasterAccountForLedgerValidationTest</td>
<td></td>
<td>0</td>
<td>com.focus.testcases.MasterAccountForLedgerValidationTest@67784306</td></tr>
<tr>
<td title='com.focus.testcases.MasterAccountForLedgerValidationTest.beforeMethodExecution()'><b>beforeMethodExecution</b><br>Test class: com.focus.testcases.MasterAccountForLedgerValidationTest</td>
<td></td>
<td>0</td>
<td>com.focus.testcases.MasterAccountForLedgerValidationTest@67784306</td></tr>
<tr>
<td title='com.focus.testcases.MasterAccountForLedgerValidationTest.beforeMethodExecution()'><b>beforeMethodExecution</b><br>Test class: com.focus.testcases.MasterAccountForLedgerValidationTest</td>
<td></td>
<td>0</td>
<td>com.focus.testcases.MasterAccountForLedgerValidationTest@67784306</td></tr>
<tr>
<td title='com.focus.testcases.MasterAccountForLedgerValidationTest.afterMethodExecution()'><b>afterMethodExecution</b><br>Test class: com.focus.testcases.MasterAccountForLedgerValidationTest</td>
<td></td>
<td>0</td>
<td>com.focus.testcases.MasterAccountForLedgerValidationTest@67784306</td></tr>
<tr>
<td title='com.focus.testcases.MasterAccountForLedgerValidationTest.afterMethodExecution()'><b>afterMethodExecution</b><br>Test class: com.focus.testcases.MasterAccountForLedgerValidationTest</td>
<td></td>
<td>0</td>
<td>com.focus.testcases.MasterAccountForLedgerValidationTest@67784306</td></tr>
<tr>
<td title='com.focus.testcases.MasterAccountForLedgerValidationTest.afterMethodExecution()'><b>afterMethodExecution</b><br>Test class: com.focus.testcases.MasterAccountForLedgerValidationTest</td>
<td></td>
<td>0</td>
<td>com.focus.testcases.MasterAccountForLedgerValidationTest@67784306</td></tr>
<tr>
<td title='com.focus.testcases.MasterAccountForLedgerValidationTest.afterMethodExecution()'><b>afterMethodExecution</b><br>Test class: com.focus.testcases.MasterAccountForLedgerValidationTest</td>
<td></td>
<td>0</td>
<td>com.focus.testcases.MasterAccountForLedgerValidationTest@67784306</td></tr>
<tr>
<td title='com.focus.testcases.MasterAccountForLedgerValidationTest.generateReports()'><b>generateReports</b><br>Test class: com.focus.testcases.MasterAccountForLedgerValidationTest</td>
<td></td>
<td>0</td>
<td>null</td></tr>
</table><p>
<table width='100%' border='1' class='invocation-skipped'>
<tr><td colspan='4' align='center'><b>SKIPPED TESTS</b></td></tr>
<tr><td><b>Test method</b></td>
<td width="30%"><b>Exception</b></td>
<td width="10%"><b>Time (seconds)</b></td>
<td><b>Instance</b></td>
</tr>
<tr>
<td title='com.focus.testcases.MasterAccountForLedgerValidationTest.checkAccouncreatedWithPropertAsStatusIsActive()'><b>checkAccouncreatedWithPropertAsStatusIsActive</b><br>Test class: com.focus.testcases.MasterAccountForLedgerValidationTest</td>
<td></td>
<td>0</td>
<td>com.focus.testcases.MasterAccountForLedgerValidationTest@67784306</td></tr>
<tr>
<td title='com.focus.testcases.MasterAccountForLedgerValidationTest.checkLoginToCheckAccount()'><b>checkLoginToCheckAccount</b><br>Test class: com.focus.testcases.MasterAccountForLedgerValidationTest</td>
<td></td>
<td>0</td>
<td>com.focus.testcases.MasterAccountForLedgerValidationTest@67784306</td></tr>
<tr>
<td title='com.focus.testcases.MasterAccountForLedgerValidationTest.checkPropertiesForCreatedAccountAsDisplayWhenStatusIsActive()'><b>checkPropertiesForCreatedAccountAsDisplayWhenStatusIsActive</b><br>Test class: com.focus.testcases.MasterAccountForLedgerValidationTest</td>
<td></td>
<td>0</td>
<td>com.focus.testcases.MasterAccountForLedgerValidationTest@67784306</td></tr>
<tr>
<td title='com.focus.testcases.MasterAccountForLedgerValidationTest.checkSavedAccountInTheAccountsListCustStatusActive()'><b>checkSavedAccountInTheAccountsListCustStatusActive</b><br>Test class: com.focus.testcases.MasterAccountForLedgerValidationTest</td>
<td></td>
<td>0</td>
<td>com.focus.testcases.MasterAccountForLedgerValidationTest@67784306</td></tr>
</table><p>
</body>
</html>