<?xml version="1.0" encoding="UTF-8"?>
<!-- Generated by org.testng.reporters.JUnitXMLReporter -->
<testsuite hostname="FOCUS-QA-118" name="Default test" tests="4" failures="0" timestamp="12 Mar 2021 08:30:55 GMT" time="0.03" errors="0">
  <testcase name="@BeforeSuite openBrowser" time="0.0" classname="com.focus.testcases.MasterAccountForLedgerValidationTest">
    <failure type="org.openqa.selenium.SessionNotCreatedException" message="session not created: This version of ChromeDriver only supports Chrome version 87
Current browser version is 89.0.4389.82 with binary path C:\Program Files\Google\Chrome\Application\chrome.exe
Build info: version: &amp;apos;3.12.0&amp;apos;, revision: &amp;apos;7c6e0b3&amp;apos;, time: &amp;apos;2018-05-08T14:04:26.12Z&amp;apos;
System info: host: &amp;apos;FOCUS-QA-118&amp;apos;, ip: &amp;apos;192.168.4.201&amp;apos;, os.name: &amp;apos;Windows 10&amp;apos;, os.arch: &amp;apos;amd64&amp;apos;, os.version: &amp;apos;10.0&amp;apos;, java.version: &amp;apos;1.8.0_111&amp;apos;
Driver info: driver.version: ChromeDriver
remote stacktrace: Backtrace:
	Ordinal0 [0x003BECE3+3337443]
	Ordinal0 [0x0029F041+2158657]
	Ordinal0 [0x00126FA8+618408]
	Ordinal0 [0x000A1D52+73042]
	Ordinal0 [0x0009E0D8+57560]
	Ordinal0 [0x0009C38A+50058]
	Ordinal0 [0x000C5E8E+220814]
	Ordinal0 [0x000C5BFC+220156]
	Ordinal0 [0x000C181B+202779]
	Ordinal0 [0x000A3D74+81268]
	Ordinal0 [0x000A4D6E+85358]
	Ordinal0 [0x000A4CF9+85241]
	Ordinal0 [0x002B6F2C+2256684]
	GetHandleVerifier [0x00542FAC+1478332]
	GetHandleVerifier [0x00542AFD+1477133]
	GetHandleVerifier [0x0054AAD8+1509864]
	GetHandleVerifier [0x0054369E+1480110]
	Ordinal0 [0x002AD6BD+2217661]
	Ordinal0 [0x002B89AB+2263467]
	Ordinal0 [0x002B8AEF+2263791]
	Ordinal0 [0x002CD363+2347875]
	BaseThreadInitThunk [0x74FC6359+25]
	RtlGetAppContainerNamedObjectPath [0x76F38944+228]
	RtlGetAppContainerNamedObjectPath [0x76F38914+180]
	(No symbol) [0x00000000]
">
      <![CDATA[org.openqa.selenium.SessionNotCreatedException: session not created: This version of ChromeDriver only supports Chrome version 87
Current browser version is 89.0.4389.82 with binary path C:\Program Files\Google\Chrome\Application\chrome.exe
Build info: version: '3.12.0', revision: '7c6e0b3', time: '2018-05-08T14:04:26.12Z'
System info: host: 'FOCUS-QA-118', ip: '192.168.4.201', os.name: 'Windows 10', os.arch: 'amd64', os.version: '10.0', java.version: '1.8.0_111'
Driver info: driver.version: ChromeDriver
remote stacktrace: Backtrace:
	Ordinal0 [0x003BECE3+3337443]
	Ordinal0 [0x0029F041+2158657]
	Ordinal0 [0x00126FA8+618408]
	Ordinal0 [0x000A1D52+73042]
	Ordinal0 [0x0009E0D8+57560]
	Ordinal0 [0x0009C38A+50058]
	Ordinal0 [0x000C5E8E+220814]
	Ordinal0 [0x000C5BFC+220156]
	Ordinal0 [0x000C181B+202779]
	Ordinal0 [0x000A3D74+81268]
	Ordinal0 [0x000A4D6E+85358]
	Ordinal0 [0x000A4CF9+85241]
	Ordinal0 [0x002B6F2C+2256684]
	GetHandleVerifier [0x00542FAC+1478332]
	GetHandleVerifier [0x00542AFD+1477133]
	GetHandleVerifier [0x0054AAD8+1509864]
	GetHandleVerifier [0x0054369E+1480110]
	Ordinal0 [0x002AD6BD+2217661]
	Ordinal0 [0x002B89AB+2263467]
	Ordinal0 [0x002B8AEF+2263791]
	Ordinal0 [0x002CD363+2347875]
	BaseThreadInitThunk [0x74FC6359+25]
	RtlGetAppContainerNamedObjectPath [0x76F38944+228]
	RtlGetAppContainerNamedObjectPath [0x76F38914+180]
	(No symbol) [0x00000000]

	at sun.reflect.NativeConstructorAccessorImpl.newInstance0(Native Method)
	at sun.reflect.NativeConstructorAccessorImpl.newInstance(Unknown Source)
	at sun.reflect.DelegatingConstructorAccessorImpl.newInstance(Unknown Source)
	at java.lang.reflect.Constructor.newInstance(Unknown Source)
	at org.openqa.selenium.remote.W3CHandshakeResponse.lambda$new$0(W3CHandshakeResponse.java:57)
	at org.openqa.selenium.remote.W3CHandshakeResponse.lambda$getResponseFunction$2(W3CHandshakeResponse.java:104)
	at org.openqa.selenium.remote.ProtocolHandshake.lambda$createSession$0(ProtocolHandshake.java:123)
	at java.util.stream.ReferencePipeline$3$1.accept(Unknown Source)
	at java.util.Spliterators$ArraySpliterator.tryAdvance(Unknown Source)
	at java.util.stream.ReferencePipeline.forEachWithCancel(Unknown Source)
	at java.util.stream.AbstractPipeline.copyIntoWithCancel(Unknown Source)
	at java.util.stream.AbstractPipeline.copyInto(Unknown Source)
	at java.util.stream.AbstractPipeline.wrapAndCopyInto(Unknown Source)
	at java.util.stream.FindOps$FindOp.evaluateSequential(Unknown Source)
	at java.util.stream.AbstractPipeline.evaluate(Unknown Source)
	at java.util.stream.ReferencePipeline.findFirst(Unknown Source)
	at org.openqa.selenium.remote.ProtocolHandshake.createSession(ProtocolHandshake.java:126)
	at org.openqa.selenium.remote.ProtocolHandshake.createSession(ProtocolHandshake.java:73)
	at org.openqa.selenium.remote.HttpCommandExecutor.execute(HttpCommandExecutor.java:136)
	at org.openqa.selenium.remote.service.DriverCommandExecutor.execute(DriverCommandExecutor.java:83)
	at org.openqa.selenium.remote.RemoteWebDriver.execute(RemoteWebDriver.java:543)
	at org.openqa.selenium.remote.RemoteWebDriver.startSession(RemoteWebDriver.java:207)
	at org.openqa.selenium.remote.RemoteWebDriver.<init>(RemoteWebDriver.java:130)
	at org.openqa.selenium.chrome.ChromeDriver.<init>(ChromeDriver.java:181)
	at org.openqa.selenium.chrome.ChromeDriver.<init>(ChromeDriver.java:147)
	at com.focus.base.BaseEngine.openBrowser(BaseEngine.java:102)
	at sun.reflect.NativeMethodAccessorImpl.invoke0(Native Method)
	at sun.reflect.NativeMethodAccessorImpl.invoke(Unknown Source)
	at sun.reflect.DelegatingMethodAccessorImpl.invoke(Unknown Source)
	at java.lang.reflect.Method.invoke(Unknown Source)
	at org.testng.internal.MethodInvocationHelper.invokeMethod(MethodInvocationHelper.java:86)
	at org.testng.internal.Invoker.invokeConfigurationMethod(Invoker.java:514)
	at org.testng.internal.Invoker.invokeConfigurations(Invoker.java:215)
	at org.testng.internal.Invoker.invokeConfigurations(Invoker.java:142)
	at org.testng.SuiteRunner.privateRun(SuiteRunner.java:305)
	at org.testng.SuiteRunner.run(SuiteRunner.java:268)
	at org.testng.SuiteRunnerWorker.runSuite(SuiteRunnerWorker.java:52)
	at org.testng.SuiteRunnerWorker.run(SuiteRunnerWorker.java:86)
	at org.testng.TestNG.runSuitesSequentially(TestNG.java:1244)
	at org.testng.TestNG.runSuitesLocally(TestNG.java:1169)
	at org.testng.TestNG.run(TestNG.java:1064)
	at org.testng.remote.AbstractRemoteTestNG.run(AbstractRemoteTestNG.java:114)
	at org.testng.remote.RemoteTestNG.initAndRun(RemoteTestNG.java:251)
	at org.testng.remote.RemoteTestNG.main(RemoteTestNG.java:77)
]]>
    </failure>
  </testcase> <!-- @BeforeSuite openBrowser -->
  <testcase name="@BeforeTest intialiseReports" time="0.0" classname="com.focus.testcases.MasterAccountForLedgerValidationTest">
    <skipped/>
  </testcase> <!-- @BeforeTest intialiseReports -->
  <testcase name="@BeforeMethod beforeMethodExecution" time="0.0" classname="com.focus.testcases.MasterAccountForLedgerValidationTest">
    <skipped/>
  </testcase> <!-- @BeforeMethod beforeMethodExecution -->
  <testcase name="@AfterMethod afterMethodExecution" time="0.0" classname="com.focus.testcases.MasterAccountForLedgerValidationTest">
    <skipped/>
  </testcase> <!-- @AfterMethod afterMethodExecution -->
  <testcase name="@BeforeMethod beforeMethodExecution" time="0.0" classname="com.focus.testcases.MasterAccountForLedgerValidationTest">
    <skipped/>
  </testcase> <!-- @BeforeMethod beforeMethodExecution -->
  <testcase name="@AfterMethod afterMethodExecution" time="0.0" classname="com.focus.testcases.MasterAccountForLedgerValidationTest">
    <skipped/>
  </testcase> <!-- @AfterMethod afterMethodExecution -->
  <testcase name="@BeforeMethod beforeMethodExecution" time="0.0" classname="com.focus.testcases.MasterAccountForLedgerValidationTest">
    <skipped/>
  </testcase> <!-- @BeforeMethod beforeMethodExecution -->
  <testcase name="@AfterMethod afterMethodExecution" time="0.0" classname="com.focus.testcases.MasterAccountForLedgerValidationTest">
    <skipped/>
  </testcase> <!-- @AfterMethod afterMethodExecution -->
  <testcase name="@BeforeMethod beforeMethodExecution" time="0.0" classname="com.focus.testcases.MasterAccountForLedgerValidationTest">
    <skipped/>
  </testcase> <!-- @BeforeMethod beforeMethodExecution -->
  <testcase name="@AfterMethod afterMethodExecution" time="0.0" classname="com.focus.testcases.MasterAccountForLedgerValidationTest">
    <skipped/>
  </testcase> <!-- @AfterMethod afterMethodExecution -->
  <testcase name="@AfterTest generateReports" time="0.0" classname="com.focus.testcases.MasterAccountForLedgerValidationTest">
    <skipped/>
  </testcase> <!-- @AfterTest generateReports -->
  <testcase name="checkLoginToCheckAccount" time="0.001" classname="com.focus.testcases.MasterAccountForLedgerValidationTest">
    <skipped/>
  </testcase> <!-- checkLoginToCheckAccount -->
  <testcase name="checkAccouncreatedWithPropertAsStatusIsActive" time="0.001" classname="com.focus.testcases.MasterAccountForLedgerValidationTest">
    <skipped/>
  </testcase> <!-- checkAccouncreatedWithPropertAsStatusIsActive -->
  <testcase name="checkSavedAccountInTheAccountsListCustStatusActive" time="0.001" classname="com.focus.testcases.MasterAccountForLedgerValidationTest">
    <skipped/>
  </testcase> <!-- checkSavedAccountInTheAccountsListCustStatusActive -->
  <testcase name="checkPropertiesForCreatedAccountAsDisplayWhenStatusIsActive" time="0.001" classname="com.focus.testcases.MasterAccountForLedgerValidationTest">
    <skipped/>
  </testcase> <!-- checkPropertiesForCreatedAccountAsDisplayWhenStatusIsActive -->
</testsuite> <!-- Default test -->
