<?xml version="1.0" encoding="UTF-8"?>
<!-- Generated by org.testng.reporters.JUnitReportReporter -->
<testsuite hostname="FOCUS-QA-10" name="com.focus.testcases.MasterItemTest" tests="101" failures="3" timestamp="4 Jan 2023 21:19:41 GMT" time="963.715" errors="0">
  <testcase name="verifyPropertiesForBatchBinNoReservationItem" time="8.435" classname="com.focus.testcases.MasterItemTest"/>
  <testcase name="verifyUpdatedItemGroupDisplayInItemGrid" time="5.301" classname="com.focus.testcases.MasterItemTest"/>
  <testcase name="verifyEditCreatedFieldInCreateCreateTabDisplayInCustomizeTab" time="3.935" classname="com.focus.testcases.MasterItemTest"/>
  <testcase name="verifyHeaderDetailsTabInCreateCreateTab" time="2.665" classname="com.focus.testcases.MasterItemTest"/>
  <testcase name="verifyItemDisplaySavingWithCopyAndPaste" time="5.454" classname="com.focus.testcases.MasterItemTest"/>
  <testcase name="verifySaveButtonWithoutInputNameMandatoryFieldsInNewOptionBeforeCustomization" time="3.026" classname="com.focus.testcases.MasterItemTest"/>
  <testcase name="verifyOkButtonWithInputMandatoryFieldsCreateCreateTabDisplayInCustomizeTab" time="4.984" classname="com.focus.testcases.MasterItemTest"/>
  <testcase name="verifyPropertiesForBatchItemThirdRow" time="8.667" classname="com.focus.testcases.MasterItemTest"/>
  <testcase name="verifyGeneralTab" time="2.689" classname="com.focus.testcases.MasterItemTest"/>
  <testcase name="checkLoginToCheckItem" time="10.483" classname="com.focus.testcases.MasterItemTest"/>
  <testcase name="verifyWarehouseFirstLevel" time="5.568" classname="com.focus.testcases.MasterItemTest">
    <failure type="java.lang.AssertionError" message="expected [true] but found [false]">
      <![CDATA[java.lang.AssertionError: expected [true] but found [false]
	at org.testng.Assert.fail(Assert.java:94)
	at org.testng.Assert.failNotEquals(Assert.java:513)
	at org.testng.Assert.assertEqualsImpl(Assert.java:135)
	at org.testng.Assert.assertEquals(Assert.java:116)
	at org.testng.Assert.assertEquals(Assert.java:305)
	at org.testng.Assert.assertEquals(Assert.java:315)
	at com.focus.testcases.MasterItemTest.verifyWarehouseFirstLevel(MasterItemTest.java:544)
	at sun.reflect.NativeMethodAccessorImpl.invoke0(Native Method)
	at sun.reflect.NativeMethodAccessorImpl.invoke(Unknown Source)
	at sun.reflect.DelegatingMethodAccessorImpl.invoke(Unknown Source)
	at java.lang.reflect.Method.invoke(Unknown Source)
	at org.testng.internal.MethodInvocationHelper.invokeMethod(MethodInvocationHelper.java:86)
	at org.testng.internal.Invoker.invokeMethod(Invoker.java:643)
	at org.testng.internal.Invoker.invokeTestMethod(Invoker.java:820)
	at org.testng.internal.Invoker.invokeTestMethods(Invoker.java:1128)
	at org.testng.internal.TestMethodWorker.invokeTestMethods(TestMethodWorker.java:129)
	at org.testng.internal.TestMethodWorker.run(TestMethodWorker.java:112)
	at org.testng.TestRunner.privateRun(TestRunner.java:782)
	at org.testng.TestRunner.run(TestRunner.java:632)
	at org.testng.SuiteRunner.runTest(SuiteRunner.java:366)
	at org.testng.SuiteRunner.runSequentially(SuiteRunner.java:361)
	at org.testng.SuiteRunner.privateRun(SuiteRunner.java:319)
	at org.testng.SuiteRunner.run(SuiteRunner.java:268)
	at org.testng.SuiteRunnerWorker.runSuite(SuiteRunnerWorker.java:52)
	at org.testng.SuiteRunnerWorker.run(SuiteRunnerWorker.java:86)
	at org.testng.TestNG.runSuitesSequentially(TestNG.java:1244)
	at org.testng.TestNG.runSuitesLocally(TestNG.java:1169)
	at org.testng.TestNG.run(TestNG.java:1064)
	at org.testng.remote.AbstractRemoteTestNG.run(AbstractRemoteTestNG.java:114)
	at org.testng.remote.RemoteTestNG.initAndRun(RemoteTestNG.java:251)
	at org.testng.remote.RemoteTestNG.main(RemoteTestNG.java:77)
]]>
    </failure>
  </testcase> <!-- verifyWarehouseFirstLevel -->
  <testcase name="verifyToolsOptionsItemMenu" time="2.750" classname="com.focus.testcases.MasterItemTest"/>
  <testcase name="verifyItemCreationScreenAfterSavingBeforeCustomization" time="2.677" classname="com.focus.testcases.MasterItemTest"/>
  <testcase name="verifyCreateCreateTabOptionsInCustomizeMaster" time="4.635" classname="com.focus.testcases.MasterItemTest"/>
  <testcase name="verifySaveItemInItemGroup" time="20.945" classname="com.focus.testcases.MasterItemTest"/>
  <testcase name="verifyRulesTabInCreateCreateTabDisplayInCustomizeTab" time="3.081" classname="com.focus.testcases.MasterItemTest"/>
  <testcase name="verifyMandatoryFieldsByClickOnOkButtonCreateCreateTabDisplayInCustomizeTab" time="3.119" classname="com.focus.testcases.MasterItemTest"/>
  <testcase name="verifyPropertiesForBatchItemFourthRow" time="8.602" classname="com.focus.testcases.MasterItemTest"/>
  <testcase name="verifySaveBatchBinNoStocksUpdateItem" time="12.976" classname="com.focus.testcases.MasterItemTest"/>
  <testcase name="verifykUpdatedMasterItemDisplayInGrid" time="5.340" classname="com.focus.testcases.MasterItemTest"/>
  <testcase name="verifySaveFinishedItem" time="6.660" classname="com.focus.testcases.MasterItemTest"/>
  <testcase name="verifyCustomizeMasterTabOption" time="5.463" classname="com.focus.testcases.MasterItemTest"/>
  <testcase name="verifyPropertiesForStockItemFifthRow" time="44.618" classname="com.focus.testcases.MasterItemTest"/>
  <testcase name="verifyTreeIdToggleViewIdToggleOptionsItemMenu" time="2.677" classname="com.focus.testcases.MasterItemTest"/>
  <testcase name="verifyOkInDeleteValidationMessage" time="4.698" classname="com.focus.testcases.MasterItemTest">
    <failure type="java.lang.AssertionError" message="expected [true] but found [false]">
      <![CDATA[java.lang.AssertionError: expected [true] but found [false]
	at org.testng.Assert.fail(Assert.java:94)
	at org.testng.Assert.failNotEquals(Assert.java:513)
	at org.testng.Assert.assertEqualsImpl(Assert.java:135)
	at org.testng.Assert.assertEquals(Assert.java:116)
	at org.testng.Assert.assertEquals(Assert.java:305)
	at org.testng.Assert.assertEquals(Assert.java:315)
	at com.focus.testcases.MasterItemTest.verifyOkInDeleteValidationMessage(MasterItemTest.java:437)
	at sun.reflect.NativeMethodAccessorImpl.invoke0(Native Method)
	at sun.reflect.NativeMethodAccessorImpl.invoke(Unknown Source)
	at sun.reflect.DelegatingMethodAccessorImpl.invoke(Unknown Source)
	at java.lang.reflect.Method.invoke(Unknown Source)
	at org.testng.internal.MethodInvocationHelper.invokeMethod(MethodInvocationHelper.java:86)
	at org.testng.internal.Invoker.invokeMethod(Invoker.java:643)
	at org.testng.internal.Invoker.invokeTestMethod(Invoker.java:820)
	at org.testng.internal.Invoker.invokeTestMethods(Invoker.java:1128)
	at org.testng.internal.TestMethodWorker.invokeTestMethods(TestMethodWorker.java:129)
	at org.testng.internal.TestMethodWorker.run(TestMethodWorker.java:112)
	at org.testng.TestRunner.privateRun(TestRunner.java:782)
	at org.testng.TestRunner.run(TestRunner.java:632)
	at org.testng.SuiteRunner.runTest(SuiteRunner.java:366)
	at org.testng.SuiteRunner.runSequentially(SuiteRunner.java:361)
	at org.testng.SuiteRunner.privateRun(SuiteRunner.java:319)
	at org.testng.SuiteRunner.run(SuiteRunner.java:268)
	at org.testng.SuiteRunnerWorker.runSuite(SuiteRunnerWorker.java:52)
	at org.testng.SuiteRunnerWorker.run(SuiteRunnerWorker.java:86)
	at org.testng.TestNG.runSuitesSequentially(TestNG.java:1244)
	at org.testng.TestNG.runSuitesLocally(TestNG.java:1169)
	at org.testng.TestNG.run(TestNG.java:1064)
	at org.testng.remote.AbstractRemoteTestNG.run(AbstractRemoteTestNG.java:114)
	at org.testng.remote.RemoteTestNG.initAndRun(RemoteTestNG.java:251)
	at org.testng.remote.RemoteTestNG.main(RemoteTestNG.java:77)
]]>
    </failure>
  </testcase> <!-- verifyOkInDeleteValidationMessage -->
  <testcase name="verifyCopyOptionByPasteOptionWithNewButton" time="62.325" classname="com.focus.testcases.MasterItemTest"/>
  <testcase name="verifyCloneButtonAndSaveInItemMasterOptions" time="8.850" classname="com.focus.testcases.MasterItemTest"/>
  <testcase name="verifyUpateForNewlyCreateAddGroupItem" time="4.142" classname="com.focus.testcases.MasterItemTest"/>
  <testcase name="verifySaveBinFinishedGoodsItem" time="14.359" classname="com.focus.testcases.MasterItemTest"/>
  <testcase name="verifyFieldsDetailsTabInCreateCreateTabDisplayInCustomizeTab" time="2.881" classname="com.focus.testcases.MasterItemTest"/>
  <testcase name="checkNewButtonForExtraInput" time="4.093" classname="com.focus.testcases.MasterItemTest"/>
  <testcase name="verifyPropertiesForBinItems" time="13.143" classname="com.focus.testcases.MasterItemTest"/>
  <testcase name="verifyItemDisplayInItemSavingWithCloneMasterOptions" time="5.313" classname="com.focus.testcases.MasterItemTest"/>
  <testcase name="verifyOkButtonWithAllInputInCreateCreateTab" time="3.983" classname="com.focus.testcases.MasterItemTest"/>
  <testcase name="checkOpenItemsMaster" time="10.466" classname="com.focus.testcases.MasterItemTest"/>
  <testcase name="verifyPropertiesForBatchItems" time="41.194" classname="com.focus.testcases.MasterItemTest"/>
  <testcase name="verifyUpdateCreatedFieldInCreateCreateTabDisplayInCustomizeTab" time="48.056" classname="com.focus.testcases.MasterItemTest">
    <failure type="java.lang.AssertionError" message="expected [true] but found [false]">
      <![CDATA[java.lang.AssertionError: expected [true] but found [false]
	at org.testng.Assert.fail(Assert.java:94)
	at org.testng.Assert.failNotEquals(Assert.java:513)
	at org.testng.Assert.assertEqualsImpl(Assert.java:135)
	at org.testng.Assert.assertEquals(Assert.java:116)
	at org.testng.Assert.assertEquals(Assert.java:305)
	at org.testng.Assert.assertEquals(Assert.java:315)
	at com.focus.testcases.MasterItemTest.verifyUpdateCreatedFieldInCreateCreateTabDisplayInCustomizeTab(MasterItemTest.java:748)
	at sun.reflect.NativeMethodAccessorImpl.invoke0(Native Method)
	at sun.reflect.NativeMethodAccessorImpl.invoke(Unknown Source)
	at sun.reflect.DelegatingMethodAccessorImpl.invoke(Unknown Source)
	at java.lang.reflect.Method.invoke(Unknown Source)
	at org.testng.internal.MethodInvocationHelper.invokeMethod(MethodInvocationHelper.java:86)
	at org.testng.internal.Invoker.invokeMethod(Invoker.java:643)
	at org.testng.internal.Invoker.invokeTestMethod(Invoker.java:820)
	at org.testng.internal.Invoker.invokeTestMethods(Invoker.java:1128)
	at org.testng.internal.TestMethodWorker.invokeTestMethods(TestMethodWorker.java:129)
	at org.testng.internal.TestMethodWorker.run(TestMethodWorker.java:112)
	at org.testng.TestRunner.privateRun(TestRunner.java:782)
	at org.testng.TestRunner.run(TestRunner.java:632)
	at org.testng.SuiteRunner.runTest(SuiteRunner.java:366)
	at org.testng.SuiteRunner.runSequentially(SuiteRunner.java:361)
	at org.testng.SuiteRunner.privateRun(SuiteRunner.java:319)
	at org.testng.SuiteRunner.run(SuiteRunner.java:268)
	at org.testng.SuiteRunnerWorker.runSuite(SuiteRunnerWorker.java:52)
	at org.testng.SuiteRunnerWorker.run(SuiteRunnerWorker.java:86)
	at org.testng.TestNG.runSuitesSequentially(TestNG.java:1244)
	at org.testng.TestNG.runSuitesLocally(TestNG.java:1169)
	at org.testng.TestNG.run(TestNG.java:1064)
	at org.testng.remote.AbstractRemoteTestNG.run(AbstractRemoteTestNG.java:114)
	at org.testng.remote.RemoteTestNG.initAndRun(RemoteTestNG.java:251)
	at org.testng.remote.RemoteTestNG.main(RemoteTestNG.java:77)
]]>
    </failure>
  </testcase> <!-- verifyUpdateCreatedFieldInCreateCreateTabDisplayInCustomizeTab -->
  <testcase name="verifyCreateViewToggleOptionsItemMenu" time="2.452" classname="com.focus.testcases.MasterItemTest"/>
  <testcase name="verifySaveItemeUsingCopyAndPaste" time="4.327" classname="com.focus.testcases.MasterItemTest"/>
  <testcase name="verifyOtherDeailsTab" time="3.901" classname="com.focus.testcases.MasterItemTest"/>
  <testcase name="verifyCreatedFieldInCreateCreateTabDisplayInCustomizeTab" time="2.431" classname="com.focus.testcases.MasterItemTest"/>
  <testcase name="verifyPropertiesTabInCreateCreateTabDisplayInCustomizeTab" time="3.249" classname="com.focus.testcases.MasterItemTest"/>
  <testcase name="verifyUpdateFieldInCreateCreateTabDisplayInCustomizeTab" time="87.422" classname="com.focus.testcases.MasterItemTest"/>
  <testcase name="verifyCloseWarehouseMaster" time="2.656" classname="com.focus.testcases.MasterItemTest"/>
  <testcase name="verifyCreateTreeToggleOptionsItemMenu" time="2.555" classname="com.focus.testcases.MasterItemTest"/>
  <testcase name="verifyPropertiesForBatchItemSecondRow" time="8.740" classname="com.focus.testcases.MasterItemTest"/>
  <testcase name="verifyFormattingTabInCreateCreateTabDisplayInCustomizeTab" time="2.865" classname="com.focus.testcases.MasterItemTest"/>
  <testcase name="verifyCloseOptionInItemCreation" time="20.409" classname="com.focus.testcases.MasterItemTest"/>
  <testcase name="verifySaveBinRawMaterialItem" time="11.834" classname="com.focus.testcases.MasterItemTest"/>
  <testcase name="verifyCreateNewWarehouseForDeleteOptionValidationMessage" time="14.691" classname="com.focus.testcases.MasterItemTest"/>
  <testcase name="verifyBodyDetailsTabInCreateCreateTab" time="2.619" classname="com.focus.testcases.MasterItemTest"/>
  <testcase name="verifyOtherToolsOptionsItemMenu" time="3.150" classname="com.focus.testcases.MasterItemTest"/>
  <testcase name="verifySaveBatchBinNoReservation" time="13.038" classname="com.focus.testcases.MasterItemTest"/>
  <testcase name="verifySaveButtonWithoutInputCodeMandatoryFieldsInAddGroupOption" time="3.034" classname="com.focus.testcases.MasterItemTest"/>
  <testcase name="verifyUpateForNewlyCreateItem" time="7.131" classname="com.focus.testcases.MasterItemTest"/>
  <testcase name="verifyNewButton" time="3.884" classname="com.focus.testcases.MasterItemTest"/>
  <testcase name="verifyOpenItemsMasterForCustomization" time="6.023" classname="com.focus.testcases.MasterItemTest"/>
  <testcase name="veriyUnHideItemGroupsOptionsItemMenu" time="2.566" classname="com.focus.testcases.MasterItemTest"/>
  <testcase name="verifyItemMasterDisplayInMainPageGridItemMenu" time="2.549" classname="com.focus.testcases.MasterItemTest"/>
  <testcase name="verifykPropertiesOption" time="6.130" classname="com.focus.testcases.MasterItemTest"/>
  <testcase name="verifyCloneButtonAndSaveInItemMasterCreation" time="13.413" classname="com.focus.testcases.MasterItemTest"/>
  <testcase name="verifyWarehouseAddGroupNewCreateDisplayInWarehouseGrid" time="5.545" classname="com.focus.testcases.MasterItemTest"/>
  <testcase name="verifyItemDisplayInItemGridBeforeCustomization" time="5.494" classname="com.focus.testcases.MasterItemTest"/>
  <testcase name="checkCreateTab" time="3.678" classname="com.focus.testcases.MasterItemTest"/>
  <testcase name="verifyDeleteItemDisplayBeforeCustomization" time="5.347" classname="com.focus.testcases.MasterItemTest"/>
  <testcase name="verifyClickOnGroupToDisplayEmpty" time="5.918" classname="com.focus.testcases.MasterItemTest"/>
  <testcase name="verifyCloseButtonWithInputMandatoryFieldsCreateCreateTabDisplayInCustomizeTab" time="2.576" classname="com.focus.testcases.MasterItemTest"/>
  <testcase name="verifySettingTab" time="3.643" classname="com.focus.testcases.MasterItemTest"/>
  <testcase name="checkSaveCOGSItems" time="126.021" classname="com.focus.testcases.MasterItemTest"/>
  <testcase name="verifyItemDisplayInItemSavingWithCloneMasterCreationOptions" time="5.374" classname="com.focus.testcases.MasterItemTest"/>
  <testcase name="verifyPropertiesForBatchBinItem" time="8.350" classname="com.focus.testcases.MasterItemTest"/>
  <testcase name="verifyEditOptionForNewlyCreatedItem" time="6.629" classname="com.focus.testcases.MasterItemTest"/>
  <testcase name="verifyCreateCreateTabDisplayInCustomizeTab" time="2.333" classname="com.focus.testcases.MasterItemTest"/>
  <testcase name="verifyCreateTabsInCustomizeMaster" time="2.448" classname="com.focus.testcases.MasterItemTest"/>
  <testcase name="verifySaveButtonWithInputingMandatoryFieldsBeforeCustomization" time="3.236" classname="com.focus.testcases.MasterItemTest"/>
  <testcase name="verifykMandatoryCheckInCreateCreateTab" time="2.504" classname="com.focus.testcases.MasterItemTest"/>
  <testcase name="verifyMainOptionsItemsMenu" time="2.663" classname="com.focus.testcases.MasterItemTest"/>
  <testcase name="verifyUnitsTab" time="3.746" classname="com.focus.testcases.MasterItemTest"/>
  <testcase name="verifyRulesOptionsTabInCreateCreateTabDisplayInCustomizeTab" time="2.915" classname="com.focus.testcases.MasterItemTest"/>
  <testcase name="verifyCreateTabsOptionsInCustomizeMaster" time="2.534" classname="com.focus.testcases.MasterItemTest"/>
  <testcase name="verifySaveButtonWithoutInputNameMandatoryFieldsInAddGroupOption" time="2.754" classname="com.focus.testcases.MasterItemTest"/>
  <testcase name="checkLogoutAfterCustomization" time="5.438" classname="com.focus.testcases.MasterItemTest"/>
  <testcase name="checkSignToCheckTabsInCustomization" time="8.176" classname="com.focus.testcases.MasterItemTest"/>
  <testcase name="verifySaveBatchBinFinishedGoodsItem" time="12.044" classname="com.focus.testcases.MasterItemTest"/>
  <testcase name="verifyPropertiesForBatchBinNoStockUpdateItem" time="9.082" classname="com.focus.testcases.MasterItemTest"/>
  <testcase name="verifySaveButtonWithoutInputCodeMandatoryFieldsInNewOptionBeforeCustomization" time="2.764" classname="com.focus.testcases.MasterItemTest"/>
  <testcase name="verifyAddOptionInCreateCreateTabDisplayInCustomizeTab" time="3.509" classname="com.focus.testcases.MasterItemTest"/>
  <testcase name="verifyHideItemGroupsOptionsItemMenu" time="2.544" classname="com.focus.testcases.MasterItemTest"/>
  <testcase name="verifyFinishedItemDisplayMasterGrid" time="5.455" classname="com.focus.testcases.MasterItemTest"/>
  <testcase name="verifyAddGroupButton" time="3.570" classname="com.focus.testcases.MasterItemTest"/>
  <testcase name="verifySaveButtonInAddGroupWithInputingMandatoryFields" time="4.595" classname="com.focus.testcases.MasterItemTest"/>
  <testcase name="verifyExternalModulesTabInCreateCreateTabDisplayInCustomizeTab" time="2.810" classname="com.focus.testcases.MasterItemTest"/>
  <testcase name="verifyTheAvailabilityofOptionsInItem" time="5.840" classname="com.focus.testcases.MasterItemTest"/>
  <testcase name="verifyClassificationTab" time="3.819" classname="com.focus.testcases.MasterItemTest"/>
  <testcase name="verifyWarehouseAddGroupCreationScreenAfterSaving" time="2.751" classname="com.focus.testcases.MasterItemTest"/>
  <testcase name="verifySearchOptionsInMainPageHeaderFieldsOptionsItemMenu" time="2.440" classname="com.focus.testcases.MasterItemTest"/>
  <testcase name="checkSavePropertiesForCOGSItems" time="17.395" classname="com.focus.testcases.MasterItemTest"/>
  <testcase name="checkCloseItemMasterExtraField" time="14.051" classname="com.focus.testcases.MasterItemTest"/>
  <testcase name="verifyReplenishmentTab" time="4.059" classname="com.focus.testcases.MasterItemTest"/>
  <testcase name="verifyOutletTab" time="3.657" classname="com.focus.testcases.MasterItemTest"/>
  <testcase name="verifyEditOptionForNewlyCreateAddGroupWarehouse" time="6.686" classname="com.focus.testcases.MasterItemTest"/>
</testsuite> <!-- com.focus.testcases.MasterItemTest -->
