<?xml version="1.0" encoding="UTF-8"?>
<!-- Generated by org.testng.reporters.JUnitReportReporter -->
<testsuite hostname="FOCUS-QA-10" name="com.focus.testcases.MasterWarehouseTest" tests="54" failures="1" timestamp="4 Jan 2023 21:19:41 GMT" time="258.359" errors="1">
  <testcase name="checkCloseBtnInWarehouseMaster" time="6.057" classname="com.focus.testcases.MasterWarehouseTest"/>
  <testcase name="verifyUpdateCreatedFieldInCreateCreateTabDisplayInCustomizeTab" time="3.846" classname="com.focus.testcases.MasterWarehouseTest"/>
  <testcase name="verifyUnitDisplayInUnitsSavingWithCloneMasterOptions" time="5.276" classname="com.focus.testcases.MasterWarehouseTest"/>
  <testcase name="verifyGeneralTabOptionHeaderDetailsTabInCustomizeMaster" time="2.591" classname="com.focus.testcases.MasterWarehouseTest"/>
  <testcase name="verifyAddGroupButton" time="2.734" classname="com.focus.testcases.MasterWarehouseTest"/>
  <testcase name="verifyCustomizeMasterTabOption" time="6.437" classname="com.focus.testcases.MasterWarehouseTest"/>
  <testcase name="verifyDeleteWarehouseDisplayBeforeCustomization" time="5.404" classname="com.focus.testcases.MasterWarehouseTest"/>
  <testcase name="checkMainOptionsWarehouseMenu" time="2.457" classname="com.focus.testcases.MasterWarehouseTest"/>
  <testcase name="verifyWarehouseFirstLevel" time="5.412" classname="com.focus.testcases.MasterWarehouseTest">
    <failure type="java.lang.AssertionError" message="expected [true] but found [false]">
      <![CDATA[java.lang.AssertionError: expected [true] but found [false]
	at org.testng.Assert.fail(Assert.java:94)
	at org.testng.Assert.failNotEquals(Assert.java:513)
	at org.testng.Assert.assertEqualsImpl(Assert.java:135)
	at org.testng.Assert.assertEquals(Assert.java:116)
	at org.testng.Assert.assertEquals(Assert.java:305)
	at org.testng.Assert.assertEquals(Assert.java:315)
	at com.focus.testcases.MasterWarehouseTest.verifyWarehouseFirstLevel(MasterWarehouseTest.java:396)
	at sun.reflect.NativeMethodAccessorImpl.invoke0(Native Method)
	at sun.reflect.NativeMethodAccessorImpl.invoke(Unknown Source)
	at sun.reflect.DelegatingMethodAccessorImpl.invoke(Unknown Source)
	at java.lang.reflect.Method.invoke(Unknown Source)
	at org.testng.internal.MethodInvocationHelper.invokeMethod(MethodInvocationHelper.java:86)
	at org.testng.internal.Invoker.invokeMethod(Invoker.java:643)
	at org.testng.internal.Invoker.invokeTestMethod(Invoker.java:820)
	at org.testng.internal.Invoker.invokeTestMethods(Invoker.java:1128)
	at org.testng.internal.TestMethodWorker.invokeTestMethods(TestMethodWorker.java:129)
	at org.testng.internal.TestMethodWorker.run(TestMethodWorker.java:112)
	at org.testng.TestRunner.privateRun(TestRunner.java:782)
	at org.testng.TestRunner.run(TestRunner.java:632)
	at org.testng.SuiteRunner.runTest(SuiteRunner.java:366)
	at org.testng.SuiteRunner.runSequentially(SuiteRunner.java:361)
	at org.testng.SuiteRunner.privateRun(SuiteRunner.java:319)
	at org.testng.SuiteRunner.run(SuiteRunner.java:268)
	at org.testng.SuiteRunnerWorker.runSuite(SuiteRunnerWorker.java:52)
	at org.testng.SuiteRunnerWorker.run(SuiteRunnerWorker.java:86)
	at org.testng.TestNG.runSuitesSequentially(TestNG.java:1244)
	at org.testng.TestNG.runSuitesLocally(TestNG.java:1169)
	at org.testng.TestNG.run(TestNG.java:1064)
	at org.testng.remote.AbstractRemoteTestNG.run(AbstractRemoteTestNG.java:114)
	at org.testng.remote.RemoteTestNG.initAndRun(RemoteTestNG.java:251)
	at org.testng.remote.RemoteTestNG.main(RemoteTestNG.java:77)
]]>
    </failure>
  </testcase> <!-- verifyWarehouseFirstLevel -->
  <testcase name="verifyCloneButtonAndSaveInWarehouseMasterCreation" time="6.855" classname="com.focus.testcases.MasterWarehouseTest"/>
  <testcase name="verifyCustomizeMasterTabMasterFieldsOption" time="21.206" classname="com.focus.testcases.MasterWarehouseTest">
    <error type="org.openqa.selenium.TimeoutException" message="Expected condition failed: waiting for element to be clickable: [[ChromeDriver: chrome on WINDOWS (9e079afb5811d7f882fbb21baf37dff7)] -&gt; xpath: //*[@id=&#039;masterFields_list&#039;]/li[1]/span] (tried for 20 second(s) with 1000 milliseconds interval)
Build info: version: &#039;3.12.0&#039;, revision: &#039;7c6e0b3&#039;, time: &#039;2018-05-08T14:04:26.12Z&#039;
System info: host: &#039;FOCUS-QA-10&#039;, ip: &#039;192.168.4.206&#039;, os.name: &#039;Windows 10&#039;, os.arch: &#039;amd64&#039;, os.version: &#039;10.0&#039;, java.version: &#039;1.8.0_111&#039;
Driver info: driver.version: unknown">
      <![CDATA[org.openqa.selenium.TimeoutException: Expected condition failed: waiting for element to be clickable: [[ChromeDriver: chrome on WINDOWS (9e079afb5811d7f882fbb21baf37dff7)] -> xpath: //*[@id='masterFields_list']/li[1]/span] (tried for 20 second(s) with 1000 milliseconds interval)
Build info: version: '3.12.0', revision: '7c6e0b3', time: '2018-05-08T14:04:26.12Z'
System info: host: 'FOCUS-QA-10', ip: '192.168.4.206', os.name: 'Windows 10', os.arch: 'amd64', os.version: '10.0', java.version: '1.8.0_111'
Driver info: driver.version: unknown
	at org.openqa.selenium.support.ui.FluentWait.timeoutException(FluentWait.java:303)
	at org.openqa.selenium.support.ui.FluentWait.until(FluentWait.java:271)
	at com.focus.Pages.MasterWarehousePage.checkCustomizeMasterTabMasterFieldsOption(MasterWarehousePage.java:3507)
	at com.focus.testcases.MasterWarehouseTest.verifyCustomizeMasterTabMasterFieldsOption(MasterWarehouseTest.java:424)
	at sun.reflect.NativeMethodAccessorImpl.invoke0(Native Method)
	at sun.reflect.NativeMethodAccessorImpl.invoke(Unknown Source)
	at sun.reflect.DelegatingMethodAccessorImpl.invoke(Unknown Source)
	at java.lang.reflect.Method.invoke(Unknown Source)
	at org.testng.internal.MethodInvocationHelper.invokeMethod(MethodInvocationHelper.java:86)
	at org.testng.internal.Invoker.invokeMethod(Invoker.java:643)
	at org.testng.internal.Invoker.invokeTestMethod(Invoker.java:820)
	at org.testng.internal.Invoker.invokeTestMethods(Invoker.java:1128)
	at org.testng.internal.TestMethodWorker.invokeTestMethods(TestMethodWorker.java:129)
	at org.testng.internal.TestMethodWorker.run(TestMethodWorker.java:112)
	at org.testng.TestRunner.privateRun(TestRunner.java:782)
	at org.testng.TestRunner.run(TestRunner.java:632)
	at org.testng.SuiteRunner.runTest(SuiteRunner.java:366)
	at org.testng.SuiteRunner.runSequentially(SuiteRunner.java:361)
	at org.testng.SuiteRunner.privateRun(SuiteRunner.java:319)
	at org.testng.SuiteRunner.run(SuiteRunner.java:268)
	at org.testng.SuiteRunnerWorker.runSuite(SuiteRunnerWorker.java:52)
	at org.testng.SuiteRunnerWorker.run(SuiteRunnerWorker.java:86)
	at org.testng.TestNG.runSuitesSequentially(TestNG.java:1244)
	at org.testng.TestNG.runSuitesLocally(TestNG.java:1169)
	at org.testng.TestNG.run(TestNG.java:1064)
	at org.testng.remote.AbstractRemoteTestNG.run(AbstractRemoteTestNG.java:114)
	at org.testng.remote.RemoteTestNG.initAndRun(RemoteTestNG.java:251)
	at org.testng.remote.RemoteTestNG.main(RemoteTestNG.java:77)
]]>
    </error>
  </testcase> <!-- verifyCustomizeMasterTabMasterFieldsOption -->
  <testcase name="verifyTreeViewOptionsWarehouseMenu" time="2.393" classname="com.focus.testcases.MasterWarehouseTest"/>
  <testcase name="verifyEditBinInMainTabInCustomizeMaster" time="3.199" classname="com.focus.testcases.MasterWarehouseTest"/>
  <testcase name="verifySaveButtonWithoutInputNameMandatoryFieldsInNew" time="2.646" classname="com.focus.testcases.MasterWarehouseTest"/>
  <testcase name="verifySaveWarehouseUsingCopyAndPaste" time="4.541" classname="com.focus.testcases.MasterWarehouseTest"/>
  <testcase name="verifyUpateForNewlyCreateAddGroupWarehouse" time="3.375" classname="com.focus.testcases.MasterWarehouseTest"/>
  <testcase name="verifyWarehouseDisplaySavingWithCopyAndPaste" time="5.419" classname="com.focus.testcases.MasterWarehouseTest"/>
  <testcase name="verifyCloseOptionInWarehouseCreation" time="5.497" classname="com.focus.testcases.MasterWarehouseTest"/>
  <testcase name="verifyWarehouseAddGroupNewCreateDisplayInWarehouseGrid" time="5.509" classname="com.focus.testcases.MasterWarehouseTest"/>
  <testcase name="verifySaveButtonWithoutInputCodeMandatoryFieldsInNew" time="2.811" classname="com.focus.testcases.MasterWarehouseTest"/>
  <testcase name="verifyWarehouseDisplayInUnitsSavingWithCloneMasterCreationOptions" time="5.338" classname="com.focus.testcases.MasterWarehouseTest"/>
  <testcase name="verifyMainPageHeaderFieldsOptionsWarehouseMenu" time="2.665" classname="com.focus.testcases.MasterWarehouseTest"/>
  <testcase name="verifyNewButton" time="2.897" classname="com.focus.testcases.MasterWarehouseTest"/>
  <testcase name="verifyUpateForNewlyCreateWarehouse" time="3.668" classname="com.focus.testcases.MasterWarehouseTest"/>
  <testcase name="verifyUpdatedWarehouseGroupDisplayInWarehouseGrid" time="5.378" classname="com.focus.testcases.MasterWarehouseTest"/>
  <testcase name="verifyEditOptionForNewlyCreateAddGroupWarehouse" time="5.919" classname="com.focus.testcases.MasterWarehouseTest"/>
  <testcase name="verifySaveButtonWithoutInputCodeMandatoryFieldsInAddGroupOption" time="2.790" classname="com.focus.testcases.MasterWarehouseTest"/>
  <testcase name="verifyToolsOptionsWarehouseMenu" time="2.818" classname="com.focus.testcases.MasterWarehouseTest"/>
  <testcase name="verifySaveButtonWithoutInputNameMandatoryFieldsInAddGroupOption" time="2.541" classname="com.focus.testcases.MasterWarehouseTest"/>
  <testcase name="checkEditMasterUpdateWarehouse" time="3.923" classname="com.focus.testcases.MasterWarehouseTest"/>
  <testcase name="verifyOtherToolsOptionsWarehouseMenu" time="2.798" classname="com.focus.testcases.MasterWarehouseTest"/>
  <testcase name="verifyGeneralTabOptionMainTabInCustomizeMaster" time="2.448" classname="com.focus.testcases.MasterWarehouseTest"/>
  <testcase name="verifyCreateNewWarehouseForDeleteOptionValidationMessage" time="10.405" classname="com.focus.testcases.MasterWarehouseTest"/>
  <testcase name="verifyNewlyCreatedWarehouseDisplayInGrid" time="5.585" classname="com.focus.testcases.MasterWarehouseTest"/>
  <testcase name="verifyBinsAddGroupCreationScreenAfterSaving" time="2.534" classname="com.focus.testcases.MasterWarehouseTest"/>
  <testcase name="verifySearchOptionsInMainPageHeaderFieldsOptionsWarehouseMenu" time="2.476" classname="com.focus.testcases.MasterWarehouseTest"/>
  <testcase name="verifyHideAccountGroupsOptionsWarehouseMenu" time="2.373" classname="com.focus.testcases.MasterWarehouseTest"/>
  <testcase name="checkCloneButtonAndSaveInWarehoueMasterOptions" time="6.969" classname="com.focus.testcases.MasterWarehouseTest"/>
  <testcase name="verifyCreateTreeToggleOptionsWarehouseMenu" time="2.604" classname="com.focus.testcases.MasterWarehouseTest"/>
  <testcase name="verifyCreateViewToggleOptionsWarehouseMenu" time="2.479" classname="com.focus.testcases.MasterWarehouseTest"/>
  <testcase name="verifyCloseBtnOpenWarehouseMasterUpdateWarehouse" time="6.022" classname="com.focus.testcases.MasterWarehouseTest"/>
  <testcase name="verifyEditOptionForNewlyCreatedWarehouse" time="5.931" classname="com.focus.testcases.MasterWarehouseTest"/>
  <testcase name="verifyInActiveBySelectingOkButtonInPropertiesOptionForWrehouse" time="5.630" classname="com.focus.testcases.MasterWarehouseTest"/>
  <testcase name="verifySaveButtonWithInputingMandatoryFields" time="2.954" classname="com.focus.testcases.MasterWarehouseTest"/>
  <testcase name="verifyCopyOptionByPasteOptionWithNewButton" time="3.203" classname="com.focus.testcases.MasterWarehouseTest"/>
  <testcase name="verifyWarehouseMasterProperties" time="5.706" classname="com.focus.testcases.MasterWarehouseTest"/>
  <testcase name="verifyClickOnGroupToDisplayEmpty" time="5.808" classname="com.focus.testcases.MasterWarehouseTest"/>
  <testcase name="verifySaveWarehouseInWarehouseGroup" time="3.548" classname="com.focus.testcases.MasterWarehouseTest"/>
  <testcase name="checkEditMasterUpdateWarehouseWH1" time="9.153" classname="com.focus.testcases.MasterWarehouseTest"/>
  <testcase name="verifyOkInDeleteValidationMessage" time="2.936" classname="com.focus.testcases.MasterWarehouseTest"/>
  <testcase name="checkWarehouseCreationScreenAfterSaving" time="2.432" classname="com.focus.testcases.MasterWarehouseTest"/>
  <testcase name="verifySaveButtonInAddGroupWithInputingMandatoryFields" time="3.090" classname="com.focus.testcases.MasterWarehouseTest"/>
  <testcase name="verifyUpdatedMasterWarehouseDisplayInGrid" time="5.289" classname="com.focus.testcases.MasterWarehouseTest"/>
  <testcase name="verifyOpenWarehouseMenu" time="14.384" classname="com.focus.testcases.MasterWarehouseTest"/>
</testsuite> <!-- com.focus.testcases.MasterWarehouseTest -->
