<?xml version="1.0" encoding="UTF-8"?>
<!-- Generated by org.testng.reporters.JUnitReportReporter -->
<testsuite hostname="FOCUS-QA-10" name="com.focus.testcases.MasterAccountsTest" tests="183" failures="2" timestamp="4 Jan 2023 21:19:41 GMT" time="970.627" errors="1">
  <testcase name="verifySaveUsingCopyAndPasteOption" time="4.186" classname="com.focus.testcases.MasterAccountsTest"/>
  <testcase name="verifySaveButtonWithoutInputingNameMandatoryFields" time="2.839" classname="com.focus.testcases.MasterAccountsTest"/>
  <testcase name="verifySaveButtonWithoutInputNameMandatoryFieldsInAddGroupOption" time="3.255" classname="com.focus.testcases.MasterAccountsTest"/>
  <testcase name="verifyEditOptionForNewlyCreateAccountBeforeCustomization" time="6.269" classname="com.focus.testcases.MasterAccountsTest"/>
  <testcase name="verifyMainOptionsAccountsMaster" time="2.400" classname="com.focus.testcases.MasterAccountsTest"/>
  <testcase name="verifyCloneOptionWithoutRowSelectToOpenAccountsMenu" time="10.911" classname="com.focus.testcases.MasterAccountsTest"/>
  <testcase name="verifyPrintLayoutsTabInPreviewOption" time="3.794" classname="com.focus.testcases.MasterAccountsTest"/>
  <testcase name="verifyCreateCreateTabOptionsInCustomizeMaster" time="3.654" classname="com.focus.testcases.MasterAccountsTest"/>
  <testcase name="verifyAccountNewlyAddGroupDisplayInAccountGrid" time="6.456" classname="com.focus.testcases.MasterAccountsTest"/>
  <testcase name="verifyEditPopUpForNewCreateTreeTabDisplayInTabs" time="3.645" classname="com.focus.testcases.MasterAccountsTest"/>
  <testcase name="verifyCloseAccountMasterForAccountTestingStop" time="5.339" classname="com.focus.testcases.MasterAccountsTest"/>
  <testcase name="verifyCreateCreateTabDisplayInCustomizeTab" time="2.240" classname="com.focus.testcases.MasterAccountsTest"/>
  <testcase name="verifyOpenAccountsMasterAfterCustomization" time="4.753" classname="com.focus.testcases.MasterAccountsTest"/>
  <testcase name="verifyAccountDisplayInAccountGridBeforeCustomization" time="5.500" classname="com.focus.testcases.MasterAccountsTest"/>
  <testcase name="checkSaveButtonWithInputingMandatoryFieldsBeforeCustomization" time="3.252" classname="com.focus.testcases.MasterAccountsTest"/>
  <testcase name="verifyCloseBtnPreviewOptionBeforeLogout" time="2.562" classname="com.focus.testcases.MasterAccountsTest"/>
  <testcase name="verifyAccountDisplayCreationOfAccountThroughMainClone" time="4.617" classname="com.focus.testcases.MasterAccountsTest"/>
  <testcase name="verifyDeleteAccountDisplayBeforeCustomization" time="2.482" classname="com.focus.testcases.MasterAccountsTest"/>
  <testcase name="verifyDetailsTabOnClickOnNewButtonBeforeCustomization" time="3.693" classname="com.focus.testcases.MasterAccountsTest"/>
  <testcase name="verifyTabsAvailableInTabsOfMoveField" time="2.419" classname="com.focus.testcases.MasterAccountsTest"/>
  <testcase name="verifyOkButtonInPropertiesOptionForAccountGroup" time="5.803" classname="com.focus.testcases.MasterAccountsTest"/>
  <testcase name="verifyMoveDeleteInSettingsTab" time="3.383" classname="com.focus.testcases.MasterAccountsTest"/>
  <testcase name="verifyCloseBtnPreviewOption" time="2.755" classname="com.focus.testcases.MasterAccountsTest"/>
  <testcase name="verifyAccountCreateDisplayInAccountsGrid" time="3.359" classname="com.focus.testcases.MasterAccountsTest"/>
  <testcase name="verifyCloneOptionInEditAccount" time="9.910" classname="com.focus.testcases.MasterAccountsTest"/>
  <testcase name="verifySaveButtonWithInputingMandatoryFields" time="3.425" classname="com.focus.testcases.MasterAccountsTest"/>
  <testcase name="verifyMandatoryFieldsByClickOnOkButtonCreateCreateTabDisplayInCustomizeTab" time="2.550" classname="com.focus.testcases.MasterAccountsTest"/>
  <testcase name="verifyDetailsTabInCustomizeMaster" time="5.609" classname="com.focus.testcases.MasterAccountsTest"/>
  <testcase name="verifyCreateViewToggleOptionsAccountsMaster" time="2.644" classname="com.focus.testcases.MasterAccountsTest"/>
  <testcase name="verifyDetailsTabBodyDetailsInCustomizeMaster" time="7.583" classname="com.focus.testcases.MasterAccountsTest"/>
  <testcase name="verifyExternalModulesTabInCreateCreateTabDisplayInCustomizeTab" time="2.718" classname="com.focus.testcases.MasterAccountsTest"/>
  <testcase name="verifyOpenAccountsMasterAfterLogout" time="6.147" classname="com.focus.testcases.MasterAccountsTest"/>
  <testcase name="verifyGeneralTabInPreviewOption" time="2.636" classname="com.focus.testcases.MasterAccountsTest"/>
  <testcase name="verifyUpdatedAccountDisplayInAccountGridBeforeCustomization" time="2.278" classname="com.focus.testcases.MasterAccountsTest"/>
  <testcase name="checkSaveCOGSAccount" time="38.889" classname="com.focus.testcases.MasterAccountsTest"/>
  <testcase name="verifyGeneralTabOptionsButton" time="2.683" classname="com.focus.testcases.MasterAccountsTest"/>
  <testcase name="verifySignToCustomizeMasterInAccounts" time="14.884" classname="com.focus.testcases.MasterAccountsTest"/>
  <testcase name="verifyCustomizeMasterTabOption" time="12.056" classname="com.focus.testcases.MasterAccountsTest"/>
  <testcase name="verifySearchOptionsInMainPageHeaderFieldsOptionsAccountsMaster" time="2.510" classname="com.focus.testcases.MasterAccountsTest"/>
  <testcase name="verifySaveButtonWithoutInputingCodeMandatoryFields" time="2.765" classname="com.focus.testcases.MasterAccountsTest"/>
  <testcase name="verifyMainPageHeaderFieldsOptionsAccountsMaster" time="2.629" classname="com.focus.testcases.MasterAccountsTest"/>
  <testcase name="verifySettingsTabOnClickOnAddGroupButton" time="4.139" classname="com.focus.testcases.MasterAccountsTest"/>
  <testcase name="verifyMandatoryCheckInDocumentTab" time="2.442" classname="com.focus.testcases.MasterAccountsTest"/>
  <testcase name="verifySettingsTabOptionsButton" time="3.686" classname="com.focus.testcases.MasterAccountsTest"/>
  <testcase name="verifyClickOnGroupToDisplayEmpty" time="5.183" classname="com.focus.testcases.MasterAccountsTest"/>
  <testcase name="verifyMandatoryCheckInCreateCreateTab" time="2.357" classname="com.focus.testcases.MasterAccountsTest"/>
  <testcase name="verifyCopyAndPasteCreationOfAccountDisplay" time="2.506" classname="com.focus.testcases.MasterAccountsTest"/>
  <testcase name="verifyCloseBtnCustomizeMaster" time="3.551" classname="com.focus.testcases.MasterAccountsTest"/>
  <testcase name="verifyHeaderDetailsTabWithBlankForCreateDocumentTab" time="4.596" classname="com.focus.testcases.MasterAccountsTest"/>
  <testcase name="verifyFormattingTabInCreateCreateTabDisplayInCustomizeTab" time="2.996" classname="com.focus.testcases.MasterAccountsTest"/>
  <testcase name="verifyByCloneOptionAccountInformation" time="7.948" classname="com.focus.testcases.MasterAccountsTest"/>
  <testcase name="verifyLogoutInAccountMaster" time="2.973" classname="com.focus.testcases.MasterAccountsTest"/>
  <testcase name="verifyBodyDetailsTabWithBlankForCreateDocumentTab" time="2.675" classname="com.focus.testcases.MasterAccountsTest"/>
  <testcase name="verifyNewInCreateTabGroup" time="4.218" classname="com.focus.testcases.MasterAccountsTest"/>
  <testcase name="verifySettingsTabInCustomizeMaster" time="5.533" classname="com.focus.testcases.MasterAccountsTest"/>
  <testcase name="verifyHeaderDetailsTabWithBlankForCreateTreeTab" time="20.160" classname="com.focus.testcases.MasterAccountsTest"/>
  <testcase name="verifyDocumentTabInPreviewOption" time="3.794" classname="com.focus.testcases.MasterAccountsTest">
    <failure type="java.lang.AssertionError" message="expected [true] but found [false]">
      <![CDATA[java.lang.AssertionError: expected [true] but found [false]
	at org.testng.Assert.fail(Assert.java:94)
	at org.testng.Assert.failNotEquals(Assert.java:513)
	at org.testng.Assert.assertEqualsImpl(Assert.java:135)
	at org.testng.Assert.assertEquals(Assert.java:116)
	at org.testng.Assert.assertEquals(Assert.java:305)
	at org.testng.Assert.assertEquals(Assert.java:315)
	at com.focus.testcases.MasterAccountsTest.verifyDocumentTabInPreviewOption(MasterAccountsTest.java:981)
	at sun.reflect.NativeMethodAccessorImpl.invoke0(Native Method)
	at sun.reflect.NativeMethodAccessorImpl.invoke(Unknown Source)
	at sun.reflect.DelegatingMethodAccessorImpl.invoke(Unknown Source)
	at java.lang.reflect.Method.invoke(Unknown Source)
	at org.testng.internal.MethodInvocationHelper.invokeMethod(MethodInvocationHelper.java:86)
	at org.testng.internal.Invoker.invokeMethod(Invoker.java:643)
	at org.testng.internal.Invoker.invokeTestMethod(Invoker.java:820)
	at org.testng.internal.Invoker.invokeTestMethods(Invoker.java:1128)
	at org.testng.internal.TestMethodWorker.invokeTestMethods(TestMethodWorker.java:129)
	at org.testng.internal.TestMethodWorker.run(TestMethodWorker.java:112)
	at org.testng.TestRunner.privateRun(TestRunner.java:782)
	at org.testng.TestRunner.run(TestRunner.java:632)
	at org.testng.SuiteRunner.runTest(SuiteRunner.java:366)
	at org.testng.SuiteRunner.runSequentially(SuiteRunner.java:361)
	at org.testng.SuiteRunner.privateRun(SuiteRunner.java:319)
	at org.testng.SuiteRunner.run(SuiteRunner.java:268)
	at org.testng.SuiteRunnerWorker.runSuite(SuiteRunnerWorker.java:52)
	at org.testng.SuiteRunnerWorker.run(SuiteRunnerWorker.java:86)
	at org.testng.TestNG.runSuitesSequentially(TestNG.java:1244)
	at org.testng.TestNG.runSuitesLocally(TestNG.java:1169)
	at org.testng.TestNG.run(TestNG.java:1064)
	at org.testng.remote.AbstractRemoteTestNG.run(AbstractRemoteTestNG.java:114)
	at org.testng.remote.RemoteTestNG.initAndRun(RemoteTestNG.java:251)
	at org.testng.remote.RemoteTestNG.main(RemoteTestNG.java:77)
]]>
    </failure>
  </testcase> <!-- verifyDocumentTabInPreviewOption -->
  <testcase name="verifyCloseButtonWithInputMandatoryFieldsCreateCreateTabDisplayInCustomizeTab" time="2.618" classname="com.focus.testcases.MasterAccountsTest"/>
  <testcase name="checkSaveAccountsByCreatingVATAccounts" time="23.517" classname="com.focus.testcases.MasterAccountsTest"/>
  <testcase name="verifyTreeViewOptionsAccountsMaster" time="2.549" classname="com.focus.testcases.MasterAccountsTest"/>
  <testcase name="verifySaveAccountByUsingEditCloneInMaster" time="6.687" classname="com.focus.testcases.MasterAccountsTest"/>
  <testcase name="verifyPrintLayoutTabHeaderFieldsInCustomizeMaster" time="2.288" classname="com.focus.testcases.MasterAccountsTest"/>
  <testcase name="verifyCreateDocumentTabOptionsInCustomizeMaster" time="3.677" classname="com.focus.testcases.MasterAccountsTest"/>
  <testcase name="verifyCreateTabOptionsInCustomizeMaster" time="2.413" classname="com.focus.testcases.MasterAccountsTest"/>
  <testcase name="verifyOkEditPopUpForNewCreateTreeTabDisplayInTabs" time="7.676" classname="com.focus.testcases.MasterAccountsTest"/>
  <testcase name="verifyMandatoryCheckForCreateTreeTabWithCaptionAsBlank" time="2.542" classname="com.focus.testcases.MasterAccountsTest"/>
  <testcase name="verifyEditOptionForNewlyCreateAccount" time="9.497" classname="com.focus.testcases.MasterAccountsTest"/>
  <testcase name="verifyPropertiesOptionForAccount" time="6.450" classname="com.focus.testcases.MasterAccountsTest"/>
  <testcase name="verifyPropertiesOptionForAccountGroup" time="6.260" classname="com.focus.testcases.MasterAccountsTest"/>
  <testcase name="verifySaveButtonWithoutInputCodeMandatoryFieldsInNewOptionBeforeCustomization" time="2.648" classname="com.focus.testcases.MasterAccountsTest"/>
  <testcase name="verifyLogoutAfterAddingTabsInCustomization" time="2.824" classname="com.focus.testcases.MasterAccountsTest"/>
  <testcase name="verifyNewDocumentTab" time="3.649" classname="com.focus.testcases.MasterAccountsTest"/>
  <testcase name="verifyDefaultFieldMoveInSettingsTab" time="2.608" classname="com.focus.testcases.MasterAccountsTest"/>
  <testcase name="verifyNoOptionMoveDeleteInSettingsTab" time="2.407" classname="com.focus.testcases.MasterAccountsTest"/>
  <testcase name="verifySaveButtonWithoutInputNameMandatoryFieldsInCloneOption" time="7.199" classname="com.focus.testcases.MasterAccountsTest"/>
  <testcase name="verifyPreviewButtonBeforeLogout" time="3.769" classname="com.focus.testcases.MasterAccountsTest"/>
  <testcase name="verifyUnHideAccountGroupsDisplayOptionsAccountsMaster" time="3.252" classname="com.focus.testcases.MasterAccountsTest"/>
  <testcase name="verifySaveButtonWithoutInputNameMandatoryFieldsInNewOptionBeforeCustomization" time="2.769" classname="com.focus.testcases.MasterAccountsTest"/>
  <testcase name="verifyYesOptionMoveDeleteInSettingsTab" time="4.904" classname="com.focus.testcases.MasterAccountsTest"/>
  <testcase name="verifySettingsTabBodyDetailsInCustomizeMaster" time="5.324" classname="com.focus.testcases.MasterAccountsTest"/>
  <testcase name="verifyPrintlayoutTabOnClickOnNewButtonBeforeCustomization" time="3.524" classname="com.focus.testcases.MasterAccountsTest"/>
  <testcase name="verifyUpateForNewlyCreateAccount" time="8.410" classname="com.focus.testcases.MasterAccountsTest"/>
  <testcase name="verifyRulesInCustomizeMaster" time="7.565" classname="com.focus.testcases.MasterAccountsTest"/>
  <testcase name="verifyDetailsTabInPreviewOption" time="3.832" classname="com.focus.testcases.MasterAccountsTest"/>
  <testcase name="verifyGenralTabOnClickOnAddGroupButton" time="2.848" classname="com.focus.testcases.MasterAccountsTest"/>
  <testcase name="verifyNewDocumentTabGroup" time="3.841" classname="com.focus.testcases.MasterAccountsTest"/>
  <testcase name="verifyNewInCreateTab" time="3.752" classname="com.focus.testcases.MasterAccountsTest"/>
  <testcase name="verifyNewTreeTabUpdateTabGroup" time="2.843" classname="com.focus.testcases.MasterAccountsTest"/>
  <testcase name="verifyMoveExtraFieldAfterCreation" time="3.617" classname="com.focus.testcases.MasterAccountsTest"/>
  <testcase name="verifyDefaultDeleteInSettingsTab" time="2.490" classname="com.focus.testcases.MasterAccountsTest">
    <failure type="java.lang.AssertionError" message="expected [true] but found [false]">
      <![CDATA[java.lang.AssertionError: expected [true] but found [false]
	at org.testng.Assert.fail(Assert.java:94)
	at org.testng.Assert.failNotEquals(Assert.java:513)
	at org.testng.Assert.assertEqualsImpl(Assert.java:135)
	at org.testng.Assert.assertEquals(Assert.java:116)
	at org.testng.Assert.assertEquals(Assert.java:305)
	at org.testng.Assert.assertEquals(Assert.java:315)
	at com.focus.testcases.MasterAccountsTest.verifyDefaultDeleteInSettingsTab(MasterAccountsTest.java:844)
	at sun.reflect.NativeMethodAccessorImpl.invoke0(Native Method)
	at sun.reflect.NativeMethodAccessorImpl.invoke(Unknown Source)
	at sun.reflect.DelegatingMethodAccessorImpl.invoke(Unknown Source)
	at java.lang.reflect.Method.invoke(Unknown Source)
	at org.testng.internal.MethodInvocationHelper.invokeMethod(MethodInvocationHelper.java:86)
	at org.testng.internal.Invoker.invokeMethod(Invoker.java:643)
	at org.testng.internal.Invoker.invokeTestMethod(Invoker.java:820)
	at org.testng.internal.Invoker.invokeTestMethods(Invoker.java:1128)
	at org.testng.internal.TestMethodWorker.invokeTestMethods(TestMethodWorker.java:129)
	at org.testng.internal.TestMethodWorker.run(TestMethodWorker.java:112)
	at org.testng.TestRunner.privateRun(TestRunner.java:782)
	at org.testng.TestRunner.run(TestRunner.java:632)
	at org.testng.SuiteRunner.runTest(SuiteRunner.java:366)
	at org.testng.SuiteRunner.runSequentially(SuiteRunner.java:361)
	at org.testng.SuiteRunner.privateRun(SuiteRunner.java:319)
	at org.testng.SuiteRunner.run(SuiteRunner.java:268)
	at org.testng.SuiteRunnerWorker.runSuite(SuiteRunnerWorker.java:52)
	at org.testng.SuiteRunnerWorker.run(SuiteRunnerWorker.java:86)
	at org.testng.TestNG.runSuitesSequentially(TestNG.java:1244)
	at org.testng.TestNG.runSuitesLocally(TestNG.java:1169)
	at org.testng.TestNG.run(TestNG.java:1064)
	at org.testng.remote.AbstractRemoteTestNG.run(AbstractRemoteTestNG.java:114)
	at org.testng.remote.RemoteTestNG.initAndRun(RemoteTestNG.java:251)
	at org.testng.remote.RemoteTestNG.main(RemoteTestNG.java:77)
]]>
    </failure>
  </testcase> <!-- verifyDefaultDeleteInSettingsTab -->
  <testcase name="verifyAddOptionInCreateCreateTabDisplayInCustomizeTab" time="3.690" classname="com.focus.testcases.MasterAccountsTest"/>
  <testcase name="verifyRulesOptionsTabInCreateCreateTabDisplayInCustomizeTab" time="2.670" classname="com.focus.testcases.MasterAccountsTest"/>
  <testcase name="verifyDetailsTabHeaderFieldsInCustomizeMaster" time="5.759" classname="com.focus.testcases.MasterAccountsTest"/>
  <testcase name="verifyDeleteAccountDisplay" time="4.379" classname="com.focus.testcases.MasterAccountsTest"/>
  <testcase name="verifyGeneralTabMainTabInCustomizeMaster" time="2.650" classname="com.focus.testcases.MasterAccountsTest"/>
  <testcase name="verifyAccountMasterDisplayInMainPageGridAccountsMaster" time="2.568" classname="com.focus.testcases.MasterAccountsTest"/>
  <testcase name="verifyCancelButtonInPropertiesOptionForAccount" time="2.479" classname="com.focus.testcases.MasterAccountsTest"/>
  <testcase name="verifyEditOptionForNewlyCreateAddGroupAccount" time="9.503" classname="com.focus.testcases.MasterAccountsTest"/>
  <testcase name="verifySignToCheckTabsInCustomization" time="8.013" classname="com.focus.testcases.MasterAccountsTest"/>
  <testcase name="verifyCopyPasteAccountInformationOption" time="9.993" classname="com.focus.testcases.MasterAccountsTest"/>
  <testcase name="verifySaveButtonWithoutInputCodeMandatoryFieldsInAddGroupOption" time="3.820" classname="com.focus.testcases.MasterAccountsTest"/>
  <testcase name="verifyCustomizeMasterTabMasterFieldsOptionAfterAddingTabs" time="40.913" classname="com.focus.testcases.MasterAccountsTest">
    <error type="org.openqa.selenium.NoSuchElementException" message="no such element: Unable to locate element: {&quot;method&quot;:&quot;xpath&quot;,&quot;selector&quot;:&quot;//*[@id=&#039;divBtnGroup5&#039;]&quot;}
  (Session info: chrome=108.0.5359.125)
For documentation on this error, please visit: http://seleniumhq.org/exceptions/no_such_element.html
Build info: version: &#039;3.12.0&#039;, revision: &#039;7c6e0b3&#039;, time: &#039;2018-05-08T14:04:26.12Z&#039;
System info: host: &#039;FOCUS-QA-10&#039;, ip: &#039;192.168.4.206&#039;, os.name: &#039;Windows 10&#039;, os.arch: &#039;amd64&#039;, os.version: &#039;10.0&#039;, java.version: &#039;1.8.0_111&#039;
Driver info: org.openqa.selenium.chrome.ChromeDriver
Capabilities {acceptInsecureCerts: false, browserName: chrome, browserVersion: 108.0.5359.125, chrome: {chromedriverVersion: 108.0.5359.71 (1e0e3868ee06..., userDataDir: C:\Users\Rakesh\AppData\Loc...}, goog:chromeOptions: {debuggerAddress: localhost:56725}, javascriptEnabled: true, networkConnectionEnabled: false, pageLoadStrategy: normal, platform: WINDOWS, platformName: WINDOWS, proxy: Proxy(), setWindowRect: true, strictFileInteractability: false, timeouts: {implicit: 0, pageLoad: 300000, script: 30000}, unhandledPromptBehavior: dismiss and notify, webauthn:extension:credBlob: true, webauthn:extension:largeBlob: true, webauthn:virtualAuthenticators: true}
Session ID: 9e079afb5811d7f882fbb21baf37dff7
*** Element info: {Using=xpath, value=//*[@id=&#039;divBtnGroup5&#039;]}">
      <![CDATA[org.openqa.selenium.NoSuchElementException: no such element: Unable to locate element: {"method":"xpath","selector":"//*[@id='divBtnGroup5']"}
  (Session info: chrome=108.0.5359.125)
For documentation on this error, please visit: http://seleniumhq.org/exceptions/no_such_element.html
Build info: version: '3.12.0', revision: '7c6e0b3', time: '2018-05-08T14:04:26.12Z'
System info: host: 'FOCUS-QA-10', ip: '192.168.4.206', os.name: 'Windows 10', os.arch: 'amd64', os.version: '10.0', java.version: '1.8.0_111'
Driver info: org.openqa.selenium.chrome.ChromeDriver
Capabilities {acceptInsecureCerts: false, browserName: chrome, browserVersion: 108.0.5359.125, chrome: {chromedriverVersion: 108.0.5359.71 (1e0e3868ee06..., userDataDir: C:\Users\Rakesh\AppData\Loc...}, goog:chromeOptions: {debuggerAddress: localhost:56725}, javascriptEnabled: true, networkConnectionEnabled: false, pageLoadStrategy: normal, platform: WINDOWS, platformName: WINDOWS, proxy: Proxy(), setWindowRect: true, strictFileInteractability: false, timeouts: {implicit: 0, pageLoad: 300000, script: 30000}, unhandledPromptBehavior: dismiss and notify, webauthn:extension:credBlob: true, webauthn:extension:largeBlob: true, webauthn:virtualAuthenticators: true}
Session ID: 9e079afb5811d7f882fbb21baf37dff7
*** Element info: {Using=xpath, value=//*[@id='divBtnGroup5']}
	at sun.reflect.NativeConstructorAccessorImpl.newInstance0(Native Method)
	at sun.reflect.NativeConstructorAccessorImpl.newInstance(Unknown Source)
	at sun.reflect.DelegatingConstructorAccessorImpl.newInstance(Unknown Source)
	at java.lang.reflect.Constructor.newInstance(Unknown Source)
	at org.openqa.selenium.remote.http.W3CHttpResponseCodec.createException(W3CHttpResponseCodec.java:187)
	at org.openqa.selenium.remote.http.W3CHttpResponseCodec.decode(W3CHttpResponseCodec.java:122)
	at org.openqa.selenium.remote.http.W3CHttpResponseCodec.decode(W3CHttpResponseCodec.java:49)
	at org.openqa.selenium.remote.HttpCommandExecutor.execute(HttpCommandExecutor.java:158)
	at org.openqa.selenium.remote.service.DriverCommandExecutor.execute(DriverCommandExecutor.java:83)
	at org.openqa.selenium.remote.RemoteWebDriver.execute(RemoteWebDriver.java:543)
	at org.openqa.selenium.remote.RemoteWebDriver.findElement(RemoteWebDriver.java:317)
	at org.openqa.selenium.remote.RemoteWebDriver.findElementByXPath(RemoteWebDriver.java:419)
	at org.openqa.selenium.By$ByXPath.findElement(By.java:353)
	at org.openqa.selenium.remote.RemoteWebDriver.findElement(RemoteWebDriver.java:309)
	at org.openqa.selenium.support.pagefactory.DefaultElementLocator.findElement(DefaultElementLocator.java:69)
	at org.openqa.selenium.support.pagefactory.internal.LocatingElementHandler.invoke(LocatingElementHandler.java:38)
	at com.sun.proxy.$Proxy12.isDisplayed(Unknown Source)
	at com.focus.Pages.MasterAccountsPage.checkCustomizeMasterTabMasterFieldsOptionAfterAddingTabs(MasterAccountsPage.java:9066)
	at com.focus.testcases.MasterAccountsTest.verifyCustomizeMasterTabMasterFieldsOptionAfterAddingTabs(MasterAccountsTest.java:925)
	at sun.reflect.NativeMethodAccessorImpl.invoke0(Native Method)
	at sun.reflect.NativeMethodAccessorImpl.invoke(Unknown Source)
	at sun.reflect.DelegatingMethodAccessorImpl.invoke(Unknown Source)
	at java.lang.reflect.Method.invoke(Unknown Source)
	at org.testng.internal.MethodInvocationHelper.invokeMethod(MethodInvocationHelper.java:86)
	at org.testng.internal.Invoker.invokeMethod(Invoker.java:643)
	at org.testng.internal.Invoker.invokeTestMethod(Invoker.java:820)
	at org.testng.internal.Invoker.invokeTestMethods(Invoker.java:1128)
	at org.testng.internal.TestMethodWorker.invokeTestMethods(TestMethodWorker.java:129)
	at org.testng.internal.TestMethodWorker.run(TestMethodWorker.java:112)
	at org.testng.TestRunner.privateRun(TestRunner.java:782)
	at org.testng.TestRunner.run(TestRunner.java:632)
	at org.testng.SuiteRunner.runTest(SuiteRunner.java:366)
	at org.testng.SuiteRunner.runSequentially(SuiteRunner.java:361)
	at org.testng.SuiteRunner.privateRun(SuiteRunner.java:319)
	at org.testng.SuiteRunner.run(SuiteRunner.java:268)
	at org.testng.SuiteRunnerWorker.runSuite(SuiteRunnerWorker.java:52)
	at org.testng.SuiteRunnerWorker.run(SuiteRunnerWorker.java:86)
	at org.testng.TestNG.runSuitesSequentially(TestNG.java:1244)
	at org.testng.TestNG.runSuitesLocally(TestNG.java:1169)
	at org.testng.TestNG.run(TestNG.java:1064)
	at org.testng.remote.AbstractRemoteTestNG.run(AbstractRemoteTestNG.java:114)
	at org.testng.remote.RemoteTestNG.initAndRun(RemoteTestNG.java:251)
	at org.testng.remote.RemoteTestNG.main(RemoteTestNG.java:77)
]]>
    </error>
  </testcase> <!-- verifyCustomizeMasterTabMasterFieldsOptionAfterAddingTabs -->
  <testcase name="verifyInfoPanelInCustomizeMaster" time="2.609" classname="com.focus.testcases.MasterAccountsTest"/>
  <testcase name="verifyCreateDocumentTabCreationWithExistingDocumentTab" time="2.581" classname="com.focus.testcases.MasterAccountsTest"/>
  <testcase name="verifyUpateForNewlyCreateAddGroupAccount" time="7.495" classname="com.focus.testcases.MasterAccountsTest"/>
  <testcase name="verifyCreateTabInPreviewOption" time="3.784" classname="com.focus.testcases.MasterAccountsTest"/>
  <testcase name="verifyBodyDetailsTabInCreateCreateTab" time="2.430" classname="com.focus.testcases.MasterAccountsTest"/>
  <testcase name="verifySelectAccountGroupAccountMasterDisplayInMainPageGridAccountsMaster" time="2.789" classname="com.focus.testcases.MasterAccountsTest"/>
  <testcase name="verifyAccountsCreationScreenAfterSavingBeforeCustomization" time="2.706" classname="com.focus.testcases.MasterAccountsTest"/>
  <testcase name="verifyToolsOtherOptionsAccountsMaster" time="4.051" classname="com.focus.testcases.MasterAccountsTest"/>
  <testcase name="verifyCancelEditPopUpForNewCreateTreeTabDisplayInTabs" time="4.731" classname="com.focus.testcases.MasterAccountsTest"/>
  <testcase name="verifyOKWithInputCheckInDocumentTab" time="3.345" classname="com.focus.testcases.MasterAccountsTest"/>
  <testcase name="verifyCreateTreeToggleOptionsAccountsMaster" time="2.687" classname="com.focus.testcases.MasterAccountsTest"/>
  <testcase name="verifyExternalModulesInCustomizeMaster" time="2.778" classname="com.focus.testcases.MasterAccountsTest"/>
  <testcase name="checkPreviewOption" time="3.756" classname="com.focus.testcases.MasterAccountsTest"/>
  <testcase name="verifyNewButtonBeforeCustomization" time="10.045" classname="com.focus.testcases.MasterAccountsTest"/>
  <testcase name="verifyConfirmmationMessageOnDeleteTabOptionForCreateTreeTab" time="9.341" classname="com.focus.testcases.MasterAccountsTest"/>
  <testcase name="verifyGeneralTabsInCustomizeMaster" time="2.593" classname="com.focus.testcases.MasterAccountsTest"/>
  <testcase name="verifyCustomizeMasterTabMasterFieldsOption" time="2.487" classname="com.focus.testcases.MasterAccountsTest"/>
  <testcase name="verifyTreeTabUpdateInPreviewOption" time="2.680" classname="com.focus.testcases.MasterAccountsTest"/>
  <testcase name="verifyDetailsTabOnClickOnAddGroupButton" time="4.086" classname="com.focus.testcases.MasterAccountsTest"/>
  <testcase name="verifyMandatoryCheckForCreateTreeTabFieldCaptionAsBlank" time="5.596" classname="com.focus.testcases.MasterAccountsTest"/>
  <testcase name="verifyYesConfirmmationMessageOnDeleteTabOptionForCreateTreeTab" time="5.658" classname="com.focus.testcases.MasterAccountsTest"/>
  <testcase name="verifyGeneralTabHeaderTabInCustomizeMaster" time="2.576" classname="com.focus.testcases.MasterAccountsTest"/>
  <testcase name="verifyPrintlayoutTabBodyDetailsInCustomizeMaster" time="4.456" classname="com.focus.testcases.MasterAccountsTest"/>
  <testcase name="verifyUpdatedAccountDisplayInAccountGrid" time="4.510" classname="com.focus.testcases.MasterAccountsTest"/>
  <testcase name="verifyDetailsTabOptionsButton" time="3.764" classname="com.focus.testcases.MasterAccountsTest"/>
  <testcase name="verifyHideAccountGroupsDisplayOptionsAccountsMaster" time="2.841" classname="com.focus.testcases.MasterAccountsTest"/>
  <testcase name="verifyOkButtonWithAllInputInCreateCreateTab" time="4.546" classname="com.focus.testcases.MasterAccountsTest"/>
  <testcase name="verifyMoveFieldMovedToSettingsTab" time="3.478" classname="com.focus.testcases.MasterAccountsTest"/>
  <testcase name="verifyUpdateFieldInCreateCreateTabDisplayInCustomizeTab" time="3.468" classname="com.focus.testcases.MasterAccountsTest"/>
  <testcase name="verifySaveButtonInAddGroupWithInputingMandatoryFields" time="4.333" classname="com.focus.testcases.MasterAccountsTest"/>
  <testcase name="verifyDeleteOptionWithSelectAccount" time="6.615" classname="com.focus.testcases.MasterAccountsTest"/>
  <testcase name="verifyPropertiesTabInCreateCreateTabDisplayInCustomizeTab" time="3.224" classname="com.focus.testcases.MasterAccountsTest"/>
  <testcase name="verifyUpateForNewlyCreateAccountBeforeCustomiztaion" time="3.931" classname="com.focus.testcases.MasterAccountsTest"/>
  <testcase name="verifyNewCreateTreeTabDisplayInTabs" time="2.453" classname="com.focus.testcases.MasterAccountsTest"/>
  <testcase name="verifyCancelButtonInMoveField" time="2.533" classname="com.focus.testcases.MasterAccountsTest"/>
  <testcase name="verifyCreateExtraFieldAfterCreation" time="5.512" classname="com.focus.testcases.MasterAccountsTest"/>
  <testcase name="verifyOpenAccountsMaster" time="28.294" classname="com.focus.testcases.MasterAccountsTest"/>
  <testcase name="verifyCreateTreeTabOptionsInCustomizeMaster" time="3.733" classname="com.focus.testcases.MasterAccountsTest"/>
  <testcase name="verifySaveAccountByUsingCloneOption" time="6.517" classname="com.focus.testcases.MasterAccountsTest"/>
  <testcase name="verifyPrintLayoutTabOptionsButton" time="3.666" classname="com.focus.testcases.MasterAccountsTest"/>
  <testcase name="verifyCloneByEditCreationOfAccountDisplay" time="4.401" classname="com.focus.testcases.MasterAccountsTest"/>
  <testcase name="verifyUpdatedAccountAddGroupDisplayInAccountGrid" time="4.465" classname="com.focus.testcases.MasterAccountsTest"/>
  <testcase name="verifyMandatoryCheckForCreateTreeTabNewMasterAsBlank" time="4.665" classname="com.focus.testcases.MasterAccountsTest"/>
  <testcase name="verifyFieldsDetailsTabInCreateCreateTabDisplayInCustomizeTab" time="2.694" classname="com.focus.testcases.MasterAccountsTest"/>
  <testcase name="verifyHeaderDetailsTabInCreateCreateTab" time="2.693" classname="com.focus.testcases.MasterAccountsTest"/>
  <testcase name="verifyOkCheckForCreateTreeTabWithInput" time="3.636" classname="com.focus.testcases.MasterAccountsTest"/>
  <testcase name="verifyMandatoryCheckForCreateTreeTabWithAllInputsAreBlank" time="2.696" classname="com.focus.testcases.MasterAccountsTest"/>
  <testcase name="verifyCreateTabsInCustomizeMaster" time="2.443" classname="com.focus.testcases.MasterAccountsTest"/>
  <testcase name="verifySaveButtonWithoutInputCodeMandatoryFieldsInCloneOption" time="4.926" classname="com.focus.testcases.MasterAccountsTest"/>
  <testcase name="verifySettingsTabInPreviewOption" time="3.838" classname="com.focus.testcases.MasterAccountsTest"/>
  <testcase name="verifyToolsOptionsAccountsMaster" time="2.880" classname="com.focus.testcases.MasterAccountsTest"/>
  <testcase name="verifyPasteOptionAndClickOnSaveForDuplicateName" time="57.189" classname="com.focus.testcases.MasterAccountsTest"/>
  <testcase name="verifyAccountOneCreationWithPropertyAsCDForEachUnderGroup" time="12.849" classname="com.focus.testcases.MasterAccountsTest"/>
  <testcase name="verifyNewTreeTabUpdateTab" time="2.583" classname="com.focus.testcases.MasterAccountsTest"/>
  <testcase name="verifyAccountAddGroupCreationScreenAfterSaving" time="4.526" classname="com.focus.testcases.MasterAccountsTest"/>
  <testcase name="verifyDeleteAccountBeforeCustomization" time="7.803" classname="com.focus.testcases.MasterAccountsTest"/>
  <testcase name="verifyCloseAccountMaster" time="4.968" classname="com.focus.testcases.MasterAccountsTest"/>
  <testcase name="verifyYesDeleteAccount" time="7.615" classname="com.focus.testcases.MasterAccountsTest"/>
  <testcase name="verifyAddGroupButton" time="3.827" classname="com.focus.testcases.MasterAccountsTest"/>
  <testcase name="verifyUniqueContraintsInCustomizeMaster" time="2.753" classname="com.focus.testcases.MasterAccountsTest"/>
  <testcase name="verifySettingsTabOnClickOnNewButtonBeforeCustomization" time="3.647" classname="com.focus.testcases.MasterAccountsTest"/>
  <testcase name="verifyNewButton" time="3.586" classname="com.focus.testcases.MasterAccountsTest"/>
  <testcase name="verifyUpdateCreatedFieldInCreateCreateTabDisplayInCustomizeTab" time="4.681" classname="com.focus.testcases.MasterAccountsTest"/>
  <testcase name="verifyCustomizeMasterTabOptionAfterAddingTabsWithLogout" time="5.839" classname="com.focus.testcases.MasterAccountsTest"/>
  <testcase name="verifyDeleteOptionWithoutSelectAccount" time="2.575" classname="com.focus.testcases.MasterAccountsTest"/>
  <testcase name="verifySettingsTabHeaderFieldsInCustomizeMaster" time="2.590" classname="com.focus.testcases.MasterAccountsTest"/>
  <testcase name="verifyPrintLayoutTabInCustomizeMaster" time="4.547" classname="com.focus.testcases.MasterAccountsTest"/>
  <testcase name="verifyNoConfirmmationMessageOnDeleteTabOptionForCreateTreeTab" time="2.589" classname="com.focus.testcases.MasterAccountsTest"/>
  <testcase name="verifyReportsInCustomizeMaster" time="3.649" classname="com.focus.testcases.MasterAccountsTest"/>
  <testcase name="verifyPrintlayoutTabOnClickOnAddGroupButton" time="4.116" classname="com.focus.testcases.MasterAccountsTest"/>
  <testcase name="verifyGroupOptionsAccountsMaster" time="3.347" classname="com.focus.testcases.MasterAccountsTest"/>
  <testcase name="verifyOkButtonWithInputMandatoryFieldsCreateCreateTabDisplayInCustomizeTab" time="4.739" classname="com.focus.testcases.MasterAccountsTest"/>
  <testcase name="verifyCancelButtonInDeleteAccount" time="2.433" classname="com.focus.testcases.MasterAccountsTest"/>
  <testcase name="verifyGenralTabOnClickOnNewButtonBeforeCustomization" time="2.688" classname="com.focus.testcases.MasterAccountsTest"/>
  <testcase name="verifyBodyDetailsTabWithBlankForCreateTreeTab" time="2.495" classname="com.focus.testcases.MasterAccountsTest"/>
  <testcase name="verifyOkButtonInMoveField" time="4.874" classname="com.focus.testcases.MasterAccountsTest"/>
  <testcase name="verifyUniqueContraintsOfHeaderFieldsInCustomizeMaster" time="3.536" classname="com.focus.testcases.MasterAccountsTest"/>
  <testcase name="verifyEditCreatedFieldInCreateCreateTabDisplayInCustomizeTab" time="3.647" classname="com.focus.testcases.MasterAccountsTest"/>
  <testcase name="verifyRulesTabInCreateCreateTabDisplayInCustomizeTab" time="3.010" classname="com.focus.testcases.MasterAccountsTest"/>
  <testcase name="verifyCopyOptionByEditAccount" time="10.660" classname="com.focus.testcases.MasterAccountsTest"/>
  <testcase name="verifyCreatedFieldInCreateCreateTabDisplayInCustomizeTab" time="2.326" classname="com.focus.testcases.MasterAccountsTest"/>
</testsuite> <!-- com.focus.testcases.MasterAccountsTest -->
