<?xml version="1.0" encoding="UTF-8"?>
<!-- Generated by org.testng.reporters.JUnitReportReporter -->
<testsuite hostname="FOCUS-QA-10" name="com.focus.testcases.SmokeCurrencyTest" tests="35" failures="4" timestamp="4 Jan 2023 21:19:41 GMT" time="606.605" errors="0">
  <testcase name="checkLogoutInCurrencyMasterPage" time="5.131" classname="com.focus.testcases.SmokeCurrencyTest"/>
  <testcase name="checkClickOnCurrencyMasterMenu" time="22.378" classname="com.focus.testcases.SmokeCurrencyTest"/>
  <testcase name="checkClickOnClearToClearValuesInExchangeRateOptionInCurrencyMaster" time="5.968" classname="com.focus.testcases.SmokeCurrencyTest"/>
  <testcase name="checkCurrencyMenuUnderMastersMenuFromHomeMenu" time="7.860" classname="com.focus.testcases.SmokeCurrencyTest"/>
  <testcase name="checkSavedCurrencyValuesAfterDeleteAndInput" time="26.682" classname="com.focus.testcases.SmokeCurrencyTest"/>
  <testcase name="checkCancelOptionSaveExchangeRateInExchangeRateOptionInCurrencyMaster" time="8.998" classname="com.focus.testcases.SmokeCurrencyTest"/>
  <testcase name="checkDeleteRowInUSDExchangeRate" time="6.848" classname="com.focus.testcases.SmokeCurrencyTest"/>
  <testcase name="checkClickOnClearToClearValuesInExchangeRate" time="5.895" classname="com.focus.testcases.SmokeCurrencyTest"/>
  <testcase name="checkDeletedCurrencyValuesIsDisplayInExchangeRate" time="5.466" classname="com.focus.testcases.SmokeCurrencyTest"/>
  <testcase name="checkClickOnCancelButtonInCurrencyMaster" time="8.082" classname="com.focus.testcases.SmokeCurrencyTest"/>
  <testcase name="checkClickOnImportFromExcelToDisplayImportScreenInExchangeRate" time="5.403" classname="com.focus.testcases.SmokeCurrencyTest"/>
  <testcase name="checkSaveAEDExchangeRate" time="47.749" classname="com.focus.testcases.SmokeCurrencyTest"/>
  <testcase name="checkCancelOptionInExchangeRate" time="4.211" classname="com.focus.testcases.SmokeCurrencyTest"/>
  <testcase name="checkImportedValuesSecondInExchangeRate" time="24.515" classname="com.focus.testcases.SmokeCurrencyTest"/>
  <testcase name="checkSignToCheckCurrencyMastersPage" time="21.112" classname="com.focus.testcases.SmokeCurrencyTest"/>
  <testcase name="checkSaveExchangeRateOfCurrencyMaster" time="60.181" classname="com.focus.testcases.SmokeCurrencyTest">
    <failure type="java.lang.AssertionError" message="expected [true] but found [false]">
      <![CDATA[java.lang.AssertionError: expected [true] but found [false]
	at org.testng.Assert.fail(Assert.java:94)
	at org.testng.Assert.failNotEquals(Assert.java:513)
	at org.testng.Assert.assertEqualsImpl(Assert.java:135)
	at org.testng.Assert.assertEquals(Assert.java:116)
	at org.testng.Assert.assertEquals(Assert.java:305)
	at org.testng.Assert.assertEquals(Assert.java:315)
	at com.focus.testcases.SmokeCurrencyTest.checkSaveExchangeRateOfCurrencyMaster(SmokeCurrencyTest.java:64)
	at sun.reflect.NativeMethodAccessorImpl.invoke0(Native Method)
	at sun.reflect.NativeMethodAccessorImpl.invoke(Unknown Source)
	at sun.reflect.DelegatingMethodAccessorImpl.invoke(Unknown Source)
	at java.lang.reflect.Method.invoke(Unknown Source)
	at org.testng.internal.MethodInvocationHelper.invokeMethod(MethodInvocationHelper.java:86)
	at org.testng.internal.Invoker.invokeMethod(Invoker.java:643)
	at org.testng.internal.Invoker.invokeTestMethod(Invoker.java:820)
	at org.testng.internal.Invoker.invokeTestMethods(Invoker.java:1128)
	at org.testng.internal.TestMethodWorker.invokeTestMethods(TestMethodWorker.java:129)
	at org.testng.internal.TestMethodWorker.run(TestMethodWorker.java:112)
	at org.testng.TestRunner.privateRun(TestRunner.java:782)
	at org.testng.TestRunner.run(TestRunner.java:632)
	at org.testng.SuiteRunner.runTest(SuiteRunner.java:366)
	at org.testng.SuiteRunner.runSequentially(SuiteRunner.java:361)
	at org.testng.SuiteRunner.privateRun(SuiteRunner.java:319)
	at org.testng.SuiteRunner.run(SuiteRunner.java:268)
	at org.testng.SuiteRunnerWorker.runSuite(SuiteRunnerWorker.java:52)
	at org.testng.SuiteRunnerWorker.run(SuiteRunnerWorker.java:86)
	at org.testng.TestNG.runSuitesSequentially(TestNG.java:1244)
	at org.testng.TestNG.runSuitesLocally(TestNG.java:1169)
	at org.testng.TestNG.run(TestNG.java:1064)
	at org.testng.remote.AbstractRemoteTestNG.run(AbstractRemoteTestNG.java:114)
	at org.testng.remote.RemoteTestNG.initAndRun(RemoteTestNG.java:251)
	at org.testng.remote.RemoteTestNG.main(RemoteTestNG.java:77)
]]>
    </failure>
  </testcase> <!-- checkSaveExchangeRateOfCurrencyMaster -->
  <testcase name="checkCancelOptionInExchangeRateHistory" time="6.047" classname="com.focus.testcases.SmokeCurrencyTest"/>
  <testcase name="checkSelectColumnsMappingInImportScreenOfExchangeRate" time="6.111" classname="com.focus.testcases.SmokeCurrencyTest"/>
  <testcase name="checkValuesInUpdatedExchangeRateOptionInCurrencyMaster" time="35.713" classname="com.focus.testcases.SmokeCurrencyTest">
    <failure type="java.lang.AssertionError" message="expected [true] but found [false]">
      <![CDATA[java.lang.AssertionError: expected [true] but found [false]
	at org.testng.Assert.fail(Assert.java:94)
	at org.testng.Assert.failNotEquals(Assert.java:513)
	at org.testng.Assert.assertEqualsImpl(Assert.java:135)
	at org.testng.Assert.assertEquals(Assert.java:116)
	at org.testng.Assert.assertEquals(Assert.java:305)
	at org.testng.Assert.assertEquals(Assert.java:315)
	at com.focus.testcases.SmokeCurrencyTest.checkValuesInUpdatedExchangeRateOptionInCurrencyMaster(SmokeCurrencyTest.java:80)
	at sun.reflect.NativeMethodAccessorImpl.invoke0(Native Method)
	at sun.reflect.NativeMethodAccessorImpl.invoke(Unknown Source)
	at sun.reflect.DelegatingMethodAccessorImpl.invoke(Unknown Source)
	at java.lang.reflect.Method.invoke(Unknown Source)
	at org.testng.internal.MethodInvocationHelper.invokeMethod(MethodInvocationHelper.java:86)
	at org.testng.internal.Invoker.invokeMethod(Invoker.java:643)
	at org.testng.internal.Invoker.invokeTestMethod(Invoker.java:820)
	at org.testng.internal.Invoker.invokeTestMethods(Invoker.java:1128)
	at org.testng.internal.TestMethodWorker.invokeTestMethods(TestMethodWorker.java:129)
	at org.testng.internal.TestMethodWorker.run(TestMethodWorker.java:112)
	at org.testng.TestRunner.privateRun(TestRunner.java:782)
	at org.testng.TestRunner.run(TestRunner.java:632)
	at org.testng.SuiteRunner.runTest(SuiteRunner.java:366)
	at org.testng.SuiteRunner.runSequentially(SuiteRunner.java:361)
	at org.testng.SuiteRunner.privateRun(SuiteRunner.java:319)
	at org.testng.SuiteRunner.run(SuiteRunner.java:268)
	at org.testng.SuiteRunnerWorker.runSuite(SuiteRunnerWorker.java:52)
	at org.testng.SuiteRunnerWorker.run(SuiteRunnerWorker.java:86)
	at org.testng.TestNG.runSuitesSequentially(TestNG.java:1244)
	at org.testng.TestNG.runSuitesLocally(TestNG.java:1169)
	at org.testng.TestNG.run(TestNG.java:1064)
	at org.testng.remote.AbstractRemoteTestNG.run(AbstractRemoteTestNG.java:114)
	at org.testng.remote.RemoteTestNG.initAndRun(RemoteTestNG.java:251)
	at org.testng.remote.RemoteTestNG.main(RemoteTestNG.java:77)
]]>
    </failure>
  </testcase> <!-- checkValuesInUpdatedExchangeRateOptionInCurrencyMaster -->
  <testcase name="checkValuesInSavedExchangeRate" time="19.372" classname="com.focus.testcases.SmokeCurrencyTest">
    <failure type="java.lang.AssertionError" message="expected [true] but found [false]">
      <![CDATA[java.lang.AssertionError: expected [true] but found [false]
	at org.testng.Assert.fail(Assert.java:94)
	at org.testng.Assert.failNotEquals(Assert.java:513)
	at org.testng.Assert.assertEqualsImpl(Assert.java:135)
	at org.testng.Assert.assertEquals(Assert.java:116)
	at org.testng.Assert.assertEquals(Assert.java:305)
	at org.testng.Assert.assertEquals(Assert.java:315)
	at com.focus.testcases.SmokeCurrencyTest.checkValuesInSavedExchangeRate(SmokeCurrencyTest.java:120)
	at sun.reflect.NativeMethodAccessorImpl.invoke0(Native Method)
	at sun.reflect.NativeMethodAccessorImpl.invoke(Unknown Source)
	at sun.reflect.DelegatingMethodAccessorImpl.invoke(Unknown Source)
	at java.lang.reflect.Method.invoke(Unknown Source)
	at org.testng.internal.MethodInvocationHelper.invokeMethod(MethodInvocationHelper.java:86)
	at org.testng.internal.Invoker.invokeMethod(Invoker.java:643)
	at org.testng.internal.Invoker.invokeTestMethod(Invoker.java:820)
	at org.testng.internal.Invoker.invokeTestMethods(Invoker.java:1128)
	at org.testng.internal.TestMethodWorker.invokeTestMethods(TestMethodWorker.java:129)
	at org.testng.internal.TestMethodWorker.run(TestMethodWorker.java:112)
	at org.testng.TestRunner.privateRun(TestRunner.java:782)
	at org.testng.TestRunner.run(TestRunner.java:632)
	at org.testng.SuiteRunner.runTest(SuiteRunner.java:366)
	at org.testng.SuiteRunner.runSequentially(SuiteRunner.java:361)
	at org.testng.SuiteRunner.privateRun(SuiteRunner.java:319)
	at org.testng.SuiteRunner.run(SuiteRunner.java:268)
	at org.testng.SuiteRunnerWorker.runSuite(SuiteRunnerWorker.java:52)
	at org.testng.SuiteRunnerWorker.run(SuiteRunnerWorker.java:86)
	at org.testng.TestNG.runSuitesSequentially(TestNG.java:1244)
	at org.testng.TestNG.runSuitesLocally(TestNG.java:1169)
	at org.testng.TestNG.run(TestNG.java:1064)
	at org.testng.remote.AbstractRemoteTestNG.run(AbstractRemoteTestNG.java:114)
	at org.testng.remote.RemoteTestNG.initAndRun(RemoteTestNG.java:251)
	at org.testng.remote.RemoteTestNG.main(RemoteTestNG.java:77)
]]>
    </failure>
  </testcase> <!-- checkValuesInSavedExchangeRate -->
  <testcase name="checkDeleteOptionWithYesInExchangeRate" time="5.761" classname="com.focus.testcases.SmokeCurrencyTest"/>
  <testcase name="checkSaveExchangeRateBaseCurrencyUSD" time="25.360" classname="com.focus.testcases.SmokeCurrencyTest"/>
  <testcase name="checkExchangeRateHistorySelectAED" time="27.204" classname="com.focus.testcases.SmokeCurrencyTest"/>
  <testcase name="checkCurrencyUpdateInformationInCurrencyMaster" time="16.893" classname="com.focus.testcases.SmokeCurrencyTest"/>
  <testcase name="checkClickOnImportDataInImportFromExcelPageOfExchangeRate" time="14.730" classname="com.focus.testcases.SmokeCurrencyTest"/>
  <testcase name="checkUSDValuesInSavedExchangeRate" time="17.378" classname="com.focus.testcases.SmokeCurrencyTest"/>
  <testcase name="checkSelectSheetAndClickOnOkButtonInSelectSheetScreenOfExchangeRate" time="5.240" classname="com.focus.testcases.SmokeCurrencyTest"/>
  <testcase name="checkValuesInSavedExchangeRateOptionInCurrencyMaster" time="59.378" classname="com.focus.testcases.SmokeCurrencyTest">
    <failure type="java.lang.AssertionError" message="expected [true] but found [false]">
      <![CDATA[java.lang.AssertionError: expected [true] but found [false]
	at org.testng.Assert.fail(Assert.java:94)
	at org.testng.Assert.failNotEquals(Assert.java:513)
	at org.testng.Assert.assertEqualsImpl(Assert.java:135)
	at org.testng.Assert.assertEquals(Assert.java:116)
	at org.testng.Assert.assertEquals(Assert.java:305)
	at org.testng.Assert.assertEquals(Assert.java:315)
	at com.focus.testcases.SmokeCurrencyTest.checkValuesInSavedExchangeRateOptionInCurrencyMaster(SmokeCurrencyTest.java:71)
	at sun.reflect.NativeMethodAccessorImpl.invoke0(Native Method)
	at sun.reflect.NativeMethodAccessorImpl.invoke(Unknown Source)
	at sun.reflect.DelegatingMethodAccessorImpl.invoke(Unknown Source)
	at java.lang.reflect.Method.invoke(Unknown Source)
	at org.testng.internal.MethodInvocationHelper.invokeMethod(MethodInvocationHelper.java:86)
	at org.testng.internal.Invoker.invokeMethod(Invoker.java:643)
	at org.testng.internal.Invoker.invokeTestMethod(Invoker.java:820)
	at org.testng.internal.Invoker.invokeTestMethods(Invoker.java:1128)
	at org.testng.internal.TestMethodWorker.invokeTestMethods(TestMethodWorker.java:129)
	at org.testng.internal.TestMethodWorker.run(TestMethodWorker.java:112)
	at org.testng.TestRunner.privateRun(TestRunner.java:782)
	at org.testng.TestRunner.run(TestRunner.java:632)
	at org.testng.SuiteRunner.runTest(SuiteRunner.java:366)
	at org.testng.SuiteRunner.runSequentially(SuiteRunner.java:361)
	at org.testng.SuiteRunner.privateRun(SuiteRunner.java:319)
	at org.testng.SuiteRunner.run(SuiteRunner.java:268)
	at org.testng.SuiteRunnerWorker.runSuite(SuiteRunnerWorker.java:52)
	at org.testng.SuiteRunnerWorker.run(SuiteRunnerWorker.java:86)
	at org.testng.TestNG.runSuitesSequentially(TestNG.java:1244)
	at org.testng.TestNG.runSuitesLocally(TestNG.java:1169)
	at org.testng.TestNG.run(TestNG.java:1064)
	at org.testng.remote.AbstractRemoteTestNG.run(AbstractRemoteTestNG.java:114)
	at org.testng.remote.RemoteTestNG.initAndRun(RemoteTestNG.java:251)
	at org.testng.remote.RemoteTestNG.main(RemoteTestNG.java:77)
]]>
    </failure>
  </testcase> <!-- checkValuesInSavedExchangeRateOptionInCurrencyMaster -->
  <testcase name="checkExchangeRateHistoryClearButton" time="5.556" classname="com.focus.testcases.SmokeCurrencyTest"/>
  <testcase name="checkClickOnExchangeRateFromCurrecnyMenu" time="10.035" classname="com.focus.testcases.SmokeCurrencyTest"/>
  <testcase name="checkImportedValuesFirstInExchangeRate" time="26.307" classname="com.focus.testcases.SmokeCurrencyTest"/>
  <testcase name="checkSaveOptionInCurrencyMaster" time="27.721" classname="com.focus.testcases.SmokeCurrencyTest"/>
  <testcase name="checkUSDUpdatedWithRowDeleteValuesInSavedExchangeRate" time="14.444" classname="com.focus.testcases.SmokeCurrencyTest"/>
  <testcase name="checkClickOnExchangeRateOptionInCurrencyMaster" time="6.929" classname="com.focus.testcases.SmokeCurrencyTest"/>
  <testcase name="checkClickOnExchangeRateHistoryMenuFromCurrency" time="9.947" classname="com.focus.testcases.SmokeCurrencyTest"/>
</testsuite> <!-- com.focus.testcases.SmokeCurrencyTest -->
