<?xml version="1.0" encoding="UTF-8"?>
<!-- Generated by org.testng.reporters.JUnitReportReporter -->
<testsuite hostname="FOCUS-QA-10" name="com.focus.testcases.MasterBuyingAndSellingTest" tests="52" failures="2" timestamp="4 Jan 2023 21:19:41 GMT" time="263.386" errors="0">
  <testcase name="checkYesOptionOnClickDelete" time="2.718" classname="com.focus.testcases.MasterBuyingAndSellingTest"/>
  <testcase name="verifyMandatoryFieldsWithoutSelectExternalFields" time="2.506" classname="com.focus.testcases.MasterBuyingAndSellingTest"/>
  <testcase name="verifyImportDataOption" time="7.795" classname="com.focus.testcases.MasterBuyingAndSellingTest">
    <failure type="java.lang.AssertionError" message="expected [true] but found [false]">
      <![CDATA[java.lang.AssertionError: expected [true] but found [false]
	at org.testng.Assert.fail(Assert.java:94)
	at org.testng.Assert.failNotEquals(Assert.java:513)
	at org.testng.Assert.assertEqualsImpl(Assert.java:135)
	at org.testng.Assert.assertEquals(Assert.java:116)
	at org.testng.Assert.assertEquals(Assert.java:305)
	at org.testng.Assert.assertEquals(Assert.java:315)
	at com.focus.testcases.MasterBuyingAndSellingTest.verifyImportDataOption(MasterBuyingAndSellingTest.java:300)
	at sun.reflect.NativeMethodAccessorImpl.invoke0(Native Method)
	at sun.reflect.NativeMethodAccessorImpl.invoke(Unknown Source)
	at sun.reflect.DelegatingMethodAccessorImpl.invoke(Unknown Source)
	at java.lang.reflect.Method.invoke(Unknown Source)
	at org.testng.internal.MethodInvocationHelper.invokeMethod(MethodInvocationHelper.java:86)
	at org.testng.internal.Invoker.invokeMethod(Invoker.java:643)
	at org.testng.internal.Invoker.invokeTestMethod(Invoker.java:820)
	at org.testng.internal.Invoker.invokeTestMethods(Invoker.java:1128)
	at org.testng.internal.TestMethodWorker.invokeTestMethods(TestMethodWorker.java:129)
	at org.testng.internal.TestMethodWorker.run(TestMethodWorker.java:112)
	at org.testng.TestRunner.privateRun(TestRunner.java:782)
	at org.testng.TestRunner.run(TestRunner.java:632)
	at org.testng.SuiteRunner.runTest(SuiteRunner.java:366)
	at org.testng.SuiteRunner.runSequentially(SuiteRunner.java:361)
	at org.testng.SuiteRunner.privateRun(SuiteRunner.java:319)
	at org.testng.SuiteRunner.run(SuiteRunner.java:268)
	at org.testng.SuiteRunnerWorker.runSuite(SuiteRunnerWorker.java:52)
	at org.testng.SuiteRunnerWorker.run(SuiteRunnerWorker.java:86)
	at org.testng.TestNG.runSuitesSequentially(TestNG.java:1244)
	at org.testng.TestNG.runSuitesLocally(TestNG.java:1169)
	at org.testng.TestNG.run(TestNG.java:1064)
	at org.testng.remote.AbstractRemoteTestNG.run(AbstractRemoteTestNG.java:114)
	at org.testng.remote.RemoteTestNG.initAndRun(RemoteTestNG.java:251)
	at org.testng.remote.RemoteTestNG.main(RemoteTestNG.java:77)
]]>
    </failure>
  </testcase> <!-- verifyImportDataOption -->
  <testcase name="verifySaveSellerPriceBook" time="6.978" classname="com.focus.testcases.MasterBuyingAndSellingTest"/>
  <testcase name="verifyUpdateSellerPriceBook" time="9.000" classname="com.focus.testcases.MasterBuyingAndSellingTest"/>
  <testcase name="checkNoOptionOnClickOnDelete" time="2.406" classname="com.focus.testcases.MasterBuyingAndSellingTest"/>
  <testcase name="VerifyRateAsMandatory" time="3.802" classname="com.focus.testcases.MasterBuyingAndSellingTest"/>
  <testcase name="verifyCustomizationSettingsOption" time="2.795" classname="com.focus.testcases.MasterBuyingAndSellingTest"/>
  <testcase name="checkSaveOptionAfterPerformingPasteOptionWithPricebookName" time="4.180" classname="com.focus.testcases.MasterBuyingAndSellingTest"/>
  <testcase name="verifyCustomizeColumnsAfterInputofBuyerPriceName" time="3.552" classname="com.focus.testcases.MasterBuyingAndSellingTest"/>
  <testcase name="verifySellerPricebookYesOptionOnClickDelete" time="2.777" classname="com.focus.testcases.MasterBuyingAndSellingTest"/>
  <testcase name="verifySavedBuyerRatesInformation" time="3.385" classname="com.focus.testcases.MasterBuyingAndSellingTest"/>
  <testcase name="checkExportExcel" time="3.976" classname="com.focus.testcases.MasterBuyingAndSellingTest"/>
  <testcase name="checkDeleteOption" time="10.301" classname="com.focus.testcases.MasterBuyingAndSellingTest"/>
  <testcase name="checkImportButtonWithoutPriceBook" time="2.583" classname="com.focus.testcases.MasterBuyingAndSellingTest"/>
  <testcase name="verifyProductMandatory" time="2.897" classname="com.focus.testcases.MasterBuyingAndSellingTest"/>
  <testcase name="checkPriceBookThroughCopyandPaste" time="2.843" classname="com.focus.testcases.MasterBuyingAndSellingTest"/>
  <testcase name="verifyEditBuyerPriceBook" time="3.182" classname="com.focus.testcases.MasterBuyingAndSellingTest"/>
  <testcase name="verifyMandatoryFieldsInSellerPriceBook" time="2.662" classname="com.focus.testcases.MasterBuyingAndSellingTest"/>
  <testcase name="checkImportFromExcelOptionWithPriceBook" time="4.125" classname="com.focus.testcases.MasterBuyingAndSellingTest"/>
  <testcase name="checkFileExportedIntoFile" time="2.435" classname="com.focus.testcases.MasterBuyingAndSellingTest">
    <failure type="java.lang.AssertionError" message="expected [true] but found [false]">
      <![CDATA[java.lang.AssertionError: expected [true] but found [false]
	at org.testng.Assert.fail(Assert.java:94)
	at org.testng.Assert.failNotEquals(Assert.java:513)
	at org.testng.Assert.assertEqualsImpl(Assert.java:135)
	at org.testng.Assert.assertEquals(Assert.java:116)
	at org.testng.Assert.assertEquals(Assert.java:305)
	at org.testng.Assert.assertEquals(Assert.java:315)
	at com.focus.testcases.MasterBuyingAndSellingTest.checkFileExportedIntoFile(MasterBuyingAndSellingTest.java:220)
	at sun.reflect.NativeMethodAccessorImpl.invoke0(Native Method)
	at sun.reflect.NativeMethodAccessorImpl.invoke(Unknown Source)
	at sun.reflect.DelegatingMethodAccessorImpl.invoke(Unknown Source)
	at java.lang.reflect.Method.invoke(Unknown Source)
	at org.testng.internal.MethodInvocationHelper.invokeMethod(MethodInvocationHelper.java:86)
	at org.testng.internal.Invoker.invokeMethod(Invoker.java:643)
	at org.testng.internal.Invoker.invokeTestMethod(Invoker.java:820)
	at org.testng.internal.Invoker.invokeTestMethods(Invoker.java:1128)
	at org.testng.internal.TestMethodWorker.invokeTestMethods(TestMethodWorker.java:129)
	at org.testng.internal.TestMethodWorker.run(TestMethodWorker.java:112)
	at org.testng.TestRunner.privateRun(TestRunner.java:782)
	at org.testng.TestRunner.run(TestRunner.java:632)
	at org.testng.SuiteRunner.runTest(SuiteRunner.java:366)
	at org.testng.SuiteRunner.runSequentially(SuiteRunner.java:361)
	at org.testng.SuiteRunner.privateRun(SuiteRunner.java:319)
	at org.testng.SuiteRunner.run(SuiteRunner.java:268)
	at org.testng.SuiteRunnerWorker.runSuite(SuiteRunnerWorker.java:52)
	at org.testng.SuiteRunnerWorker.run(SuiteRunnerWorker.java:86)
	at org.testng.TestNG.runSuitesSequentially(TestNG.java:1244)
	at org.testng.TestNG.runSuitesLocally(TestNG.java:1169)
	at org.testng.TestNG.run(TestNG.java:1064)
	at org.testng.remote.AbstractRemoteTestNG.run(AbstractRemoteTestNG.java:114)
	at org.testng.remote.RemoteTestNG.initAndRun(RemoteTestNG.java:251)
	at org.testng.remote.RemoteTestNG.main(RemoteTestNG.java:77)
]]>
    </failure>
  </testcase> <!-- checkFileExportedIntoFile -->
  <testcase name="verifyCustomizeColumnsAfterInputofSellerPriceName" time="3.638" classname="com.focus.testcases.MasterBuyingAndSellingTest"/>
  <testcase name="verifyCloseOptionAfterSavingInactiveInSellerPriceBook" time="3.347" classname="com.focus.testcases.MasterBuyingAndSellingTest"/>
  <testcase name="verifyUpdateBuyerPriceBook" time="11.320" classname="com.focus.testcases.MasterBuyingAndSellingTest"/>
  <testcase name="verifyCustomizeColumnsInGrid" time="4.038" classname="com.focus.testcases.MasterBuyingAndSellingTest"/>
  <testcase name="verifySellerPriceBook" time="7.588" classname="com.focus.testcases.MasterBuyingAndSellingTest"/>
  <testcase name="verifySaveBuyerPriceBook" time="5.776" classname="com.focus.testcases.MasterBuyingAndSellingTest"/>
  <testcase name="verifyEditSellerPriceBook" time="3.138" classname="com.focus.testcases.MasterBuyingAndSellingTest"/>
  <testcase name="clickCopyAndPasteInformatioinOnLoadButton" time="2.786" classname="com.focus.testcases.MasterBuyingAndSellingTest"/>
  <testcase name="verifyOkButtonWithSelectingSheetInSheetPopUpToSelect" time="2.878" classname="com.focus.testcases.MasterBuyingAndSellingTest"/>
  <testcase name="checkExportExcelWithoutSelectingPriceBook" time="2.590" classname="com.focus.testcases.MasterBuyingAndSellingTest"/>
  <testcase name="checkImportFromExcelOptionWithoutPriceBook" time="14.160" classname="com.focus.testcases.MasterBuyingAndSellingTest"/>
  <testcase name="verifySellerPriceBookRate" time="3.539" classname="com.focus.testcases.MasterBuyingAndSellingTest"/>
  <testcase name="verifySheetPopUpToSelect" time="8.118" classname="com.focus.testcases.MasterBuyingAndSellingTest"/>
  <testcase name="verifyCustomizeColumnsInSellerPricebook" time="3.932" classname="com.focus.testcases.MasterBuyingAndSellingTest"/>
  <testcase name="checkSaveOptionAfterPerformingPasteOption" time="2.617" classname="com.focus.testcases.MasterBuyingAndSellingTest"/>
  <testcase name="verifyImportPriceBook" time="8.650" classname="com.focus.testcases.MasterBuyingAndSellingTest"/>
  <testcase name="checkSellerPricebookWithInactive" time="6.995" classname="com.focus.testcases.MasterBuyingAndSellingTest"/>
  <testcase name="verifySellerPricebookNoOptionOnClickOnDelete" time="2.453" classname="com.focus.testcases.MasterBuyingAndSellingTest"/>
  <testcase name="verifyOkButtonWithoutSelectingSheetInSheetPopUpToSelect" time="2.506" classname="com.focus.testcases.MasterBuyingAndSellingTest"/>
  <testcase name="veriyImportPriceBookInformation" time="6.665" classname="com.focus.testcases.MasterBuyingAndSellingTest"/>
  <testcase name="verifyCountOfExtraFields" time="2.594" classname="com.focus.testcases.MasterBuyingAndSellingTest"/>
  <testcase name="verifySavedSellerRatesInformation" time="3.333" classname="com.focus.testcases.MasterBuyingAndSellingTest"/>
  <testcase name="verifyCopyClearPasteDeleteOption" time="13.777" classname="com.focus.testcases.MasterBuyingAndSellingTest"/>
  <testcase name="verifyProductNameAsMandatory" time="2.768" classname="com.focus.testcases.MasterBuyingAndSellingTest"/>
  <testcase name="checkCopyandPaste" time="3.910" classname="com.focus.testcases.MasterBuyingAndSellingTest"/>
  <testcase name="verifyMandatoryFields" time="2.803" classname="com.focus.testcases.MasterBuyingAndSellingTest"/>
  <testcase name="verifySellerPricebookSettingsOption" time="2.577" classname="com.focus.testcases.MasterBuyingAndSellingTest"/>
  <testcase name="verifyCloseInBuyerPriceBook" time="2.779" classname="com.focus.testcases.MasterBuyingAndSellingTest"/>
  <testcase name="verifyBuyerPriceBook" time="22.351" classname="com.focus.testcases.MasterBuyingAndSellingTest"/>
  <testcase name="checkClearOption" time="10.072" classname="com.focus.testcases.MasterBuyingAndSellingTest"/>
  <testcase name="verifyCloseInSellerPriceBook" time="2.790" classname="com.focus.testcases.MasterBuyingAndSellingTest"/>
</testsuite> <!-- com.focus.testcases.MasterBuyingAndSellingTest -->
