<?xml version="1.0" encoding="UTF-8"?>
<!-- Generated by org.testng.reporters.JUnitReportReporter -->
<testsuite hostname="FOCUS-QA-10" name="com.focus.testcases.MenusandSubMenusTest" tests="91" failures="4" timestamp="12 Sep 2022 11:10:59 GMT" time="272.111" errors="2">
  <testcase name="checkSubMenusUnderYearEndProcessMenuList" time="1.167" classname="com.focus.testcases.MenusandSubMenusTest"/>
  <testcase name="checkSubMenusUnderFixedAssetReportsMenuList" time="2.432" classname="com.focus.testcases.MenusandSubMenusTest"/>
  <testcase name="checkSubMenusUnderNewCompanyMenuList" time="1.260" classname="com.focus.testcases.MenusandSubMenusTest"/>
  <testcase name="checkSubMenusUnderFinancialTransactionsAutoPostingsMenuList" time="2.375" classname="com.focus.testcases.MenusandSubMenusTest"/>
  <testcase name="checkSubMenusUnderProductionMRPSettingsMenuList" time="2.191" classname="com.focus.testcases.MenusandSubMenusTest"/>
  <testcase name="checkSubMenusUnderFinancialReportsMenuList" time="2.468" classname="com.focus.testcases.MenusandSubMenusTest"/>
  <testcase name="checkSubMenusUnderMaintainanceMasterMenuList" time="2.160" classname="com.focus.testcases.MenusandSubMenusTest"/>
  <testcase name="checkSubMenusUnderInventoryTransactionsMenuList" time="2.236" classname="com.focus.testcases.MenusandSubMenusTest"/>
  <testcase name="checkSubMenusUnderFinancialMasterInformationReportsMenuList" time="2.220" classname="com.focus.testcases.MenusandSubMenusTest"/>
  <testcase name="checkSubMenusUnderPoitnOfSaleUtilitiesBBQConversionMenuList" time="2.137" classname="com.focus.testcases.MenusandSubMenusTest"/>
  <testcase name="checkSubMenusUnderPointOfSaleMasterMenuList" time="2.448" classname="com.focus.testcases.MenusandSubMenusTest"/>
  <testcase name="checkSubMenusUnderQualityControlMenuList" time="2.186" classname="com.focus.testcases.MenusandSubMenusTest"/>
  <testcase name="checkSubMenusUnderPoitnOfSalePOSReportsPreorderReportsMenuList" time="2.231" classname="com.focus.testcases.MenusandSubMenusTest"/>
  <testcase name="checkSubMenusUnderFinancialReceivableAndPayableAnalysisMenuList" time="2.237" classname="com.focus.testcases.MenusandSubMenusTest"/>
  <testcase name="checkSubMenusUnderInventoryTransactionsPurchaseMenuList" time="2.189" classname="com.focus.testcases.MenusandSubMenusTest"/>
  <testcase name="checkSubMenusUnderPoitnOfSalePOSReportsLastYearComparisonReportsMenuList" time="2.212" classname="com.focus.testcases.MenusandSubMenusTest"/>
  <testcase name="checkSubMenusUnderQCMasterMenuList" time="2.292" classname="com.focus.testcases.MenusandSubMenusTest"/>
  <testcase name="checkSubMenusUnderFixedAssetMenuList" time="2.169" classname="com.focus.testcases.MenusandSubMenusTest"/>
  <testcase name="checkSubMenusUnderPoitnOfSalePOSReportsItemReportsMenuList" time="2.249" classname="com.focus.testcases.MenusandSubMenusTest"/>
  <testcase name="checkSubMenusUnderPointOfSaleDiscountVoucherMenuList" time="2.143" classname="com.focus.testcases.MenusandSubMenusTest"/>
  <testcase name="checkSubMenusUnderPoitnOfSalePOSReportsPreorderPaymentReportsMenuList" time="2.162" classname="com.focus.testcases.MenusandSubMenusTest"/>
  <testcase name="checkSubMenusUnderFinancialMenuList" time="4.314" classname="com.focus.testcases.MenusandSubMenusTest"/>
  <testcase name="checkSubMenusUnderFinancialBudgetMenuList" time="2.277" classname="com.focus.testcases.MenusandSubMenusTest"/>
  <testcase name="checkSubMenusUnderFinancialReceivableAndPayableAnalysisCustomerSummaryMenuList" time="2.189" classname="com.focus.testcases.MenusandSubMenusTest"/>
  <testcase name="checkSubMenusUnderFixedAssetTransactionsMenuList" time="2.358" classname="com.focus.testcases.MenusandSubMenusTest"/>
  <testcase name="checkSubMenusUnderSecurityMenuList" time="3.543" classname="com.focus.testcases.MenusandSubMenusTest"/>
  <testcase name="checkSubMenusUnderInventoryMenuList" time="2.190" classname="com.focus.testcases.MenusandSubMenusTest"/>
  <testcase name="checkSubMenusUnderPoitnOfSalePOSReportsCashReportsMenuList" time="2.145" classname="com.focus.testcases.MenusandSubMenusTest"/>
  <testcase name="checkSubMenusUnderSchemesDiscountDifinitionMenuList" time="3.213" classname="com.focus.testcases.MenusandSubMenusTest">
    <failure type="java.lang.AssertionError" message="expected [true] but found [false]">
      <![CDATA[java.lang.AssertionError: expected [true] but found [false]
	at org.testng.Assert.fail(Assert.java:94)
	at org.testng.Assert.failNotEquals(Assert.java:513)
	at org.testng.Assert.assertEqualsImpl(Assert.java:135)
	at org.testng.Assert.assertEquals(Assert.java:116)
	at org.testng.Assert.assertEquals(Assert.java:305)
	at org.testng.Assert.assertEquals(Assert.java:315)
	at com.focus.testcases.MenusandSubMenusTest.checkSubMenusUnderSchemesDiscountDifinitionMenuList(MenusandSubMenusTest.java:111)
	at sun.reflect.NativeMethodAccessorImpl.invoke0(Native Method)
	at sun.reflect.NativeMethodAccessorImpl.invoke(Unknown Source)
	at sun.reflect.DelegatingMethodAccessorImpl.invoke(Unknown Source)
	at java.lang.reflect.Method.invoke(Unknown Source)
	at org.testng.internal.MethodInvocationHelper.invokeMethod(MethodInvocationHelper.java:86)
	at org.testng.internal.Invoker.invokeMethod(Invoker.java:643)
	at org.testng.internal.Invoker.invokeTestMethod(Invoker.java:820)
	at org.testng.internal.Invoker.invokeTestMethods(Invoker.java:1128)
	at org.testng.internal.TestMethodWorker.invokeTestMethods(TestMethodWorker.java:129)
	at org.testng.internal.TestMethodWorker.run(TestMethodWorker.java:112)
	at org.testng.TestRunner.privateRun(TestRunner.java:782)
	at org.testng.TestRunner.run(TestRunner.java:632)
	at org.testng.SuiteRunner.runTest(SuiteRunner.java:366)
	at org.testng.SuiteRunner.runSequentially(SuiteRunner.java:361)
	at org.testng.SuiteRunner.privateRun(SuiteRunner.java:319)
	at org.testng.SuiteRunner.run(SuiteRunner.java:268)
	at org.testng.SuiteRunnerWorker.runSuite(SuiteRunnerWorker.java:52)
	at org.testng.SuiteRunnerWorker.run(SuiteRunnerWorker.java:86)
	at org.testng.TestNG.runSuitesSequentially(TestNG.java:1244)
	at org.testng.TestNG.runSuitesLocally(TestNG.java:1169)
	at org.testng.TestNG.run(TestNG.java:1064)
	at org.testng.remote.AbstractRemoteTestNG.run(AbstractRemoteTestNG.java:114)
	at org.testng.remote.RemoteTestNG.initAndRun(RemoteTestNG.java:251)
	at org.testng.remote.RemoteTestNG.main(RemoteTestNG.java:77)
]]>
    </failure>
  </testcase> <!-- checkSubMenusUnderSchemesDiscountDifinitionMenuList -->
  <testcase name="checkSubMenusUnderPoitnOfSalePOSReportsSummarySalesReportsMenuList" time="2.299" classname="com.focus.testcases.MenusandSubMenusTest"/>
  <testcase name="checkSubMenusUnderFinancialReportsCashAndBankBooksMenuList" time="2.317" classname="com.focus.testcases.MenusandSubMenusTest"/>
  <testcase name="checkSubMenusUnderFinancialSalesReportsMenuList" time="2.217" classname="com.focus.testcases.MenusandSubMenusTest"/>
  <testcase name="checkSubMenusUnderPoitnOfSalePOSReportsMemberPointsReportsMenuList" time="2.199" classname="com.focus.testcases.MenusandSubMenusTest"/>
  <testcase name="checkSubMenusUnderPoitnOfSalePOSReportsRestaurantReportsMenuList" time="2.203" classname="com.focus.testcases.MenusandSubMenusTest"/>
  <testcase name="checkSubMenusUnderMasterMenuList" time="3.808" classname="com.focus.testcases.MenusandSubMenusTest">
    <failure type="java.lang.AssertionError" message="expected [true] but found [false]">
      <![CDATA[java.lang.AssertionError: expected [true] but found [false]
	at org.testng.Assert.fail(Assert.java:94)
	at org.testng.Assert.failNotEquals(Assert.java:513)
	at org.testng.Assert.assertEqualsImpl(Assert.java:135)
	at org.testng.Assert.assertEquals(Assert.java:116)
	at org.testng.Assert.assertEquals(Assert.java:305)
	at org.testng.Assert.assertEquals(Assert.java:315)
	at com.focus.testcases.MenusandSubMenusTest.checkSubMenusUnderMasterMenuList(MenusandSubMenusTest.java:76)
	at sun.reflect.NativeMethodAccessorImpl.invoke0(Native Method)
	at sun.reflect.NativeMethodAccessorImpl.invoke(Unknown Source)
	at sun.reflect.DelegatingMethodAccessorImpl.invoke(Unknown Source)
	at java.lang.reflect.Method.invoke(Unknown Source)
	at org.testng.internal.MethodInvocationHelper.invokeMethod(MethodInvocationHelper.java:86)
	at org.testng.internal.Invoker.invokeMethod(Invoker.java:643)
	at org.testng.internal.Invoker.invokeTestMethod(Invoker.java:820)
	at org.testng.internal.Invoker.invokeTestMethods(Invoker.java:1128)
	at org.testng.internal.TestMethodWorker.invokeTestMethods(TestMethodWorker.java:129)
	at org.testng.internal.TestMethodWorker.run(TestMethodWorker.java:112)
	at org.testng.TestRunner.privateRun(TestRunner.java:782)
	at org.testng.TestRunner.run(TestRunner.java:632)
	at org.testng.SuiteRunner.runTest(SuiteRunner.java:366)
	at org.testng.SuiteRunner.runSequentially(SuiteRunner.java:361)
	at org.testng.SuiteRunner.privateRun(SuiteRunner.java:319)
	at org.testng.SuiteRunner.run(SuiteRunner.java:268)
	at org.testng.SuiteRunnerWorker.runSuite(SuiteRunnerWorker.java:52)
	at org.testng.SuiteRunnerWorker.run(SuiteRunnerWorker.java:86)
	at org.testng.TestNG.runSuitesSequentially(TestNG.java:1244)
	at org.testng.TestNG.runSuitesLocally(TestNG.java:1169)
	at org.testng.TestNG.run(TestNG.java:1064)
	at org.testng.remote.AbstractRemoteTestNG.run(AbstractRemoteTestNG.java:114)
	at org.testng.remote.RemoteTestNG.initAndRun(RemoteTestNG.java:251)
	at org.testng.remote.RemoteTestNG.main(RemoteTestNG.java:77)
]]>
    </failure>
  </testcase> <!-- checkSubMenusUnderMasterMenuList -->
  <testcase name="checkSubMenusUnderFinancialPurchaseReportsMenuList" time="2.171" classname="com.focus.testcases.MenusandSubMenusTest"/>
  <testcase name="checkSubMenusUnderProductionTransactionsMenuList" time="2.509" classname="com.focus.testcases.MenusandSubMenusTest"/>
  <testcase name="checkSubMenusUnderProductionMenuList" time="2.270" classname="com.focus.testcases.MenusandSubMenusTest"/>
  <testcase name="checkSubMenusUnderFinancialAuditTrailReportsMenuList" time="2.172" classname="com.focus.testcases.MenusandSubMenusTest"/>
  <testcase name="checkSubMenusUnderMRPMasterMenuList" time="2.343" classname="com.focus.testcases.MenusandSubMenusTest"/>
  <testcase name="checkSubMenusUnderFinancialTransactionsJournalsMenuList" time="2.424" classname="com.focus.testcases.MenusandSubMenusTest"/>
  <testcase name="checkSubMenusUnderInventoryOrderManagementMenuList" time="2.274" classname="com.focus.testcases.MenusandSubMenusTest"/>
  <testcase name="checkSubMenusUnderInventoryOrderManagementAnalysisOfLinkedAndUnLinkedDocumentsMenuList" time="2.229" classname="com.focus.testcases.MenusandSubMenusTest"/>
  <testcase name="checkSubMenusUnderFinancialTransactionsCashAndBankMenuList" time="2.365" classname="com.focus.testcases.MenusandSubMenusTest"/>
  <testcase name="checkSubMenusUnderPointOfSaleMemberMenuList" time="2.257" classname="com.focus.testcases.MenusandSubMenusTest"/>
  <testcase name="checkSubMenusUnderPoitnOfSaleMenuTableManagementMenuList" time="2.201" classname="com.focus.testcases.MenusandSubMenusTest"/>
  <testcase name="checkSubMenusUnderProductionReportsMenuList" time="2.471" classname="com.focus.testcases.MenusandSubMenusTest"/>
  <testcase name="checkSubMenusUnderPoitnOfSaleMenuList" time="2.216" classname="com.focus.testcases.MenusandSubMenusTest"/>
  <testcase name="checkSubMenusUnderFinancialBudgetReportMenuList" time="2.196" classname="com.focus.testcases.MenusandSubMenusTest"/>
  <testcase name="checkSubMenusUnderPoitnOfSalePOSReportsMemberReportsMenuList" time="2.214" classname="com.focus.testcases.MenusandSubMenusTest"/>
  <testcase name="checkSubMenusUnderFinancialCreditManagementMenuList" time="2.239" classname="com.focus.testcases.MenusandSubMenusTest"/>
  <testcase name="checkSubMenusUnderInventoryStockAgeingAnalysisReportsMenuList" time="2.224" classname="com.focus.testcases.MenusandSubMenusTest"/>
  <testcase name="checkSubMenusUnderPoitnOfSalePOSReportsStockReportsMenuList" time="2.150" classname="com.focus.testcases.MenusandSubMenusTest"/>
  <testcase name="checkLogin" time="50.892" classname="com.focus.testcases.MenusandSubMenusTest">
    <error type="org.openqa.selenium.NoSuchElementException" message="no such element: Unable to locate element: {&quot;method&quot;:&quot;xpath&quot;,&quot;selector&quot;:&quot;//*[@id=&#039;mainHeader_MainLayout&#039;]/nav/div/ul/li[6]/a/span&quot;}
  (Session info: chrome=105.0.5195.102)
For documentation on this error, please visit: http://seleniumhq.org/exceptions/no_such_element.html
Build info: version: &#039;3.12.0&#039;, revision: &#039;7c6e0b3&#039;, time: &#039;2018-05-08T14:04:26.12Z&#039;
System info: host: &#039;FOCUS-QA-10&#039;, ip: &#039;192.168.4.121&#039;, os.name: &#039;Windows 10&#039;, os.arch: &#039;amd64&#039;, os.version: &#039;10.0&#039;, java.version: &#039;1.8.0_111&#039;
Driver info: org.openqa.selenium.chrome.ChromeDriver
Capabilities {acceptInsecureCerts: false, browserName: chrome, browserVersion: 105.0.5195.102, chrome: {chromedriverVersion: 104.0.5112.79 (3cf3e8c8a07d..., userDataDir: C:\Users\Rakesh\AppData\Loc...}, goog:chromeOptions: {debuggerAddress: localhost:55027}, javascriptEnabled: true, networkConnectionEnabled: false, pageLoadStrategy: normal, platform: WINDOWS, platformName: WINDOWS, proxy: Proxy(), setWindowRect: true, strictFileInteractability: false, timeouts: {implicit: 0, pageLoad: 300000, script: 30000}, unhandledPromptBehavior: dismiss and notify, webauthn:extension:credBlob: true, webauthn:extension:largeBlob: true, webauthn:virtualAuthenticators: true}
Session ID: 9bb732b4c1610da04e4072bae6505c9c
*** Element info: {Using=xpath, value=//*[@id=&#039;mainHeader_MainLayout&#039;]/nav/div/ul/li[6]/a/span}">
      <![CDATA[org.openqa.selenium.NoSuchElementException: no such element: Unable to locate element: {"method":"xpath","selector":"//*[@id='mainHeader_MainLayout']/nav/div/ul/li[6]/a/span"}
  (Session info: chrome=105.0.5195.102)
For documentation on this error, please visit: http://seleniumhq.org/exceptions/no_such_element.html
Build info: version: '3.12.0', revision: '7c6e0b3', time: '2018-05-08T14:04:26.12Z'
System info: host: 'FOCUS-QA-10', ip: '192.168.4.121', os.name: 'Windows 10', os.arch: 'amd64', os.version: '10.0', java.version: '1.8.0_111'
Driver info: org.openqa.selenium.chrome.ChromeDriver
Capabilities {acceptInsecureCerts: false, browserName: chrome, browserVersion: 105.0.5195.102, chrome: {chromedriverVersion: 104.0.5112.79 (3cf3e8c8a07d..., userDataDir: C:\Users\Rakesh\AppData\Loc...}, goog:chromeOptions: {debuggerAddress: localhost:55027}, javascriptEnabled: true, networkConnectionEnabled: false, pageLoadStrategy: normal, platform: WINDOWS, platformName: WINDOWS, proxy: Proxy(), setWindowRect: true, strictFileInteractability: false, timeouts: {implicit: 0, pageLoad: 300000, script: 30000}, unhandledPromptBehavior: dismiss and notify, webauthn:extension:credBlob: true, webauthn:extension:largeBlob: true, webauthn:virtualAuthenticators: true}
Session ID: 9bb732b4c1610da04e4072bae6505c9c
*** Element info: {Using=xpath, value=//*[@id='mainHeader_MainLayout']/nav/div/ul/li[6]/a/span}
	at sun.reflect.NativeConstructorAccessorImpl.newInstance0(Native Method)
	at sun.reflect.NativeConstructorAccessorImpl.newInstance(Unknown Source)
	at sun.reflect.DelegatingConstructorAccessorImpl.newInstance(Unknown Source)
	at java.lang.reflect.Constructor.newInstance(Unknown Source)
	at org.openqa.selenium.remote.http.W3CHttpResponseCodec.createException(W3CHttpResponseCodec.java:187)
	at org.openqa.selenium.remote.http.W3CHttpResponseCodec.decode(W3CHttpResponseCodec.java:122)
	at org.openqa.selenium.remote.http.W3CHttpResponseCodec.decode(W3CHttpResponseCodec.java:49)
	at org.openqa.selenium.remote.HttpCommandExecutor.execute(HttpCommandExecutor.java:158)
	at org.openqa.selenium.remote.service.DriverCommandExecutor.execute(DriverCommandExecutor.java:83)
	at org.openqa.selenium.remote.RemoteWebDriver.execute(RemoteWebDriver.java:543)
	at org.openqa.selenium.remote.RemoteWebDriver.findElement(RemoteWebDriver.java:317)
	at org.openqa.selenium.remote.RemoteWebDriver.findElementByXPath(RemoteWebDriver.java:419)
	at org.openqa.selenium.By$ByXPath.findElement(By.java:353)
	at org.openqa.selenium.remote.RemoteWebDriver.findElement(RemoteWebDriver.java:309)
	at org.openqa.selenium.support.pagefactory.DefaultElementLocator.findElement(DefaultElementLocator.java:69)
	at org.openqa.selenium.support.pagefactory.internal.LocatingElementHandler.invoke(LocatingElementHandler.java:38)
	at com.sun.proxy.$Proxy15.getText(Unknown Source)
	at com.focus.Pages.MenusandSubMenusPage.checkLogin(MenusandSubMenusPage.java:659)
	at com.focus.testcases.MenusandSubMenusTest.checkLogin(MenusandSubMenusTest.java:21)
	at sun.reflect.NativeMethodAccessorImpl.invoke0(Native Method)
	at sun.reflect.NativeMethodAccessorImpl.invoke(Unknown Source)
	at sun.reflect.DelegatingMethodAccessorImpl.invoke(Unknown Source)
	at java.lang.reflect.Method.invoke(Unknown Source)
	at org.testng.internal.MethodInvocationHelper.invokeMethod(MethodInvocationHelper.java:86)
	at org.testng.internal.Invoker.invokeMethod(Invoker.java:643)
	at org.testng.internal.Invoker.invokeTestMethod(Invoker.java:820)
	at org.testng.internal.Invoker.invokeTestMethods(Invoker.java:1128)
	at org.testng.internal.TestMethodWorker.invokeTestMethods(TestMethodWorker.java:129)
	at org.testng.internal.TestMethodWorker.run(TestMethodWorker.java:112)
	at org.testng.TestRunner.privateRun(TestRunner.java:782)
	at org.testng.TestRunner.run(TestRunner.java:632)
	at org.testng.SuiteRunner.runTest(SuiteRunner.java:366)
	at org.testng.SuiteRunner.runSequentially(SuiteRunner.java:361)
	at org.testng.SuiteRunner.privateRun(SuiteRunner.java:319)
	at org.testng.SuiteRunner.run(SuiteRunner.java:268)
	at org.testng.SuiteRunnerWorker.runSuite(SuiteRunnerWorker.java:52)
	at org.testng.SuiteRunnerWorker.run(SuiteRunnerWorker.java:86)
	at org.testng.TestNG.runSuitesSequentially(TestNG.java:1244)
	at org.testng.TestNG.runSuitesLocally(TestNG.java:1169)
	at org.testng.TestNG.run(TestNG.java:1064)
	at org.testng.remote.AbstractRemoteTestNG.run(AbstractRemoteTestNG.java:114)
	at org.testng.remote.RemoteTestNG.initAndRun(RemoteTestNG.java:251)
	at org.testng.remote.RemoteTestNG.main(RemoteTestNG.java:77)
]]>
    </error>
  </testcase> <!-- checkLogin -->
  <testcase name="checkSubMenusUnderInventoryTransactionsStocksMenuList" time="2.220" classname="com.focus.testcases.MenusandSubMenusTest"/>
  <testcase name="checkSubMenusUnderFinancialTransactionsMenuList" time="2.232" classname="com.focus.testcases.MenusandSubMenusTest"/>
  <testcase name="checkSubMenusUnderPointOfSaleTableManagementMenuList" time="2.142" classname="com.focus.testcases.MenusandSubMenusTest">
    <error type="org.openqa.selenium.ElementClickInterceptedException" message="element click intercepted: Element &lt;span&gt;...&lt;/span&gt; is not clickable at point (211, 8). Other element would receive the click: &lt;nav class=&quot;navbar navbar-static-top&quot; role=&quot;navigation&quot;&gt;...&lt;/nav&gt;
  (Session info: chrome=105.0.5195.102)
Build info: version: &#039;3.12.0&#039;, revision: &#039;7c6e0b3&#039;, time: &#039;2018-05-08T14:04:26.12Z&#039;
System info: host: &#039;FOCUS-QA-10&#039;, ip: &#039;192.168.4.121&#039;, os.name: &#039;Windows 10&#039;, os.arch: &#039;amd64&#039;, os.version: &#039;10.0&#039;, java.version: &#039;1.8.0_111&#039;
Driver info: org.openqa.selenium.chrome.ChromeDriver
Capabilities {acceptInsecureCerts: false, browserName: chrome, browserVersion: 105.0.5195.102, chrome: {chromedriverVersion: 104.0.5112.79 (3cf3e8c8a07d..., userDataDir: C:\Users\Rakesh\AppData\Loc...}, goog:chromeOptions: {debuggerAddress: localhost:55027}, javascriptEnabled: true, networkConnectionEnabled: false, pageLoadStrategy: normal, platform: WINDOWS, platformName: WINDOWS, proxy: Proxy(), setWindowRect: true, strictFileInteractability: false, timeouts: {implicit: 0, pageLoad: 300000, script: 30000}, unhandledPromptBehavior: dismiss and notify, webauthn:extension:credBlob: true, webauthn:extension:largeBlob: true, webauthn:virtualAuthenticators: true}
Session ID: 9bb732b4c1610da04e4072bae6505c9c">
      <![CDATA[org.openqa.selenium.ElementClickInterceptedException: element click intercepted: Element <span>...</span> is not clickable at point (211, 8). Other element would receive the click: <nav class="navbar navbar-static-top" role="navigation">...</nav>
  (Session info: chrome=105.0.5195.102)
Build info: version: '3.12.0', revision: '7c6e0b3', time: '2018-05-08T14:04:26.12Z'
System info: host: 'FOCUS-QA-10', ip: '192.168.4.121', os.name: 'Windows 10', os.arch: 'amd64', os.version: '10.0', java.version: '1.8.0_111'
Driver info: org.openqa.selenium.chrome.ChromeDriver
Capabilities {acceptInsecureCerts: false, browserName: chrome, browserVersion: 105.0.5195.102, chrome: {chromedriverVersion: 104.0.5112.79 (3cf3e8c8a07d..., userDataDir: C:\Users\Rakesh\AppData\Loc...}, goog:chromeOptions: {debuggerAddress: localhost:55027}, javascriptEnabled: true, networkConnectionEnabled: false, pageLoadStrategy: normal, platform: WINDOWS, platformName: WINDOWS, proxy: Proxy(), setWindowRect: true, strictFileInteractability: false, timeouts: {implicit: 0, pageLoad: 300000, script: 30000}, unhandledPromptBehavior: dismiss and notify, webauthn:extension:credBlob: true, webauthn:extension:largeBlob: true, webauthn:virtualAuthenticators: true}
Session ID: 9bb732b4c1610da04e4072bae6505c9c
	at sun.reflect.NativeConstructorAccessorImpl.newInstance0(Native Method)
	at sun.reflect.NativeConstructorAccessorImpl.newInstance(Unknown Source)
	at sun.reflect.DelegatingConstructorAccessorImpl.newInstance(Unknown Source)
	at java.lang.reflect.Constructor.newInstance(Unknown Source)
	at org.openqa.selenium.remote.http.W3CHttpResponseCodec.createException(W3CHttpResponseCodec.java:187)
	at org.openqa.selenium.remote.http.W3CHttpResponseCodec.decode(W3CHttpResponseCodec.java:122)
	at org.openqa.selenium.remote.http.W3CHttpResponseCodec.decode(W3CHttpResponseCodec.java:49)
	at org.openqa.selenium.remote.HttpCommandExecutor.execute(HttpCommandExecutor.java:158)
	at org.openqa.selenium.remote.service.DriverCommandExecutor.execute(DriverCommandExecutor.java:83)
	at org.openqa.selenium.remote.RemoteWebDriver.execute(RemoteWebDriver.java:543)
	at org.openqa.selenium.remote.RemoteWebElement.execute(RemoteWebElement.java:276)
	at org.openqa.selenium.remote.RemoteWebElement.click(RemoteWebElement.java:83)
	at sun.reflect.GeneratedMethodAccessor3.invoke(Unknown Source)
	at sun.reflect.DelegatingMethodAccessorImpl.invoke(Unknown Source)
	at java.lang.reflect.Method.invoke(Unknown Source)
	at org.openqa.selenium.support.pagefactory.internal.LocatingElementHandler.invoke(LocatingElementHandler.java:51)
	at com.sun.proxy.$Proxy15.click(Unknown Source)
	at com.focus.Pages.MenusandSubMenusPage.checkSubMenusUnderPointOfSaleTableManagementMenuList(MenusandSubMenusPage.java:1363)
	at com.focus.testcases.MenusandSubMenusTest.checkSubMenusUnderPointOfSaleTableManagementMenuList(MenusandSubMenusTest.java:185)
	at sun.reflect.NativeMethodAccessorImpl.invoke0(Native Method)
	at sun.reflect.NativeMethodAccessorImpl.invoke(Unknown Source)
	at sun.reflect.DelegatingMethodAccessorImpl.invoke(Unknown Source)
	at java.lang.reflect.Method.invoke(Unknown Source)
	at org.testng.internal.MethodInvocationHelper.invokeMethod(MethodInvocationHelper.java:86)
	at org.testng.internal.Invoker.invokeMethod(Invoker.java:643)
	at org.testng.internal.Invoker.invokeTestMethod(Invoker.java:820)
	at org.testng.internal.Invoker.invokeTestMethods(Invoker.java:1128)
	at org.testng.internal.TestMethodWorker.invokeTestMethods(TestMethodWorker.java:129)
	at org.testng.internal.TestMethodWorker.run(TestMethodWorker.java:112)
	at org.testng.TestRunner.privateRun(TestRunner.java:782)
	at org.testng.TestRunner.run(TestRunner.java:632)
	at org.testng.SuiteRunner.runTest(SuiteRunner.java:366)
	at org.testng.SuiteRunner.runSequentially(SuiteRunner.java:361)
	at org.testng.SuiteRunner.privateRun(SuiteRunner.java:319)
	at org.testng.SuiteRunner.run(SuiteRunner.java:268)
	at org.testng.SuiteRunnerWorker.runSuite(SuiteRunnerWorker.java:52)
	at org.testng.SuiteRunnerWorker.run(SuiteRunnerWorker.java:86)
	at org.testng.TestNG.runSuitesSequentially(TestNG.java:1244)
	at org.testng.TestNG.runSuitesLocally(TestNG.java:1169)
	at org.testng.TestNG.run(TestNG.java:1064)
	at org.testng.remote.AbstractRemoteTestNG.run(AbstractRemoteTestNG.java:114)
	at org.testng.remote.RemoteTestNG.initAndRun(RemoteTestNG.java:251)
	at org.testng.remote.RemoteTestNG.main(RemoteTestNG.java:77)
]]>
    </error>
  </testcase> <!-- checkSubMenusUnderPointOfSaleTableManagementMenuList -->
  <testcase name="checkSubMenusUnderFinancialReceivableAndPayableAnalysisCustomerDetailMenuList" time="2.236" classname="com.focus.testcases.MenusandSubMenusTest"/>
  <testcase name="checkSubMenusUnderFinancialBudgetReviseBudgetMenuList" time="2.168" classname="com.focus.testcases.MenusandSubMenusTest"/>
  <testcase name="checkSubMenusUnderQualityControlTransactionsMenuList" time="2.313" classname="com.focus.testcases.MenusandSubMenusTest"/>
  <testcase name="checkSubMenusUnderPoitnOfSalePOSReportsMiscellaneousReportsMenuList" time="2.163" classname="com.focus.testcases.MenusandSubMenusTest"/>
  <testcase name="checkSubMenusUnderPoitnOfSaleUtilitiesMenuList" time="2.386" classname="com.focus.testcases.MenusandSubMenusTest">
    <failure type="java.lang.AssertionError" message="expected [true] but found [false]">
      <![CDATA[java.lang.AssertionError: expected [true] but found [false]
	at org.testng.Assert.fail(Assert.java:94)
	at org.testng.Assert.failNotEquals(Assert.java:513)
	at org.testng.Assert.assertEqualsImpl(Assert.java:135)
	at org.testng.Assert.assertEquals(Assert.java:116)
	at org.testng.Assert.assertEquals(Assert.java:305)
	at org.testng.Assert.assertEquals(Assert.java:315)
	at com.focus.testcases.MenusandSubMenusTest.checkSubMenusUnderPoitnOfSaleUtilitiesMenuList(MenusandSubMenusTest.java:717)
	at sun.reflect.NativeMethodAccessorImpl.invoke0(Native Method)
	at sun.reflect.NativeMethodAccessorImpl.invoke(Unknown Source)
	at sun.reflect.DelegatingMethodAccessorImpl.invoke(Unknown Source)
	at java.lang.reflect.Method.invoke(Unknown Source)
	at org.testng.internal.MethodInvocationHelper.invokeMethod(MethodInvocationHelper.java:86)
	at org.testng.internal.Invoker.invokeMethod(Invoker.java:643)
	at org.testng.internal.Invoker.invokeTestMethod(Invoker.java:820)
	at org.testng.internal.Invoker.invokeTestMethods(Invoker.java:1128)
	at org.testng.internal.TestMethodWorker.invokeTestMethods(TestMethodWorker.java:129)
	at org.testng.internal.TestMethodWorker.run(TestMethodWorker.java:112)
	at org.testng.TestRunner.privateRun(TestRunner.java:782)
	at org.testng.TestRunner.run(TestRunner.java:632)
	at org.testng.SuiteRunner.runTest(SuiteRunner.java:366)
	at org.testng.SuiteRunner.runSequentially(SuiteRunner.java:361)
	at org.testng.SuiteRunner.privateRun(SuiteRunner.java:319)
	at org.testng.SuiteRunner.run(SuiteRunner.java:268)
	at org.testng.SuiteRunnerWorker.runSuite(SuiteRunnerWorker.java:52)
	at org.testng.SuiteRunnerWorker.run(SuiteRunnerWorker.java:86)
	at org.testng.TestNG.runSuitesSequentially(TestNG.java:1244)
	at org.testng.TestNG.runSuitesLocally(TestNG.java:1169)
	at org.testng.TestNG.run(TestNG.java:1064)
	at org.testng.remote.AbstractRemoteTestNG.run(AbstractRemoteTestNG.java:114)
	at org.testng.remote.RemoteTestNG.initAndRun(RemoteTestNG.java:251)
	at org.testng.remote.RemoteTestNG.main(RemoteTestNG.java:77)
]]>
    </failure>
  </testcase> <!-- checkSubMenusUnderPoitnOfSaleUtilitiesMenuList -->
  <testcase name="checkSubMenusUnderFinancialCreditManagementDelinquencyMenuList" time="2.153" classname="com.focus.testcases.MenusandSubMenusTest"/>
  <testcase name="checkSubMenusUnderPoitnOfSalePOSReportsRetailSalesReportsMenuList" time="2.209" classname="com.focus.testcases.MenusandSubMenusTest"/>
  <testcase name="checkHomeMenuSubMenusList" time="2.303" classname="com.focus.testcases.MenusandSubMenusTest"/>
  <testcase name="checkSubMenusUnderPoitnOfSaleMainScreenMenuList" time="2.175" classname="com.focus.testcases.MenusandSubMenusTest"/>
  <testcase name="checkSubMenusUnderPoitnOfSalePOSReportsMenuList" time="2.414" classname="com.focus.testcases.MenusandSubMenusTest"/>
  <testcase name="checkSubMenusUnderUtilitiesMenuList" time="4.823" classname="com.focus.testcases.MenusandSubMenusTest"/>
  <testcase name="checkSubMenusUnderFinancialReceivableAndPayableAnalysisVendorDetailMenuList" time="2.233" classname="com.focus.testcases.MenusandSubMenusTest"/>
  <testcase name="checkSubMenusUnderFinancialReceivableAndPayableAnalysisVendorSummaryMenuList" time="2.190" classname="com.focus.testcases.MenusandSubMenusTest"/>
  <testcase name="checkSubMenusUnderFinancialTransactionsPurchaseMenuList" time="2.188" classname="com.focus.testcases.MenusandSubMenusTest"/>
  <testcase name="checkSubMenusUnderPoitnOfSalePOSReportsPeriodicSalesReportsMenuList" time="2.193" classname="com.focus.testcases.MenusandSubMenusTest"/>
  <testcase name="checkSubMenusUnderFinancialTransactionsSalesMenuList" time="2.243" classname="com.focus.testcases.MenusandSubMenusTest"/>
  <testcase name="checkSubMenusUnderCurrencyMasterMenuList" time="2.165" classname="com.focus.testcases.MenusandSubMenusTest"/>
  <testcase name="checkSubMenusUnderPointOfSaleGiftVoucherMenuList" time="2.145" classname="com.focus.testcases.MenusandSubMenusTest"/>
  <testcase name="checkSubMenusUnderInventoryBinReportsMenuList" time="2.191" classname="com.focus.testcases.MenusandSubMenusTest"/>
  <testcase name="checkSubMenusUnderFinancialMiscellaneousAnalysisReportsMenuList" time="2.247" classname="com.focus.testcases.MenusandSubMenusTest">
    <failure type="java.lang.AssertionError" message="expected [true] but found [false]">
      <![CDATA[java.lang.AssertionError: expected [true] but found [false]
	at org.testng.Assert.fail(Assert.java:94)
	at org.testng.Assert.failNotEquals(Assert.java:513)
	at org.testng.Assert.assertEqualsImpl(Assert.java:135)
	at org.testng.Assert.assertEquals(Assert.java:116)
	at org.testng.Assert.assertEquals(Assert.java:305)
	at org.testng.Assert.assertEquals(Assert.java:315)
	at com.focus.testcases.MenusandSubMenusTest.checkSubMenusUnderFinancialMiscellaneousAnalysisReportsMenuList(MenusandSubMenusTest.java:338)
	at sun.reflect.NativeMethodAccessorImpl.invoke0(Native Method)
	at sun.reflect.NativeMethodAccessorImpl.invoke(Unknown Source)
	at sun.reflect.DelegatingMethodAccessorImpl.invoke(Unknown Source)
	at java.lang.reflect.Method.invoke(Unknown Source)
	at org.testng.internal.MethodInvocationHelper.invokeMethod(MethodInvocationHelper.java:86)
	at org.testng.internal.Invoker.invokeMethod(Invoker.java:643)
	at org.testng.internal.Invoker.invokeTestMethod(Invoker.java:820)
	at org.testng.internal.Invoker.invokeTestMethods(Invoker.java:1128)
	at org.testng.internal.TestMethodWorker.invokeTestMethods(TestMethodWorker.java:129)
	at org.testng.internal.TestMethodWorker.run(TestMethodWorker.java:112)
	at org.testng.TestRunner.privateRun(TestRunner.java:782)
	at org.testng.TestRunner.run(TestRunner.java:632)
	at org.testng.SuiteRunner.runTest(SuiteRunner.java:366)
	at org.testng.SuiteRunner.runSequentially(SuiteRunner.java:361)
	at org.testng.SuiteRunner.privateRun(SuiteRunner.java:319)
	at org.testng.SuiteRunner.run(SuiteRunner.java:268)
	at org.testng.SuiteRunnerWorker.runSuite(SuiteRunnerWorker.java:52)
	at org.testng.SuiteRunnerWorker.run(SuiteRunnerWorker.java:86)
	at org.testng.TestNG.runSuitesSequentially(TestNG.java:1244)
	at org.testng.TestNG.runSuitesLocally(TestNG.java:1169)
	at org.testng.TestNG.run(TestNG.java:1064)
	at org.testng.remote.AbstractRemoteTestNG.run(AbstractRemoteTestNG.java:114)
	at org.testng.remote.RemoteTestNG.initAndRun(RemoteTestNG.java:251)
	at org.testng.remote.RemoteTestNG.main(RemoteTestNG.java:77)
]]>
    </failure>
  </testcase> <!-- checkSubMenusUnderFinancialMiscellaneousAnalysisReportsMenuList -->
  <testcase name="checkSubMenusUnderFinancialRegisterReportsMenuList" time="2.323" classname="com.focus.testcases.MenusandSubMenusTest"/>
  <testcase name="checkSubMenusUnderDataManagementMenuList" time="6.518" classname="com.focus.testcases.MenusandSubMenusTest"/>
  <testcase name="checkSubMenusUnderSettingsMenuList" time="2.541" classname="com.focus.testcases.MenusandSubMenusTest"/>
  <testcase name="checkSubMenusUnderFinancialOnlinePaymentsMenuList" time="2.239" classname="com.focus.testcases.MenusandSubMenusTest"/>
  <testcase name="checkSubMenusUnderFinancialFinalAccountsMenuList" time="2.380" classname="com.focus.testcases.MenusandSubMenusTest"/>
  <testcase name="checkSubMenusUnderInterCompanyTransactionsMenuList" time="1.216" classname="com.focus.testcases.MenusandSubMenusTest"/>
  <testcase name="checkSubMenusUnderItemMasterMenuList" time="4.264" classname="com.focus.testcases.MenusandSubMenusTest"/>
  <testcase name="checkSubMenusUnderInventoryReportsMenuList" time="2.750" classname="com.focus.testcases.MenusandSubMenusTest"/>
  <testcase name="checkSubMenusUnderPayrollMenuList" time="2.684" classname="com.focus.testcases.MenusandSubMenusTest"/>
  <testcase name="checkSubMenusUnderSchemesMasterMenuList" time="6.190" classname="com.focus.testcases.MenusandSubMenusTest"/>
  <testcase name="checkSubMenusUnderCompanyMenuList" time="4.333" classname="com.focus.testcases.MenusandSubMenusTest"/>
  <testcase name="checkSubMenusUnderQualityControlReportsMenuList" time="2.190" classname="com.focus.testcases.MenusandSubMenusTest"/>
  <testcase name="checkSubMenusUnderInventoryTransactionsSalesMenuList" time="2.221" classname="com.focus.testcases.MenusandSubMenusTest"/>
  <testcase name="checkSubMenusUnderFinancialSalesAndPurchaseAnalysisReportsMenuList" time="2.277" classname="com.focus.testcases.MenusandSubMenusTest"/>
</testsuite> <!-- com.focus.testcases.MenusandSubMenusTest -->
