<?xml version="1.0" encoding="UTF-8"?>
<!-- Generated by org.testng.reporters.JUnitReportReporter -->
<testsuite hostname="FOCUS-QA-10" name="com.focus.testcases.MasterDepartmentTest" tests="44" failures="1" timestamp="4 Jan 2023 21:19:41 GMT" time="194.647" errors="0">
  <testcase name="checkOtherToolsOptionsDepartmentMenu" time="2.839" classname="com.focus.testcases.MasterDepartmentTest"/>
  <testcase name="checkCreateTreeToggleOptionsDepartmentMenu" time="2.590" classname="com.focus.testcases.MasterDepartmentTest"/>
  <testcase name="verifyUpateForNewlyCreateDepartment" time="3.505" classname="com.focus.testcases.MasterDepartmentTest"/>
  <testcase name="checkCreateViewToggleOptionsDepartmentMenu" time="2.495" classname="com.focus.testcases.MasterDepartmentTest"/>
  <testcase name="verifyUnitDisplayInUnitsSavingWithCloneMasterOptions" time="5.273" classname="com.focus.testcases.MasterDepartmentTest"/>
  <testcase name="verifyOpenDepartmentMenu" time="12.212" classname="com.focus.testcases.MasterDepartmentTest"/>
  <testcase name="verifyDeleteDepartmentDisplayBeforeCustomization" time="5.398" classname="com.focus.testcases.MasterDepartmentTest"/>
  <testcase name="verifyNewButton" time="2.708" classname="com.focus.testcases.MasterDepartmentTest"/>
  <testcase name="verifySaveButtonWithInputingMandatoryFields" time="2.933" classname="com.focus.testcases.MasterDepartmentTest"/>
  <testcase name="verifyBinsAddGroupNewCreateDisplayInBinsGrid" time="5.505" classname="com.focus.testcases.MasterDepartmentTest"/>
  <testcase name="checkToolsOptionsDepartmentMenu" time="2.767" classname="com.focus.testcases.MasterDepartmentTest"/>
  <testcase name="verifyDepartmentMasterProperties" time="5.721" classname="com.focus.testcases.MasterDepartmentTest"/>
  <testcase name="verifyDepartmentDisplaySavingWithCopyAndPaste" time="4.418" classname="com.focus.testcases.MasterDepartmentTest"/>
  <testcase name="checkUpateForNewlyCreateAddGroupDepartment" time="3.354" classname="com.focus.testcases.MasterDepartmentTest"/>
  <testcase name="verifyCloneButtonAndSaveInUnitsMasterOptions" time="7.085" classname="com.focus.testcases.MasterDepartmentTest"/>
  <testcase name="verifyBinFirstLevel" time="5.357" classname="com.focus.testcases.MasterDepartmentTest">
    <failure type="java.lang.AssertionError" message="expected [true] but found [false]">
      <![CDATA[java.lang.AssertionError: expected [true] but found [false]
	at org.testng.Assert.fail(Assert.java:94)
	at org.testng.Assert.failNotEquals(Assert.java:513)
	at org.testng.Assert.assertEqualsImpl(Assert.java:135)
	at org.testng.Assert.assertEquals(Assert.java:116)
	at org.testng.Assert.assertEquals(Assert.java:305)
	at org.testng.Assert.assertEquals(Assert.java:315)
	at com.focus.testcases.MasterDepartmentTest.verifyBinFirstLevel(MasterDepartmentTest.java:437)
	at sun.reflect.NativeMethodAccessorImpl.invoke0(Native Method)
	at sun.reflect.NativeMethodAccessorImpl.invoke(Unknown Source)
	at sun.reflect.DelegatingMethodAccessorImpl.invoke(Unknown Source)
	at java.lang.reflect.Method.invoke(Unknown Source)
	at org.testng.internal.MethodInvocationHelper.invokeMethod(MethodInvocationHelper.java:86)
	at org.testng.internal.Invoker.invokeMethod(Invoker.java:643)
	at org.testng.internal.Invoker.invokeTestMethod(Invoker.java:820)
	at org.testng.internal.Invoker.invokeTestMethods(Invoker.java:1128)
	at org.testng.internal.TestMethodWorker.invokeTestMethods(TestMethodWorker.java:129)
	at org.testng.internal.TestMethodWorker.run(TestMethodWorker.java:112)
	at org.testng.TestRunner.privateRun(TestRunner.java:782)
	at org.testng.TestRunner.run(TestRunner.java:632)
	at org.testng.SuiteRunner.runTest(SuiteRunner.java:366)
	at org.testng.SuiteRunner.runSequentially(SuiteRunner.java:361)
	at org.testng.SuiteRunner.privateRun(SuiteRunner.java:319)
	at org.testng.SuiteRunner.run(SuiteRunner.java:268)
	at org.testng.SuiteRunnerWorker.runSuite(SuiteRunnerWorker.java:52)
	at org.testng.SuiteRunnerWorker.run(SuiteRunnerWorker.java:86)
	at org.testng.TestNG.runSuitesSequentially(TestNG.java:1244)
	at org.testng.TestNG.runSuitesLocally(TestNG.java:1169)
	at org.testng.TestNG.run(TestNG.java:1064)
	at org.testng.remote.AbstractRemoteTestNG.run(AbstractRemoteTestNG.java:114)
	at org.testng.remote.RemoteTestNG.initAndRun(RemoteTestNG.java:251)
	at org.testng.remote.RemoteTestNG.main(RemoteTestNG.java:77)
]]>
    </failure>
  </testcase> <!-- verifyBinFirstLevel -->
  <testcase name="verifyEditOptionForNewlyCreateAddGroupBins" time="5.907" classname="com.focus.testcases.MasterDepartmentTest"/>
  <testcase name="verifyEditOptionForNewlyCreatedDepartment" time="5.854" classname="com.focus.testcases.MasterDepartmentTest"/>
  <testcase name="checkSearchOptionsInMainPageHeaderFieldsOptionsDepartmentMenu" time="2.444" classname="com.focus.testcases.MasterDepartmentTest"/>
  <testcase name="verifyNewlyCreatedDepartmentDisplayInGrid" time="5.479" classname="com.focus.testcases.MasterDepartmentTest"/>
  <testcase name="verifySaveButtonInAddGroupWithInputingMandatoryFields" time="3.072" classname="com.focus.testcases.MasterDepartmentTest"/>
  <testcase name="checkHideAccountGroupsOptionsDepartmentMenu" time="2.366" classname="com.focus.testcases.MasterDepartmentTest"/>
  <testcase name="verifyCopyOptionByPasteOptionWithNewButton" time="6.166" classname="com.focus.testcases.MasterDepartmentTest"/>
  <testcase name="verifykDepartmentDisplayInUnitsSavingWithCloneMasterCreationOptions" time="5.416" classname="com.focus.testcases.MasterDepartmentTest"/>
  <testcase name="checkTreeViewOptionsDepartmentMenu" time="2.387" classname="com.focus.testcases.MasterDepartmentTest"/>
  <testcase name="verifyOkInDeleteValidationMessage" time="2.900" classname="com.focus.testcases.MasterDepartmentTest"/>
  <testcase name="verifySaveButtonWithoutInputCodeMandatoryFieldsInNew" time="2.818" classname="com.focus.testcases.MasterDepartmentTest"/>
  <testcase name="verifyCloseBinsMaster" time="3.066" classname="com.focus.testcases.MasterDepartmentTest"/>
  <testcase name="verifySaveDepartmentUsingCopyAndPaste" time="5.361" classname="com.focus.testcases.MasterDepartmentTest"/>
  <testcase name="verifyCloneButtonAndSaveInDepartmentMasterCreation" time="6.814" classname="com.focus.testcases.MasterDepartmentTest"/>
  <testcase name="verifyClickOnGroupToDisplayEmpty" time="5.782" classname="com.focus.testcases.MasterDepartmentTest"/>
  <testcase name="verifySaveButtonWithoutInputCodeMandatoryFieldsInAddGroupOption" time="2.759" classname="com.focus.testcases.MasterDepartmentTest"/>
  <testcase name="checkMainOptionsDepartmentMenu" time="2.455" classname="com.focus.testcases.MasterDepartmentTest"/>
  <testcase name="verifySaveDepartmentInDepartmentGroup" time="3.542" classname="com.focus.testcases.MasterDepartmentTest"/>
  <testcase name="verifyInActiveBySelectingOkButtonInPropertiesOptionForDepartment" time="7.620" classname="com.focus.testcases.MasterDepartmentTest"/>
  <testcase name="verifyUpdatedBinGroupDisplayInBinGrid" time="5.373" classname="com.focus.testcases.MasterDepartmentTest"/>
  <testcase name="verifyCloseOptionInBinsCreation" time="5.432" classname="com.focus.testcases.MasterDepartmentTest"/>
  <testcase name="checkMainPageHeaderFieldsOptionsDepartmentMenu" time="2.651" classname="com.focus.testcases.MasterDepartmentTest"/>
  <testcase name="verifySaveButtonWithoutInputNameMandatoryFieldsInAddGroupOption" time="2.495" classname="com.focus.testcases.MasterDepartmentTest"/>
  <testcase name="verifyAddGroupButton" time="2.757" classname="com.focus.testcases.MasterDepartmentTest"/>
  <testcase name="verifyBinsAddGroupCreationScreenAfterSaving" time="2.412" classname="com.focus.testcases.MasterDepartmentTest"/>
  <testcase name="verifyCreateNewDepartmentForDeleteOptionValidationMessage" time="12.086" classname="com.focus.testcases.MasterDepartmentTest"/>
  <testcase name="verifySaveButtonWithoutInputNameMandatoryFieldsInNew" time="2.635" classname="com.focus.testcases.MasterDepartmentTest"/>
  <testcase name="verifyDepartmentCreationScreenAfterSaving" time="2.438" classname="com.focus.testcases.MasterDepartmentTest"/>
</testsuite> <!-- com.focus.testcases.MasterDepartmentTest -->
