<?xml version="1.0" encoding="UTF-8"?>
<!-- Generated by org.testng.reporters.JUnitReportReporter -->
<testsuite hostname="FOCUS-QA-10" name="com.focus.testcases.SmokeDCTest" tests="92" failures="2" timestamp="4 Jan 2023 21:19:41 GMT" time="1287.674" errors="1">
  <testcase name="checkJournalEnteries" time="22.831" classname="com.focus.testcases.SmokeDCTest"/>
  <testcase name="checkCreatingNewVoucherOpeningBalance" time="31.344" classname="com.focus.testcases.SmokeDCTest"/>
  <testcase name="checkApplybuttonintheCreationFieldwithEmpty" time="2.654" classname="com.focus.testcases.SmokeDCTest"/>
  <testcase name="checkDeleteoptionInFooterTabEditScreeninPurchaseVoucher" time="2.620" classname="com.focus.testcases.SmokeDCTest">
    <failure type="java.lang.AssertionError" message="expected [true] but found [false]">
      <![CDATA[java.lang.AssertionError: expected [true] but found [false]
	at org.testng.Assert.fail(Assert.java:94)
	at org.testng.Assert.failNotEquals(Assert.java:513)
	at org.testng.Assert.assertEqualsImpl(Assert.java:135)
	at org.testng.Assert.assertEquals(Assert.java:116)
	at org.testng.Assert.assertEquals(Assert.java:305)
	at org.testng.Assert.assertEquals(Assert.java:315)
	at com.focus.testcases.SmokeDCTest.checkDeleteoptionInFooterTabEditScreeninPurchaseVoucher(SmokeDCTest.java:438)
	at sun.reflect.NativeMethodAccessorImpl.invoke0(Native Method)
	at sun.reflect.NativeMethodAccessorImpl.invoke(Unknown Source)
	at sun.reflect.DelegatingMethodAccessorImpl.invoke(Unknown Source)
	at java.lang.reflect.Method.invoke(Unknown Source)
	at org.testng.internal.MethodInvocationHelper.invokeMethod(MethodInvocationHelper.java:86)
	at org.testng.internal.Invoker.invokeMethod(Invoker.java:643)
	at org.testng.internal.Invoker.invokeTestMethod(Invoker.java:820)
	at org.testng.internal.Invoker.invokeTestMethods(Invoker.java:1128)
	at org.testng.internal.TestMethodWorker.invokeTestMethods(TestMethodWorker.java:129)
	at org.testng.internal.TestMethodWorker.run(TestMethodWorker.java:112)
	at org.testng.TestRunner.privateRun(TestRunner.java:782)
	at org.testng.TestRunner.run(TestRunner.java:632)
	at org.testng.SuiteRunner.runTest(SuiteRunner.java:366)
	at org.testng.SuiteRunner.runSequentially(SuiteRunner.java:361)
	at org.testng.SuiteRunner.privateRun(SuiteRunner.java:319)
	at org.testng.SuiteRunner.run(SuiteRunner.java:268)
	at org.testng.SuiteRunnerWorker.runSuite(SuiteRunnerWorker.java:52)
	at org.testng.SuiteRunnerWorker.run(SuiteRunnerWorker.java:86)
	at org.testng.TestNG.runSuitesSequentially(TestNG.java:1244)
	at org.testng.TestNG.runSuitesLocally(TestNG.java:1169)
	at org.testng.TestNG.run(TestNG.java:1064)
	at org.testng.remote.AbstractRemoteTestNG.run(AbstractRemoteTestNG.java:114)
	at org.testng.remote.RemoteTestNG.initAndRun(RemoteTestNG.java:251)
	at org.testng.remote.RemoteTestNG.main(RemoteTestNG.java:77)
]]>
    </failure>
  </testcase> <!-- checkDeleteoptionInFooterTabEditScreeninPurchaseVoucher -->
  <testcase name="checkLoginCompanyWithValidCredentials" time="10.619" classname="com.focus.testcases.SmokeDCTest"/>
  <testcase name="checkCreatingNewVoucherDebitNotesVAT" time="37.989" classname="com.focus.testcases.SmokeDCTest"/>
  <testcase name="checkAddFieldFDInFooterField" time="4.118" classname="com.focus.testcases.SmokeDCTest"/>
  <testcase name="checkFooterTabinEditScreenInMaterialReceiptsNotes" time="2.461" classname="com.focus.testcases.SmokeDCTest"/>
  <testcase name="checkFooterTabEditScreenInPurchaseVoucher" time="2.491" classname="com.focus.testcases.SmokeDCTest"/>
  <testcase name="checkMiscellaneousTabInReceiptNewVoucher" time="4.661" classname="com.focus.testcases.SmokeDCTest"/>
  <testcase name="checkFooterTabAddbuttoninEditScreeninPurchaseVoucher" time="2.923" classname="com.focus.testcases.SmokeDCTest"/>
  <testcase name="checkopeningStocksVoucher" time="25.075" classname="com.focus.testcases.SmokeDCTest"/>
  <testcase name="checkCreatingNewVoucherExcessInStock" time="77.611" classname="com.focus.testcases.SmokeDCTest"/>
  <testcase name="checkFooterTabOptionsEditScreeninPurchaseVoucher" time="2.487" classname="com.focus.testcases.SmokeDCTest"/>
  <testcase name="checksUpdateButtoInPostDatedReceiptsNewVoucher" time="13.057" classname="com.focus.testcases.SmokeDCTest"/>
  <testcase name="checkExternalModulesTabOptionsInEditLayoutHeader" time="3.617" classname="com.focus.testcases.SmokeDCTest"/>
  <testcase name="checkLoadMastersOptionInPaymentNewVoucher" time="19.290" classname="com.focus.testcases.SmokeDCTest"/>
  <testcase name="checksUpdateButtonInReceiptsNewVoucher" time="5.079" classname="com.focus.testcases.SmokeDCTest"/>
  <testcase name="checkApplyButtonInEdtitLayoutHeader" time="4.442" classname="com.focus.testcases.SmokeDCTest"/>
  <testcase name="checkFieldDetailsTabOptionsEditLayoutBody" time="2.580" classname="com.focus.testcases.SmokeDCTest"/>
  <testcase name="checkFormualaBodyaddingFieldInMaterialReceiptNotes" time="2.972" classname="com.focus.testcases.SmokeDCTest"/>
  <testcase name="checkEditLayoutBodyLoadFieldInPaymentVoucher" time="16.283" classname="com.focus.testcases.SmokeDCTest"/>
  <testcase name="checkRDBodyFieldInMaterialReceiptNotes" time="2.962" classname="com.focus.testcases.SmokeDCTest"/>
  <testcase name="checkAddFieldOptionsInReceiptsNewVoucherHeaderEditLayout" time="3.398" classname="com.focus.testcases.SmokeDCTest"/>
  <testcase name="checkLoadFieldsinFooterTabinMaterialReceiptsNotes" time="2.508" classname="com.focus.testcases.SmokeDCTest"/>
  <testcase name="checkCloseAndLogoutTheCompany" time="4.377" classname="com.focus.testcases.SmokeDCTest"/>
  <testcase name="checkSalesReturnInDocumentCustomization" time="33.949" classname="com.focus.testcases.SmokeDCTest"/>
  <testcase name="checkEditScreenOptionsInPurchaseVoucher" time="4.170" classname="com.focus.testcases.SmokeDCTest"/>
  <testcase name="checkDocumentsTabInReceipts" time="8.531" classname="com.focus.testcases.SmokeDCTest"/>
  <testcase name="checkEditoptionInFooterTabEditScreeninPurchaseVoucher" time="3.744" classname="com.focus.testcases.SmokeDCTest"/>
  <testcase name="checkUpdateStockUncheckInMiscellaneousTabInPurchaseVoucher" time="2.548" classname="com.focus.testcases.SmokeDCTest"/>
  <testcase name="checkCreatingNewVoucherSalesInvoiceNew" time="43.717" classname="com.focus.testcases.SmokeDCTest"/>
  <testcase name="checkApplyButtonInEdtitLayoutBody" time="4.256" classname="com.focus.testcases.SmokeDCTest"/>
  <testcase name="checkLoadFieldsEditScreenBodyTabMaterialReceiptsNotes" time="3.556" classname="com.focus.testcases.SmokeDCTest"/>
  <testcase name="checkPropertiesTabOptionsInEditLayoutBody" time="3.643" classname="com.focus.testcases.SmokeDCTest"/>
  <testcase name="checkExternalModulesTabOptionsInEditLayoutBody" time="6.733" classname="com.focus.testcases.SmokeDCTest"/>
  <testcase name="checkCreatingNewVoucherInPostDatedRecepits" time="39.632" classname="com.focus.testcases.SmokeDCTest"/>
  <testcase name="checkFDSavingInFooterTabUpdateMaterialReceiptNotes" time="3.323" classname="com.focus.testcases.SmokeDCTest"/>
  <testcase name="verifyDocumentCustomizationOptions" time="3.982" classname="com.focus.testcases.SmokeDCTest"/>
  <testcase name="checkselectingPurchseVoucherFromLoadFieldsDropdownBodyTab" time="2.562" classname="com.focus.testcases.SmokeDCTest"/>
  <testcase name="checkEditFieldOptionsInReceiptsNewVoucherEditLayoutBody" time="3.690" classname="com.focus.testcases.SmokeDCTest"/>
  <testcase name="checkDeleteFieldOptionsInReceiptsNewVoucherHeaderEditLayout" time="4.223" classname="com.focus.testcases.SmokeDCTest"/>
  <testcase name="checkDeleteDocumentintheSalesInvoiceVoucher" time="35.384" classname="com.focus.testcases.SmokeDCTest"/>
  <testcase name="checkAddButtonOptionsInPurchaseVoucher" time="3.194" classname="com.focus.testcases.SmokeDCTest"/>
  <testcase name="verifyDocumentCustomization" time="3.401" classname="com.focus.testcases.SmokeDCTest"/>
  <testcase name="checkLoadFieldsDropdownListsInEditScreenBodyTab" time="2.471" classname="com.focus.testcases.SmokeDCTest"/>
  <testcase name="checkFormattingTabOptionsInEditLayoutHeader" time="3.613" classname="com.focus.testcases.SmokeDCTest"/>
  <testcase name="checkExcessInStock" time="29.125" classname="com.focus.testcases.SmokeDCTest"/>
  <testcase name="checkCreatingNewVoucherjournalEntries" time="23.680" classname="com.focus.testcases.SmokeDCTest"/>
  <testcase name="checkRatePreloadValue" time="2.334" classname="com.focus.testcases.SmokeDCTest"/>
  <testcase name="checkTagsCurrencyAndDueDateOfSalesInvoice" time="65.854" classname="com.focus.testcases.SmokeDCTest"/>
  <testcase name="checkPropertiesTabOptionsInEditLayoutHeader" time="3.571" classname="com.focus.testcases.SmokeDCTest"/>
  <testcase name="checkEditLayoutInReceiptsNewVoucher" time="2.563" classname="com.focus.testcases.SmokeDCTest"/>
  <testcase name="checkCreatingNewVoucherInPostDatedPaymets" time="47.795" classname="com.focus.testcases.SmokeDCTest"/>
  <testcase name="checkClickOnLoadFiledsOptionInEditScreenBodyTab" time="2.556" classname="com.focus.testcases.SmokeDCTest"/>
  <testcase name="checkCreateNewDocumentintheSalesOrderVoucher" time="39.581" classname="com.focus.testcases.SmokeDCTest"/>
  <testcase name="checksUpdateButtoInPostDatedPaymentsNewVoucher" time="14.103" classname="com.focus.testcases.SmokeDCTest"/>
  <testcase name="checkMasterValues" time="2.526" classname="com.focus.testcases.SmokeDCTest"/>
  <testcase name="checkPurchaseReturnInDocumentCustomization" time="62.143" classname="com.focus.testcases.SmokeDCTest"/>
  <testcase name="checkRulesTabOptionsInEditLayoutHeader" time="3.586" classname="com.focus.testcases.SmokeDCTest"/>
  <testcase name="checkOpeningBalanceVoucher" time="30.622" classname="com.focus.testcases.SmokeDCTest"/>
  <testcase name="checkMiscellaneousTabInPaymentNewVoucher" time="7.605" classname="com.focus.testcases.SmokeDCTest"/>
  <testcase name="checkLoadFieldsDropdownOptionsinFooterTab" time="2.443" classname="com.focus.testcases.SmokeDCTest"/>
  <testcase name="checkRulesTabOptionsInEditLayoutBody" time="7.591" classname="com.focus.testcases.SmokeDCTest"/>
  <testcase name="checkUpdatebuttonInEditScreenOfPurchaseVoucher" time="3.058" classname="com.focus.testcases.SmokeDCTest"/>
  <testcase name="checkBehaviourOptions" time="2.515" classname="com.focus.testcases.SmokeDCTest"/>
  <testcase name="checkEditFieldOptionsInReceiptsNewVoucherHeaderEditLayout" time="3.873" classname="com.focus.testcases.SmokeDCTest"/>
  <testcase name="checkCreatingNewVoucherPurchaseVoucheVAT" time="48.912" classname="com.focus.testcases.SmokeDCTest"/>
  <testcase name="checkApplybuttonintheCreationFieldwithinputingdata" time="4.087" classname="com.focus.testcases.SmokeDCTest"/>
  <testcase name="checksUpdateButtonInPaymentsNewVoucher" time="5.072" classname="com.focus.testcases.SmokeDCTest"/>
  <testcase name="checkDocumentTagsInMaterialReceiptNotes" time="3.667" classname="com.focus.testcases.SmokeDCTest">
    <error type="org.openqa.selenium.StaleElementReferenceException" message="stale element reference: element is not attached to the page document
  (Session info: chrome=108.0.5359.125)
For documentation on this error, please visit: http://seleniumhq.org/exceptions/stale_element_reference.html
Build info: version: &#039;3.12.0&#039;, revision: &#039;7c6e0b3&#039;, time: &#039;2018-05-08T14:04:26.12Z&#039;
System info: host: &#039;FOCUS-QA-10&#039;, ip: &#039;192.168.4.206&#039;, os.name: &#039;Windows 10&#039;, os.arch: &#039;amd64&#039;, os.version: &#039;10.0&#039;, java.version: &#039;1.8.0_111&#039;
Driver info: org.openqa.selenium.chrome.ChromeDriver
Capabilities {acceptInsecureCerts: false, browserName: chrome, browserVersion: 108.0.5359.125, chrome: {chromedriverVersion: 108.0.5359.71 (1e0e3868ee06..., userDataDir: C:\Users\Rakesh\AppData\Loc...}, goog:chromeOptions: {debuggerAddress: localhost:56725}, javascriptEnabled: true, networkConnectionEnabled: false, pageLoadStrategy: normal, platform: WINDOWS, platformName: WINDOWS, proxy: Proxy(), setWindowRect: true, strictFileInteractability: false, timeouts: {implicit: 0, pageLoad: 300000, script: 30000}, unhandledPromptBehavior: dismiss and notify, webauthn:extension:credBlob: true, webauthn:extension:largeBlob: true, webauthn:virtualAuthenticators: true}
Session ID: 9e079afb5811d7f882fbb21baf37dff7">
      <![CDATA[org.openqa.selenium.StaleElementReferenceException: stale element reference: element is not attached to the page document
  (Session info: chrome=108.0.5359.125)
For documentation on this error, please visit: http://seleniumhq.org/exceptions/stale_element_reference.html
Build info: version: '3.12.0', revision: '7c6e0b3', time: '2018-05-08T14:04:26.12Z'
System info: host: 'FOCUS-QA-10', ip: '192.168.4.206', os.name: 'Windows 10', os.arch: 'amd64', os.version: '10.0', java.version: '1.8.0_111'
Driver info: org.openqa.selenium.chrome.ChromeDriver
Capabilities {acceptInsecureCerts: false, browserName: chrome, browserVersion: 108.0.5359.125, chrome: {chromedriverVersion: 108.0.5359.71 (1e0e3868ee06..., userDataDir: C:\Users\Rakesh\AppData\Loc...}, goog:chromeOptions: {debuggerAddress: localhost:56725}, javascriptEnabled: true, networkConnectionEnabled: false, pageLoadStrategy: normal, platform: WINDOWS, platformName: WINDOWS, proxy: Proxy(), setWindowRect: true, strictFileInteractability: false, timeouts: {implicit: 0, pageLoad: 300000, script: 30000}, unhandledPromptBehavior: dismiss and notify, webauthn:extension:credBlob: true, webauthn:extension:largeBlob: true, webauthn:virtualAuthenticators: true}
Session ID: 9e079afb5811d7f882fbb21baf37dff7
	at sun.reflect.NativeConstructorAccessorImpl.newInstance0(Native Method)
	at sun.reflect.NativeConstructorAccessorImpl.newInstance(Unknown Source)
	at sun.reflect.DelegatingConstructorAccessorImpl.newInstance(Unknown Source)
	at java.lang.reflect.Constructor.newInstance(Unknown Source)
	at org.openqa.selenium.remote.http.W3CHttpResponseCodec.createException(W3CHttpResponseCodec.java:187)
	at org.openqa.selenium.remote.http.W3CHttpResponseCodec.decode(W3CHttpResponseCodec.java:122)
	at org.openqa.selenium.remote.http.W3CHttpResponseCodec.decode(W3CHttpResponseCodec.java:49)
	at org.openqa.selenium.remote.HttpCommandExecutor.execute(HttpCommandExecutor.java:158)
	at org.openqa.selenium.remote.service.DriverCommandExecutor.execute(DriverCommandExecutor.java:83)
	at org.openqa.selenium.remote.RemoteWebDriver.execute(RemoteWebDriver.java:543)
	at org.openqa.selenium.remote.RemoteWebElement.execute(RemoteWebElement.java:276)
	at org.openqa.selenium.remote.RemoteWebElement.isDisplayed(RemoteWebElement.java:317)
	at sun.reflect.GeneratedMethodAccessor1.invoke(Unknown Source)
	at sun.reflect.DelegatingMethodAccessorImpl.invoke(Unknown Source)
	at java.lang.reflect.Method.invoke(Unknown Source)
	at org.openqa.selenium.support.pagefactory.internal.LocatingElementHandler.invoke(LocatingElementHandler.java:51)
	at com.sun.proxy.$Proxy12.isDisplayed(Unknown Source)
	at org.openqa.selenium.support.ui.ExpectedConditions.elementIfVisible(ExpectedConditions.java:315)
	at org.openqa.selenium.support.ui.ExpectedConditions.access$100(ExpectedConditions.java:44)
	at org.openqa.selenium.support.ui.ExpectedConditions$10.apply(ExpectedConditions.java:301)
	at org.openqa.selenium.support.ui.ExpectedConditions$10.apply(ExpectedConditions.java:298)
	at org.openqa.selenium.support.ui.ExpectedConditions$23.apply(ExpectedConditions.java:686)
	at org.openqa.selenium.support.ui.ExpectedConditions$23.apply(ExpectedConditions.java:682)
	at org.openqa.selenium.support.ui.FluentWait.until(FluentWait.java:248)
	at com.focus.Pages.SmokeDCPage.checkDocumentTagsInMaterialReceiptNotes(SmokeDCPage.java:4329)
	at com.focus.testcases.SmokeDCTest.checkDocumentTagsInMaterialReceiptNotes(SmokeDCTest.java:488)
	at sun.reflect.NativeMethodAccessorImpl.invoke0(Native Method)
	at sun.reflect.NativeMethodAccessorImpl.invoke(Unknown Source)
	at sun.reflect.DelegatingMethodAccessorImpl.invoke(Unknown Source)
	at java.lang.reflect.Method.invoke(Unknown Source)
	at org.testng.internal.MethodInvocationHelper.invokeMethod(MethodInvocationHelper.java:86)
	at org.testng.internal.Invoker.invokeMethod(Invoker.java:643)
	at org.testng.internal.Invoker.invokeTestMethod(Invoker.java:820)
	at org.testng.internal.Invoker.invokeTestMethods(Invoker.java:1128)
	at org.testng.internal.TestMethodWorker.invokeTestMethods(TestMethodWorker.java:129)
	at org.testng.internal.TestMethodWorker.run(TestMethodWorker.java:112)
	at org.testng.TestRunner.privateRun(TestRunner.java:782)
	at org.testng.TestRunner.run(TestRunner.java:632)
	at org.testng.SuiteRunner.runTest(SuiteRunner.java:366)
	at org.testng.SuiteRunner.runSequentially(SuiteRunner.java:361)
	at org.testng.SuiteRunner.privateRun(SuiteRunner.java:319)
	at org.testng.SuiteRunner.run(SuiteRunner.java:268)
	at org.testng.SuiteRunnerWorker.runSuite(SuiteRunnerWorker.java:52)
	at org.testng.SuiteRunnerWorker.run(SuiteRunnerWorker.java:86)
	at org.testng.TestNG.runSuitesSequentially(TestNG.java:1244)
	at org.testng.TestNG.runSuitesLocally(TestNG.java:1169)
	at org.testng.TestNG.run(TestNG.java:1064)
	at org.testng.remote.AbstractRemoteTestNG.run(AbstractRemoteTestNG.java:114)
	at org.testng.remote.RemoteTestNG.initAndRun(RemoteTestNG.java:251)
	at org.testng.remote.RemoteTestNG.main(RemoteTestNG.java:77)
]]>
    </error>
  </testcase> <!-- checkDocumentTagsInMaterialReceiptNotes -->
  <testcase name="checkShortageStock" time="37.962" classname="com.focus.testcases.SmokeDCTest"/>
  <testcase name="checkEditLayoutHeaderLoadFieldInPaymentVoucher" time="13.426" classname="com.focus.testcases.SmokeDCTest"/>
  <testcase name="checkEditingTagsMasterSalesOrders" time="38.156" classname="com.focus.testcases.SmokeDCTest"/>
  <testcase name="checkselectingPurchseVoucherFromLoadFieldsDropdownFooterTab" time="2.606" classname="com.focus.testcases.SmokeDCTest"/>
  <testcase name="checkFooterTabApplybuttonintheCreationField" time="2.575" classname="com.focus.testcases.SmokeDCTest"/>
  <testcase name="checkDeleteoptionEditscreeninPurchasevoucher" time="4.749" classname="com.focus.testcases.SmokeDCTest"/>
  <testcase name="checkEditTheReceiptsNewVoucherByDeleteTagOptionInDocumentsTab" time="7.460" classname="com.focus.testcases.SmokeDCTest"/>
  <testcase name="checkDeleteFieldOptionsInReceiptsNewVoucherEditLayoutBody" time="3.954" classname="com.focus.testcases.SmokeDCTest"/>
  <testcase name="checkBudgetOptionsEnableWithSearchOption" time="53.091" classname="com.focus.testcases.SmokeDCTest"/>
  <testcase name="checkSalesOrderVoucherInDocumentCustomization" time="21.798" classname="com.focus.testcases.SmokeDCTest"/>
  <testcase name="checkDocumentTagsInPurchaseVoucher" time="6.717" classname="com.focus.testcases.SmokeDCTest"/>
  <testcase name="checkAddFieldRDInBodyaddingField" time="4.625" classname="com.focus.testcases.SmokeDCTest"/>
  <testcase name="CheckAddFieldInEditLayoutBodyOfReceiptsNewVoucher" time="7.217" classname="com.focus.testcases.SmokeDCTest"/>
  <testcase name="checkFieldDetailsTabOptionsEditLayoutHeader" time="4.355" classname="com.focus.testcases.SmokeDCTest"/>
  <testcase name="checkSavingFieldsinFooterTabEditScreeninPurchaseVoucher" time="3.509" classname="com.focus.testcases.SmokeDCTest"/>
  <testcase name="checkCreatingNewVoucherSalesInvoicVAT" time="56.569" classname="com.focus.testcases.SmokeDCTest"/>
  <testcase name="checkVouchersInLoadMastersOfPaymentNewVoucherType" time="9.665" classname="com.focus.testcases.SmokeDCTest">
    <failure type="java.lang.AssertionError" message="expected [true] but found [false]">
      <![CDATA[java.lang.AssertionError: expected [true] but found [false]
	at org.testng.Assert.fail(Assert.java:94)
	at org.testng.Assert.failNotEquals(Assert.java:513)
	at org.testng.Assert.assertEqualsImpl(Assert.java:135)
	at org.testng.Assert.assertEquals(Assert.java:116)
	at org.testng.Assert.assertEquals(Assert.java:305)
	at org.testng.Assert.assertEquals(Assert.java:315)
	at com.focus.testcases.SmokeDCTest.checkVouchersInLoadMastersOfPaymentNewVoucherType(SmokeDCTest.java:260)
	at sun.reflect.NativeMethodAccessorImpl.invoke0(Native Method)
	at sun.reflect.NativeMethodAccessorImpl.invoke(Unknown Source)
	at sun.reflect.DelegatingMethodAccessorImpl.invoke(Unknown Source)
	at java.lang.reflect.Method.invoke(Unknown Source)
	at org.testng.internal.MethodInvocationHelper.invokeMethod(MethodInvocationHelper.java:86)
	at org.testng.internal.Invoker.invokeMethod(Invoker.java:643)
	at org.testng.internal.Invoker.invokeTestMethod(Invoker.java:820)
	at org.testng.internal.Invoker.invokeTestMethods(Invoker.java:1128)
	at org.testng.internal.TestMethodWorker.invokeTestMethods(TestMethodWorker.java:129)
	at org.testng.internal.TestMethodWorker.run(TestMethodWorker.java:112)
	at org.testng.TestRunner.privateRun(TestRunner.java:782)
	at org.testng.TestRunner.run(TestRunner.java:632)
	at org.testng.SuiteRunner.runTest(SuiteRunner.java:366)
	at org.testng.SuiteRunner.runSequentially(SuiteRunner.java:361)
	at org.testng.SuiteRunner.privateRun(SuiteRunner.java:319)
	at org.testng.SuiteRunner.run(SuiteRunner.java:268)
	at org.testng.SuiteRunnerWorker.runSuite(SuiteRunnerWorker.java:52)
	at org.testng.SuiteRunnerWorker.run(SuiteRunnerWorker.java:86)
	at org.testng.TestNG.runSuitesSequentially(TestNG.java:1244)
	at org.testng.TestNG.runSuitesLocally(TestNG.java:1169)
	at org.testng.TestNG.run(TestNG.java:1064)
	at org.testng.remote.AbstractRemoteTestNG.run(AbstractRemoteTestNG.java:114)
	at org.testng.remote.RemoteTestNG.initAndRun(RemoteTestNG.java:251)
	at org.testng.remote.RemoteTestNG.main(RemoteTestNG.java:77)
]]>
    </failure>
  </testcase> <!-- checkVouchersInLoadMastersOfPaymentNewVoucherType -->
  <testcase name="checkLoadFieldOptionsInMaterialreceiptNotes" time="2.625" classname="com.focus.testcases.SmokeDCTest"/>
  <testcase name="checkCreateNewVoucherOnSelectionOfReceipts" time="12.389" classname="com.focus.testcases.SmokeDCTest"/>
  <testcase name="checkCreatingNewVoucherCreditNotesVAT" time="40.891" classname="com.focus.testcases.SmokeDCTest"/>
  <testcase name="checkEditoptionEditScreeninPurchaseVoucher" time="3.702" classname="com.focus.testcases.SmokeDCTest"/>
</testsuite> <!-- com.focus.testcases.SmokeDCTest -->
